Microsoft (R) Library Manager Version 8.00.50727.762
Copyright (C) Microsoft Corporation.  All rights reserved.

ainitent.obj
c1dba.obj
cuinit.obj
evlrbs.obj
getifl.obj
gtdesc.obj
igsupt.obj
ldir.obj
lmisc.obj
lmodfile.obj
lmparse.obj
lsetdir.obj
m7math3.obj
nauth.obj
nclspc001.obj
nclspf001.obj
nebound.obj
neclosed.obj
necv2.obj
necvfix.obj
necvoffs.obj
negeogn.obj
negeogn1.obj
negeogn4.obj
neglobal.obj
neinit.obj
nelabtbl.obj
nemsfun.obj
nerbsf.obj
nerbsp2.obj
nerd.obj
nerd1.obj
nerevsf.obj
nerevsf1.obj
nesfprim.obj
nesfprim1.obj
nesfsup1.obj
netmp.obj
neub2sup1.obj
neubtoub.obj
neuvcvass.obj
nevolve.obj
nevolve1.obj
nevolvegn.obj
nevolvegn1.obj
nevx.obj
nutil.obj
nutil1.obj
setifl.obj
sfevl2.obj
tigcompar.obj
tigcreat.obj
tigdbsp.obj
tigdrf1.obj
tigdrwt.obj
tigintrf.obj
tigmain.obj
tigmatch.obj
tigmisc.obj
tigmodsp.obj
tigsave.obj
tigsys.obj
tigtrimsf.obj
tigview.obj
tioeval.obj
tioinit.obj
tiomain.obj
tiosgsec.obj
wsntclrbtn.obj
wsntclrcell.obj
wsntclrdlg.obj
wsntdrawbutton.obj
wsnthls.obj
wsnthuesatchooser.obj
wsntlumchooser.obj
wsntpalettectl.obj
wsntpalettewnd.obj
yunibase.obj
tspxform.obj
tspsupt.obj
tspstubs.obj
tspstep.obj
tspmsrf.obj
tspmodals.obj
tspmgeo.obj
tspmdlput.obj
tspmcrv.obj
tspmattr.obj
tsplabel.obj
tsperror.obj
tspdisp.obj
tspdebug.obj
tspconv.obj
supportc.obj
StepPromptDlg.obj
StepOptDlg.obj
StepModalDlg.obj
StepListDlg.obj
stepglobal.obj
StepFiltDlg.obj
stepDlg2.obj
stepDlg.obj
StepAttrDlg.obj
step.obj
