  qeval.c
  qfunc.c
  qinitb.c
  qinitrel.c
  qlang.c
  qlang1.c
  qlang2.c
  qlangio1.c
  qlangio2.c
  qstack.c
  qsymtb.c
  qsymtb1.c
  qsymtb2.c
  qvmatch.c
  c1assoc.c
  c1class.c
  c1class1.c
  c1crv.c
  c1dba.c
  c1selsav.c
  Generating Code...
  Compiling...
  c1srf.c
  c1uclass.c
  c2bstub.c
  cannoin.c
  cappin.c
  cattrin.c
  ccrvin.c
  cdraftin.c
  cgeoin.c
  classtab.c
  classup.c
  cpermsn.c
  crelain.c
  crootin.c
  csolin.c
  csrfin.c
  csupin.c
  ctextin.c
  cuclass.c
  cuinit.c
  Generating Code...
  Compiling...
  cunibin.c
  d1cmdif.c
  d1dopngl.c
  d1drag.c
  d1gkssup.c
  d1iconf.c
  d1indas.c
  d1initd.c
  d1initmu.c
  d1inuim.c
  d1rect.c
  d1rubber.c
  d2auxm.c
  d2das.c
  d2dpl.c
  d2epop.c
  d2getcol.c
  d2hldas.c
  d2hldcd.c
  d2hldpk.c
  Generating Code...
  Compiling...
  d2hldst.c
  d2limds.c
  d2plane.c
  d2popup.c
  d2timsp.c
  d3icnum.c
  d3jump.c
  d3pipe1.c
  d3pipe2.c
  d3pipe3.c
  d3prevt.c
  d3read.c
  d3rp.c
  d3rp1.c
  d3rpsup.c
  d3uims.c
  d3uims2.c
  d3win.c
  d4actfl.c
  d4actfm.c
  Generating Code...
  Compiling...
  d4actfr.c
  d4ckdat.c
  d4datx.c
  d4dvgio.c
  d4form.c
  d4loadf.c
  d4meth.c
  d4meth2.c
  d4prunit.c
  d4pstat.c
  d5calsel.c
  d5dasin.c
  d5filt.c
  d5gtfilt.c
  d5lgio.c
  d5lgsub.c
  d5menu.c
  d5mudsp.c
  d5mufst.c
  d5muin.c
  Generating Code...
  Compiling...
  d5muint.c
  d5munav.c
  d5munav1.c
  d5sel.c
  d5sel1.c
  d5sel2.c
  d5semmch.c
  d5stack.c
  d6dhelp.c
  d6layrn.c
  d6sdeb.c
  d7menu.c
  d7mlayout.c
  daseg.c
  dpikstk.c
  dprint.c
  g3dsup.c
  gansi.c
  garch.c
  garchall.c
  Generating Code...
  Compiling...
  garchio.c
  gatts.c
  gatts2.c
  gatts3.c
  gchchi.c
  gconvert.c
  gctrl.c
  gdcoord.c
  gddev.c
  gddev2.c
  gdtext.c
  genshad.c
  genspan2.c
  gerror.c
  gfind.c
  ginp.c
  ginq.c
  gksftn.c
  glnitr.c
  glnstyle.c
  Generating Code...
  Compiling...
  glnwdt.c
  glsi2.c
  gmat4.c
  gmath.c
  gmedcut.c
  gmedfind.c
  gmedout.c
  gndc.c
  gnintrp.c
  gnout.c
  gout.c
  gout2.c
  gout3.c
  goutfa.c
  gpcoef.c
  gpick.c
  gpick2.c
  gpickras.c
  gpocket.c
  gpolyz.c
  Generating Code...
  Compiling...
  gpow.c
  gqelt.c
  grecre.c
  greflct.c
  grgb.c
  gsavsc.c
  gseg.c
  gsegac.c
  gsegras.c
  gshade.c
  gsqrt.c
  gsren.c
  gtnorm.c
  gtran.c
  gtran2.c
  gtran3.c
  gtran4.c
  gtran5.c
  gtrana.c
  gtranws.c
  Generating Code...
  Compiling...
  gttio.c
  gviw.c
  gviw2.c
  gviw3.c
  gvlib.c
  gwrap.c
  aang.c
  aanggen.c
  aangutl.c
  aarcdata.c
  aarclen.c
  aaroattr.c
  aarrcrv.c
  aarrow.c
  aarrowan.c
  aascdrf.c
  aattrib.c
  aattrtxt.c
  abaseln.c
  aboxsite.c
  Generating Code...
  Compiling...
  acconvt.c
  acenattr.c
  acenter.c
  achain.c
  acpln.c
  adbms.c
  adebug.c
  adefault.c
  adiam.c
  adiamutl.c
  adimattr.c
  adisparc.c
  adisplay.c
  adist.c
  adlattr.c
  adrfclas.c
  adrfinit.c
  aedittxt.c
  aedtxfrm.c
  aextattr.c
  Generating Code...
  Compiling...
  afptol.c
  aginqsal.c
  aiboxarc.c
  ainitent.c
  airel.c
  alabel.c
  aldimutl.c
  aleader.c
  alindata.c
  alinear.c
  allattr.c
  amclospt.c
  amdrfsup.c
  amenu.c
  amnptent.c
  amoddim.c
  anoteutl.c
  apledit.c
  apllab.c
  apllab1.c
  Generating Code...
  Compiling...
  apltbl.c
  apltbl1.c
  apltbl2.c
  apolar.c
  aradius.c
  aregen.c
  arepangdim.c
  arepeatdim.c
  arotpt.c
  asadas.c
  asalgks.c
  asctext.c
  ascutil.c
  asdas.c
  asgetenv.c
  aspattr.c
  aspop.c
  asstring.c
  asubfs.c
  aswapstd.c
  Generating Code...
  Compiling...
  aswrite.c
  atolattr.c
  atxtauto.c
  atxtcom.c
  atxtdba.c
  atxtdrw.c
  atxtedit.c
  atxtfrm.c
  atxtinit.c
  atxtnote.c
  atxtutl.c
  autility.c
  axhatch.c
  axhatch2.c
  axhclas.c
  axhcsup.c
  axhdigs.c
  axhform.c
  axhint.c
  f2line.c
  Generating Code...
  Compiling...
  f3circle.c
  f4conic.c
  f5comp.c
  f6spline.c
  f7spline.c
  f8solid.c
  farrow.c
  feacalc.c
  feacoord.c
  feainit.c
  feamain.c
  feapick.c
  feareal.c
  feareset.c
  feasub.c
  feavect.c
  jauto.c
  jfmgt.c
  jmisc.c
  jpentbf.c
  Generating Code...
  Compiling...
  jplotfrm.c
  jplotit.c
  jplotsz.c
  jquery.c
  jreadmu.c
  jsignonf.c
  jtrcback.c
  jtuto.c
  juquery.c
  imouse3.c
  ipuck4.c
  iunihep.c
  ltermio.c
  nmodfy.c
  zapphep.c
  zappinit.c
  zmisc.c
  znuinit.c
  zrp.c
  zsaxgrid.c
  Generating Code...
  Compiling...
  zsdraft.c
  zsedit.c
  zsflmgmt.c
  zsnclmotn.c
  zsselect.c
  zssurfac.c
  zssymmgt.c
  zstat.c
  zstat2.c
  zsview.c
  zuni.c
  zusercalls.c
  zuserkeys.c
  zwntcalls.c
  m1mcrv.c
  m1romenu.c
  m1romini.c
  m2calcf.c
  m2dasup1.c
  m2dasup2.c
  Generating Code...
  Compiling...
  m2dasup3.c
  m2dasup4.c
  m2dba.c
  m2dba2.c
  m2debmdl.c
  m2delete.c
  m2dynmem.c
  m2egen.c
  m2einit.c
  m2eirel.c
  m2elabel.c
  m2elight.c
  m2epop.c
  m2etran.c
  m2eval.c
  m2geom.c
  m2global.c
  m2iattr.c
  m2icolor.c
  m2ilayer.c
  Generating Code...
  Compiling...
  m2init.c
  m2lnwid.c
  m2query.c
  m2savld.c
  m2scroll.c
  m2stubs.c
  m2test.c
  m2uanaly.c
  m2uattr.c
  m2uattrf.c
  m2ucolor.c
  m2udislv.c
  m2ulabel.c
  m2ulayer.c
  m2ulight.c
  m2umodal.c
  m2upjpln.c
  m2ursurf.c
  m2vxcntl.c
  m3eccs.c
  Generating Code...
  Compiling...
  m3ecirc1.c
  m3ecirc2.c
  m3ecirc3.c
  m3ecirc4.c
  m3ecirc5.c
  m3ecirc6.c
  m3ecn1.c
  m3ecn2.c
  m3ecn3.c
  m3ecomp.c
  m3ecomp1.c
  m3ecomp2.c
  m3ecomp3.c
  m3ecpln1.c
  m3ecpln2.c
  m3edash.c
  m3eextr.c
  m3efilet.c
  m3egrid.c
  m3egroup.c
  Generating Code...
  Compiling...
  m3eline.c
  m3eline1.c
  m3eline2.c
  m3eplin.c
  m3epoly.c
  m3ept.c
  m3espan.c
  m3espline.c
  m3etrim.c
  m3etrim1.c
  m3evect.c
  m3icirc1.c
  m3icn1.c
  m3icn2.c
  m3icomp.c
  m3idaxis.c
  m3iptbtw.c
  m3multi.c
  m3ucirc1.c
  m3ucirc2.c
  Generating Code...
  Compiling...
  m3ucirc3.c
  m3ucirc4.c
  m3ucirc5.c
  m3ucn1.c
  m3ucn2.c
  m3ucn3.c
  m3ucn4.c
  m3ucomp.c
  m3ucomp1.c
  m3ucpln.c
  m3udaxis.c
  m3uextr.c
  m3ufilet.c
  m3ugroup.c
  m3uline.c
  m3umgeom.c
  m3uplin.c
  m3upoly.c
  m3upt.c
  m3upt1.c
  Generating Code...
  Compiling...
  m3utrim.c
  m3utrim1.c
  m4bndry.c
  m4bndry1.c
  m4bndry2.c
  m4cvio.c
  m4e2da.c
  m4ebsc.c
  m4ecrv0.c
  m4ecrv1.c
  m4ecrv2.c
  m4ecrv3.c
  m4ecrv5.c
  m4ecvsf.c
  m4edas.c
  m4edba.c
  m4enptent.c
  m4epop.c
  m4erbsc.c
  m4esavld.c
  Generating Code...
  Compiling...
  m4evcrv.c
  m4i2dcvh.c
  m4ibasis.c
  m4ibsc.c
  m4iconv.c
  m4icrv1.c
  m4ioslo.c
  m4ioslo1.c
  m4ioslo2.c
  m4ipcvh.c
  m4isect.c
  m4isect1.c
  m4ucrv.c
  m4utol.c
  m5econv.c
  m5ecrv.c
  m5edba.c
  m5edraft.c
  m5esrf.c
  m5esrf1.c
  Generating Code...
  Compiling...
  m5ioslo.c
  m5ioslo1.c
  m5uattr.c
  m5usrf2.c
  m6edas.c
  m6edba.c
  m6edraft.c
  m6esh1.c
  m6ish1.c
  m6ishell.c
  m7geom.c
  m7geom1.c
  m7math1.c
  m7math2.c
  m7math2d.c
  m7math3.c
  m7mathc.c
  m7mathco.c
  m7mathco1.c
  m7mathev.c
  Generating Code...
  Compiling...
  m7mathmx.c
  m7mathtf.c
  m7mathvc.c
  m8ersol1.c
  m8ersol2.c
  m8ifit1.c
  m8irsol1.c
  m8irsol4.c
  m8irsol6.c
  m8irsol7.c
  m8stubs.c
  m8ursol4.c
  m9edrf.c
  m9edrw.c
  m9edrw2.c
  m9edrw3.c
  m9eplot.c
  m9epocket.c
  m9eproj.c
  m9eview.c
  Generating Code...
  Compiling...
  m9eview1.c
  m9udrw1.c
  m9udrw2.c
  m9udrw3.c
  m9udrw4.c
  m9udrwf.c
  m9uview.c
  mipv.c
  mmsmathf.c
  mtessel.c
  bowtie.c
  dunits.c
  n2dba.c
  n2query.c
  n2uattr.c
  nauth.c
  nbatch.c
  ncalculator.c
  nclclass.c
  nclclip.c
  Generating Code...
  Compiling...
  nclresize.c
  nclsig.c
  nclspc001.c
  nclxcatia.c
  neagcnv.c
  neanalyze.c
  neanalyze1.c
  neattr.c
  neauth.c
  nebound.c
  nebound1.c
  neboundary.c
  neboundary1.c
  nebox.c
  nebucket.c
  necatia.c
  necattr.c
  necdraw.c
  necdraw1.c
  necdraw2.c
  Generating Code...
  Compiling...
  necirc.c
  neclass.c
  neclfile.c
  neclosed.c
  necmd.c
  necolors.c
  necrcv.c
  necrsf.c
  necurpb.c
  necutdis.c
  necutprof.c
  necutsym.c
  necutsym2.c
  necv.c
  necv2.c
  necvfix.c
  necvio.c
  necvlev.c
  necvoffs.c
  necvsup.c
  Generating Code...
  Compiling...
  necvsup1.c
  nedas.c
  nedasif.c
  nedasif1.c
  nedata.c
  nedatastmt.c
  nedisplst.c
  nedrawcut.c
  nedrawcut1.c
  nedrawcut2.c
  nedrvcrv.c
  neeval.c
  neevlent.c
  nefmill.c
  nefmill1.c
  nefmill2.c
  nefmill3.c
  negeodbg.c
  negeogn.c
  negeogn1.c
  Generating Code...
  Compiling...
  negeogn2.c
  negeogn3.c
  negeogn4.c
  negetbox.c
  negfauto.c
  neglobal.c
  negtrec.c
  neifelse.c
  neinit.c
  neirel.c
  nelabel.c
  nelabtbl.c
  neln.c
  nemcdcnv.c
  nemesh.c
  nemodsys.c
  nemot.c
  nemotattr.c
  nemotcut.c
  nemotdraw.c
  Generating Code...
  Compiling...
  nemotpb.c
  nemotpb1.c
  nemotstk.c
  nemotsup.c
  nemotws.c
  nemsfun.c
  nemx.c
  nenetsf.c
  nepick.c
  nepick1.c
  nepl.c
  nepmill.c
  nepn.c
  nepocket.c
  nepocket2.c
  nepocket3.c
  nepocket4.c
  neprofil.c
  neproj.c
  neproj0.c
  Generating Code...
  Compiling...
  neproj1.c
  neproj2.c
  neproj3.c
  neproj4.c
  nepsegs0.c
  nepsmult.c
  nepsmult1.c
  nept.c
  nepv.c
  nequilt.c
  neranfl.c
  nerbsf.c
  nerbsp.c
  nerbsp2.c
  nerd.c
  nerd1.c
  nerefsys.c
  neretrim.c
  neretrim1.c
  nerevsf.c
  Generating Code...
  Compiling...
  nerevsf1.c
  nescalar.c
  nescalar2.c
  nescratch.c
  nesequnc.c
  nesf.c
  nesf2.c
  nesfbuild.c
  nesfprim.c
  nesfprim1.c
  nesfsup.c
  nesfsup1.c
  neshade.c
  nesimulate.c
  neskylst.c
  nesmclpath.c
  nesmedge.c
  nesmill.c
  nesmouse.c
  nesmutil.c
  Generating Code...
  Compiling...
  nesolid.c
  nesolid1.c
  nesolid2.c
  nesolid3.c
  nesrc.c
  nesrcctl.c
  nestubs.c
  nesupt.c
  nesupt1.c
  nesupt2.c
  nesuptoml.c
  netessel.c
  netessmgr.c
  netextvar.c
  netmp.c
  netoler.c
  netoolib.c
  netrimsf.c
  netrimsf1.c
  netrimsf2.c
  Generating Code...
  Compiling...
  neub2sup.c
  neub2sup1.c
  neubtoub.c
  neunibas.c
  neuvcvass.c
  neve.c
  neview.c
  nevolve.c
  nevolve1.c
  nevolvegn.c
  nevolvegn1.c
  nevx.c
  nevxmac.c
  nevxsup.c
  newatbase.c
  newatcir.c
  newatcon.c
  newaterln.c
  newaterln1.c
  newaterln2.c
  Generating Code...
  Compiling...
  newatmain.c
  newatover.c
  newatstk.c
  newind.c
  nget.c
  nget1.c
  ngtimx.c
  npltmot.c
  nput.c
  nsecondu.c
  nshape.c
  ntlattr.c
  nu5sel.c
  nuanalyze.c
  nuarcslp.c
  nucattr.c
  nuci.c
  nuclone.c
  nucntl.c
  nucontour.c
  Generating Code...
  Compiling...
  nucutr.c
  nucutr1.c
  nucv.c
  nucv1.c
  nudata.c
  nudisplay.c
  nudrw.c
  nuedits.c
  nuengrave.c
  nuerase.c
  nufedrat.c
  nufile.c
  nufilet.c
  nufmill.c
  nugo.c
  nugodlta.c
  nugoto.c
  nulabel.c
  nulathe.c
  nulaydef.c
  Generating Code...
  Compiling...
  nuln.c
  numacdyn.c
  numenu.c
  numisc.c
  numodals.c
  numodsys.c
  numot.c
  numotion.c
  numotsup.c
  numove.c
  numx.c
  nunotes.c
  nupl.c
  nupmill.c
  nupn.c
  nupocket.c
  nupocket1.c
  nupocket2.c
  nupokmod.c
  nuprofil.c
  Generating Code...
  Compiling...
  nuprog.c
  nuproj.c
  nupt.c
  nupv.c
  nurbsp.c
  nuredef.c
  nurefsys.c
  nuremove.c
  nurevers.c
  nurmill.c
  nusf.c
  nusf1.c
  nusf2.c
  nush.c
  nusmill.c
  nusolid.c
  nusolid1.c
  nusystem.c
  nutestcase.c
  nutil.c
  Generating Code...
  Compiling...
  nutil1.c
  nutlaxis.c
  nutlcalc.c
  nuunits.c
  nuve.c
  nuview.c
  nuvmill.c
  nuvmill1.c
  nuvmpmod.c
  nuwrap.c
  nuzsurf.c
  trimsup.c
  nclxuser.c
  yclfile.c
  ydebuga.c
  ydebugb.c
  ydebugc.c
  yfortran.c
  ymdlattrib.c
  ymdlget.c
  Generating Code...
  Compiling...
  ymdlput.c
  ymodel.c
  ymotion.c
  ymotmdl.c
  ymotrtn.c
  ymotsup.c
  yunibase.c
  yuser.c
  hostid_nt.c
  pwdtim.c
  badd2.c
  bautoup.c
  bcondba.c
  bconect.c
  bconinit.c
  bconinst.c
  bdebug.c
  bdrwsym.c
  beimanip.c
  bfrmcolr.c
  Generating Code...
  Compiling...
  bidrag.c
  bimgeomc.c
  bimktype.c
  binstance.c
  bipload.c
  bmlib.c
  bpermsn.c
  bquery.c
  bsavsym.c
  bsymasoc.c
  bsymfrm.c
  buask.c
  buconect.c
  buexplod.c
  bumdata.c
  bumlib.c
  bummanip.c
  bumsymc.c
  bupload.c
  busnode.c
  Generating Code...
  Compiling...
  bxdba.c
  bxinit.c
  bxmanip.c
  bxtf.c
  last.c
  ldir.c
  ldisplay.c
  linit.c
  lipv.c
  lipv1.c
  lipvassem.c
  lipvaxis.c
  lipvcmd.c
  lipvcmd1.c
  lipvcolor.c
  lipvcomp.c
  lipvdiag.c
  lipvdiag1.c
  lipvdisp.c
  lipvlight.c
  Generating Code...
  Compiling...
  lipvmach.c
  lipvmach1.c
  lipvmach2.c
  lipvmach3.c
  lipvmach4.c
  lipvmeas.c
  lipvmod.c
  lipvmodals.c
  lipvmot.c
  lipvmotstk.c
  lipvmotstk1.c
  lipvmotsup.c
  lipvmsl.c
  lipvplay.c
  lipvregion.c
  lipvsess.c
  lipvstk.c
  lipvstk1.c
  lipvstk2.c
  lipvstkmod.c
  Generating Code...
  Compiling...
  lipvstubs.c
  lipvsup.c
  lipvtool.c
  lipvview.c
  lipvview2.c
  lmiconf.c
  lmisc.c
  lmodals.c
  lmodals1.c
  lmodfile.c
  lmparse.c
  lncl.c
  lsession1.c
  lsession2.c
  lsetdir.c
  lsignon.c
  lubatch.c
  lufile.c
  lusystem.c
  lutape.c
  Generating Code...
  Compiling...
  luutil.c
  lverify.c
  lverify1.c
  lverify2.c
  lwindow.c
  r1eassoc.c
  r1emsgpk.c
  r1esched.c
  r1isched.c
  reascsup.c
  reasenv.c
  reasp.c
  recd.c
  recdd.c
  reda.c
  redat.c
  redatdct.c
  reddv.c
  redmpent.c
  redmpevt.c
  Generating Code...
  Compiling...
  redmpmdl.c
  redtr.c
  redu.c
  redva.c
  reeas.c
  reenvin.c
  reenvlod.c
  reenvout.c
  reenvsav.c
  refad.c
  regas.c
  regavm.c
  reglmk.c
  regnak.c
  regndk.c
  regnk.c
  regnndk.c
  regnodk.c
  regnsak.c
  regtc.c
  Generating Code...
  Compiling...
  regvm.c
  reia.c
  reidr.c
  reir.c
  reitr.c
  reiu.c
  relp01.c
  relp02.c
  relp03.c
  relp04.c
  remembrp.c
  remo.c
  reoralod.c
  reorasav.c
  reoratri.c
  reoratro.c
  reparse.c
  reprterr.c
  rera.c
  rerad.c
  Generating Code...
  Compiling...
  reradv.c
  rerd.c
  rerdf.c
  rerdr.c
  rerds.c
  rerdv.c
  rere.c
  rerecenv.c
  rerp.c
  rerra.c
  rerrn.c
  rertr.c
  reru.c
  rervk.c
  resad.c
  resd.c
  resdm.c
  resdtr.c
  resp01.c
  resp02.c
  Generating Code...
  Compiling...
  resp03.c
  resp04.c
  resp04c.c
  ress.c
  reswap.c
  retouch.c
  reua.c
  reuadv.c
  reud.c
  reudf.c
  reuds.c
  reudv.c
  reue.c
  reundo.c
  reunread.c
  reup10000.c
  reup10100.c
  reup8103.c
  reup8105.c
  reup8200.c
  Generating Code...
  Compiling...
  reup8250.c
  reup8400.c
  reup8500.c
  reup9100.c
  reup9200.c
  reup9300.c
  reup9400.c
  reup9600.c
  reup9700.c
  reup9900.c
  reupdate.c
  reura.c
  reutr.c
  reuu.c
  reuvk.c
  riaal.c
  riart.c
  ricfk.c
  rics.c
  rict.c
  Generating Code...
  Compiling...
  ridal.c
  ridelsup.c
  ridma.c
  ridmppcs.c
  ridrt.c
  ridt.c
  ridtv.c
  rieatcom.c
  rienvtab.c
  rifdstk.c
  rifdt.c
  rifndoff.c
  rifndsiz.c
  rigetaln.c
  rigetdig.c
  rigettok.c
  riglpp.c
  riglti.c
  rignnti.c
  rignot.c
  Generating Code...
  Compiling...
  rignti.c
  rigtp.c
  rigvp.c
  rik2rt.c
  rilp02a.c
  rilrgpw2.c
  rimkpstr.c
  rinewmod.c
  rinewpag.c
  rinotify.c
  rioradel.c
  rioraerr.c
  rioraini.c
  rioraiss.c
  riorasss.c
  riparerr.c
  riparse1.c
  rird1ent.c
  rirdatms.c
  rirdents.c
  Generating Code...
  Compiling...
  rirdenv.c
  rirdrcb.c
  rirdtk.c
  riread1d.c
  riretmem.c
  rirma.c
  rirt.c
  rirt2k.c
  rirtavi.c
  rirtv.c
  risp02a.c
  ritotype.c
  riualf.c
  riualv.c
  riudtk.c
  riuma.c
  riut.c
  riutv.c
  riuvi.c
  riwt1ent.c
  Generating Code...
  Compiling...
  riwtatms.c
  riwtatms1.c
  riwtents.c
  riwtenv.c
  riwtrcb.c
  rixk.c
  rixmf.c
  rixpand.c
  rizk.c
  rmattrdd.c
  rmdraw.c
  rmlabddl.c
  rriddl.c
  rtpltst.c
  rulp.c
  rurp.c
  rusp.c
  uadok.c
  uagetenv.c
  uapgeo.c
  Generating Code...
  Compiling...
  ub2it.c
  ubits.c
  ubread.c
  ubrent.c
  ubwrite.c
  ucompb.c
  uctofor.c
  udebug.c
  udebug1.c
  udisplay.c
  uerror.c
  ufillb.c
  ugetopt.c
  uhash.c
  uiarray.c
  uio.c
  uit2b.c
  ulist.c
  ulists.c
  umainc.c
  Generating Code...
  Compiling...
  umoveb.c
  umsg2stg.c
  unicad.c
  unidone.c
  uniinit.c
  unserve.c
  upostmsg.c
  uqsort.c
  ustrtok.c
  utilinit.c
  utime.c
  utlaloc.c
  uversion.c
  uwinproc.c
  vconv.c
  vdd1init.c
  vdefvw.c
  vedba.c
  vedebug.c
  vedraw.c
  Generating Code...
  Compiling...
  vedynstep.c
  vedynvw.c
  vescreen.c
  veview.c
  vevport.c
  viinit.c
  virel.c
  vudebug.c
  vudynvw.c
  vuscreen.c
  vuview1.c
  vuview2.c
  vuview3.c
  vwindow.c
  wsglfun.c
  wsglmsfun.c
  wsglmx2.c
  wsglout2.c
  wsgltrk2.c
  wsglwin.c
  Generating Code...
  Compiling...
  xe1gtenv.c
  xe1paths.c
  xf0udos0.c
  xf1farea.c
  xf1files.c
  xuf1logf.c
  xuf2libs.c
  xuf2list.c
  sdelay.c
  sdoprnt.c
  sdoscan.c
  signal.c
  sindex.c
  smalloc.c
  wsgifsave.c
  wsglatt.c
  wsgldyn.c
  wsglinit.c
  wsglmx.c
  wsglout.c
  Generating Code...
  Compiling...
  wsglout1.c
  wsglpik.c
  wsglprint.c
  wsglseg.c
  wsglshade.c
  wsgltran.c
  wsgltrk.c
  wsimgcnv.c
  wsntapp.c
  wsntdum.c
  wsntpocket.c
  wsntsignon.c
  wsntsmouse.c
  Generating Code...
  nevmill.cpp
  wsntbmpbtn.cpp
  wsntclrbtn.cpp
  wsntclrcell.cpp
  wsntclrdlg.cpp
  wsntcmdbar.cpp
  wsntcursor.cpp
  wsntDDButton.cpp
  wsntDDclrbtn.cpp
  wsntDDCombo.cpp
  wsntDDEdit.cpp
  wsntDDform.cpp
  wsntDDgroup.cpp
  wsntDDListBox.cpp
  wsntDDlstctl.cpp
  wsntDDlstctl2.cpp
  wsntDDpic.cpp
  wsntDDProcess.cpp
  wsntDDSlider.cpp
  wsntDDStatic.cpp
  Generating Code...
  Compiling...
  wsntdrawbutton.cpp
  wsntdropsource.cpp
  wsntdroptarget.cpp
  wsnteditctl.cpp
  wsntFdsnFrm.cpp
  wsntFdsnView.cpp
  wsntfile.cpp
  wsntformbar.cpp
  wsntformfrm.cpp
  wsntformFview.cpp
  wsntformMview.cpp
  wsntFormProp.cpp
  wsntformPview.cpp
  wsntformview.cpp
  wsntfrmdoc.cpp
  wsntfsview.cpp
  wsntgettxt.cpp
  wsntgettxt2.cpp
  wsntgphwin.cpp
  wsntgraphic.cpp
  Generating Code...
  Compiling...
  wsntheaderctrl.cpp
  wsnthls.cpp
  wsnthuesatchooser.cpp
  wsntIconListBox.cpp
  wsntlstctl.cpp
  wsntlstctl2.cpp
  wsntlumchooser.cpp
  wsntmdroptarget.cpp
  wsntmdroptarget2.cpp
  wsntmenudsndlg.cpp
  wsntmmap.cpp
  wsntModalFrame.cpp
  wsntNCLButton.cpp
  wsntpalettectl.cpp
  wsntpalettewnd.cpp
  wsntpicsel.cpp
  wsntsecbtn.cpp
  wsntsecprop.cpp
  wsntSliderCtrl.cpp
  wsntstatbtn.cpp
  Generating Code...
  Compiling...
  wsntStatusBar.cpp
  wsnttblst.cpp
  wsnttooltip.cpp
  wshdibapi.cpp
  wsncldockbar.cpp
  wsncldockframe.cpp
  wsnclframe.cpp
  wsncltoolbar.cpp
  wsntarea.cpp
  wsntbitmap.cpp
  wsntcfun.cpp
  wsntctl.cpp
  wsntdir.cpp
  wsntdlgbar.cpp
  wsntdlgitem.cpp
  wsntdoc.cpp
  wsntdockcont.cpp
  wsntdynint.cpp
  wsntevent.cpp
  wsntform.cpp
  Generating Code...
  Compiling...
  wsntform2.cpp
  wsntframe.cpp
  wsntlay.cpp
  wsntmdesgn.cpp
  wsntmenu.cpp
  wsntopt.cpp
  wsntpktwin.cpp
  wsntpmenu.cpp
  wsnttmenu.cpp
  wsnttrm.cpp
  wsnttxtwin.cpp
  wsntview.cpp
  Generating Code...
     Creating library .\Debug\Ncl.lib and object .\Debug\Ncl.exp
  Ncl.vcxproj -> C:\ncl2019_2\src\.\Debug\Ncl.exe
