C:\ncl2019_2\src\Debug\acibci.obj
C:\ncl2019_2\src\Debug\acibln.obj
C:\ncl2019_2\src\Debug\alnbci.obj
C:\ncl2019_2\src\Debug\altcom.obj
C:\ncl2019_2\src\Debug\angcal.obj
C:\ncl2019_2\src\Debug\aptcl.obj
C:\ncl2019_2\src\Debug\aptsrc.obj
C:\ncl2019_2\src\Debug\ascrub.obj
C:\ncl2019_2\src\Debug\asnlun.obj
C:\ncl2019_2\src\Debug\assgn.obj
C:\ncl2019_2\src\Debug\atan2f.obj
C:\ncl2019_2\src\Debug\barseg.obj
C:\ncl2019_2\src\Debug\basesf.obj
C:\ncl2019_2\src\Debug\batch.obj
C:\ncl2019_2\src\Debug\beginp.obj
C:\ncl2019_2\src\Debug\begpas.obj
C:\ncl2019_2\src\Debug\bentst.obj
C:\ncl2019_2\src\Debug\berr.obj
C:\ncl2019_2\src\Debug\bscrub.obj
C:\ncl2019_2\src\Debug\bsfpre.obj
C:\ncl2019_2\src\Debug\buildn.obj
C:\ncl2019_2\src\Debug\callit.obj
C:\ncl2019_2\src\Debug\calrst.obj
C:\ncl2019_2\src\Debug\canf.obj
C:\ncl2019_2\src\Debug\cctrn.obj
C:\ncl2019_2\src\Debug\char.obj
C:\ncl2019_2\src\Debug\chkent.obj
C:\ncl2019_2\src\Debug\chkinp.obj
C:\ncl2019_2\src\Debug\chklab.obj
C:\ncl2019_2\src\Debug\chkpts.obj
C:\ncl2019_2\src\Debug\chkvoc.obj
C:\ncl2019_2\src\Debug\chkzsf.obj
C:\ncl2019_2\src\Debug\chr2int.obj
C:\ncl2019_2\src\Debug\chr2real.obj
C:\ncl2019_2\src\Debug\cidist.obj
C:\ncl2019_2\src\Debug\cintck.obj
C:\ncl2019_2\src\Debug\cirapt.obj
C:\ncl2019_2\src\Debug\cirbld.obj
C:\ncl2019_2\src\Debug\circpt.obj
C:\ncl2019_2\src\Debug\circpv.obj
C:\ncl2019_2\src\Debug\cirdef.obj
C:\ncl2019_2\src\Debug\cirpnt.obj
C:\ncl2019_2\src\Debug\cirpre.obj
C:\ncl2019_2\src\Debug\cirprg.obj
C:\ncl2019_2\src\Debug\cirprh.obj
C:\ncl2019_2\src\Debug\cirpri.obj
C:\ncl2019_2\src\Debug\cirprj.obj
C:\ncl2019_2\src\Debug\cirrec.obj
C:\ncl2019_2\src\Debug\clcept.obj
C:\ncl2019_2\src\Debug\clfile.obj
C:\ncl2019_2\src\Debug\clnssf.obj
C:\ncl2019_2\src\Debug\clone.obj
C:\ncl2019_2\src\Debug\clput.obj
C:\ncl2019_2\src\Debug\clword.obj
C:\ncl2019_2\src\Debug\condif.obj
C:\ncl2019_2\src\Debug\conent.obj
C:\ncl2019_2\src\Debug\conpre.obj
C:\ncl2019_2\src\Debug\contck.obj
C:\ncl2019_2\src\Debug\convert.obj
C:\ncl2019_2\src\Debug\convid.obj
C:\ncl2019_2\src\Debug\convpt.obj
C:\ncl2019_2\src\Debug\convtk.obj
C:\ncl2019_2\src\Debug\copy1.obj
C:\ncl2019_2\src\Debug\copy2.obj
C:\ncl2019_2\src\Debug\crvbld.obj
C:\ncl2019_2\src\Debug\crvcls.obj
C:\ncl2019_2\src\Debug\crvevl.obj
C:\ncl2019_2\src\Debug\crvfit.obj
C:\ncl2019_2\src\Debug\crvgen.obj
C:\ncl2019_2\src\Debug\crvgn1.obj
C:\ncl2019_2\src\Debug\crvlen.obj
C:\ncl2019_2\src\Debug\crvpnt.obj
C:\ncl2019_2\src\Debug\crvpre.obj
C:\ncl2019_2\src\Debug\csdist.obj
C:\ncl2019_2\src\Debug\csrel.obj
C:\ncl2019_2\src\Debug\csrelx.obj
C:\ncl2019_2\src\Debug\cssurf.obj
C:\ncl2019_2\src\Debug\curnam.obj
C:\ncl2019_2\src\Debug\curvpv.obj
C:\ncl2019_2\src\Debug\cutget.obj
C:\ncl2019_2\src\Debug\cutool.obj
C:\ncl2019_2\src\Debug\cutool2.obj
C:\ncl2019_2\src\Debug\cutseg.obj
C:\ncl2019_2\src\Debug\cvepts.obj
C:\ncl2019_2\src\Debug\cveval.obj
C:\ncl2019_2\src\Debug\cvgide.obj
C:\ncl2019_2\src\Debug\cvintx.obj
C:\ncl2019_2\src\Debug\cvio.obj
C:\ncl2019_2\src\Debug\cvofst.obj
C:\ncl2019_2\src\Debug\cvofwf.obj
C:\ncl2019_2\src\Debug\cvp.obj
C:\ncl2019_2\src\Debug\cvsfsd.obj
C:\ncl2019_2\src\Debug\cycman.obj
C:\ncl2019_2\src\Debug\cylman.obj
C:\ncl2019_2\src\Debug\cylpre.obj
C:\ncl2019_2\src\Debug\dbcall.obj
C:\ncl2019_2\src\Debug\dbchk.obj
C:\ncl2019_2\src\Debug\dbclos.obj
C:\ncl2019_2\src\Debug\dbfind.obj
C:\ncl2019_2\src\Debug\dbfn.obj
C:\ncl2019_2\src\Debug\dbgent.obj
C:\ncl2019_2\src\Debug\dbgmsh.obj
C:\ncl2019_2\src\Debug\dbgnsf.obj
C:\ncl2019_2\src\Debug\dbgqlt.obj
C:\ncl2019_2\src\Debug\dbgssf.obj
C:\ncl2019_2\src\Debug\dbmain.obj
C:\ncl2019_2\src\Debug\dbpent.obj
C:\ncl2019_2\src\Debug\dbpmsh.obj
C:\ncl2019_2\src\Debug\dbpnsf.obj
C:\ncl2019_2\src\Debug\dbpqlt.obj
C:\ncl2019_2\src\Debug\dbpssf.obj
C:\ncl2019_2\src\Debug\dbshow.obj
C:\ncl2019_2\src\Debug\dbstor.obj
C:\ncl2019_2\src\Debug\dcrvpt.obj
C:\ncl2019_2\src\Debug\debuger.obj
C:\ncl2019_2\src\Debug\debugi.obj
C:\ncl2019_2\src\Debug\debugm.obj
C:\ncl2019_2\src\Debug\decclr.obj
C:\ncl2019_2\src\Debug\declan.obj
C:\ncl2019_2\src\Debug\declbl.obj
C:\ncl2019_2\src\Debug\declci.obj
C:\ncl2019_2\src\Debug\declcv.obj
C:\ncl2019_2\src\Debug\declln.obj
C:\ncl2019_2\src\Debug\declmx.obj
C:\ncl2019_2\src\Debug\declnf.obj
C:\ncl2019_2\src\Debug\declpl.obj
C:\ncl2019_2\src\Debug\declpn.obj
C:\ncl2019_2\src\Debug\declpt.obj
C:\ncl2019_2\src\Debug\declpv.obj
C:\ncl2019_2\src\Debug\declsf.obj
C:\ncl2019_2\src\Debug\declsh.obj
C:\ncl2019_2\src\Debug\declso.obj
C:\ncl2019_2\src\Debug\declss.obj
C:\ncl2019_2\src\Debug\declsy.obj
C:\ncl2019_2\src\Debug\declve.obj
C:\ncl2019_2\src\Debug\decmac.obj
C:\ncl2019_2\src\Debug\defnam.obj
C:\ncl2019_2\src\Debug\delgeo.obj
C:\ncl2019_2\src\Debug\dellns.obj
C:\ncl2019_2\src\Debug\dispcv.obj
C:\ncl2019_2\src\Debug\displq.obj
C:\ncl2019_2\src\Debug\disply.obj
C:\ncl2019_2\src\Debug\dispmx.obj
C:\ncl2019_2\src\Debug\disppl.obj
C:\ncl2019_2\src\Debug\dispsf.obj
C:\ncl2019_2\src\Debug\dist.obj
C:\ncl2019_2\src\Debug\dlen.obj
C:\ncl2019_2\src\Debug\dnarrw.obj
C:\ncl2019_2\src\Debug\dodata.obj
C:\ncl2019_2\src\Debug\domode.obj
C:\ncl2019_2\src\Debug\domove.obj
C:\ncl2019_2\src\Debug\dotext.obj
C:\ncl2019_2\src\Debug\dotf.obj
C:\ncl2019_2\src\Debug\draft.obj
C:\ncl2019_2\src\Debug\draft1.obj
C:\ncl2019_2\src\Debug\draft2.obj
C:\ncl2019_2\src\Debug\draft3.obj
C:\ncl2019_2\src\Debug\driver.obj
C:\ncl2019_2\src\Debug\drvwir.obj
C:\ncl2019_2\src\Debug\drwent.obj
C:\ncl2019_2\src\Debug\dsbarl.obj
C:\ncl2019_2\src\Debug\dspcut.obj
C:\ncl2019_2\src\Debug\dsplcc.obj
C:\ncl2019_2\src\Debug\dsplge.obj
C:\ncl2019_2\src\Debug\dsplpn.obj
C:\ncl2019_2\src\Debug\dsplsf.obj
C:\ncl2019_2\src\Debug\dsplsh.obj
C:\ncl2019_2\src\Debug\dspmev.obj
C:\ncl2019_2\src\Debug\dspmsh.obj
C:\ncl2019_2\src\Debug\dspssf.obj
C:\ncl2019_2\src\Debug\dsrel.obj
C:\ncl2019_2\src\Debug\dsrelx.obj
C:\ncl2019_2\src\Debug\dstrcc.obj
C:\ncl2019_2\src\Debug\dstrge.obj
C:\ncl2019_2\src\Debug\echk.obj
C:\ncl2019_2\src\Debug\endpas.obj
C:\ncl2019_2\src\Debug\entcpy.obj
C:\ncl2019_2\src\Debug\errcal.obj
C:\ncl2019_2\src\Debug\error.obj
C:\ncl2019_2\src\Debug\errpol.obj
C:\ncl2019_2\src\Debug\ersall.obj
C:\ncl2019_2\src\Debug\eval.obj
C:\ncl2019_2\src\Debug\evlrbs.obj
C:\ncl2019_2\src\Debug\expnam.obj
C:\ncl2019_2\src\Debug\expres.obj
C:\ncl2019_2\src\Debug\exprs2.obj
C:\ncl2019_2\src\Debug\farslp.obj
C:\ncl2019_2\src\Debug\filchk.obj
C:\ncl2019_2\src\Debug\fillet.obj
C:\ncl2019_2\src\Debug\fillin.obj
C:\ncl2019_2\src\Debug\filmod.obj
C:\ncl2019_2\src\Debug\filmsc.obj
C:\ncl2019_2\src\Debug\filpre.obj
C:\ncl2019_2\src\Debug\fincut.obj
C:\ncl2019_2\src\Debug\find.obj
C:\ncl2019_2\src\Debug\finfix.obj
C:\ncl2019_2\src\Debug\fininv.obj
C:\ncl2019_2\src\Debug\finpre.obj
C:\ncl2019_2\src\Debug\fio.obj
C:\ncl2019_2\src\Debug\fixpp.obj
C:\ncl2019_2\src\Debug\fixrld.obj
C:\ncl2019_2\src\Debug\flmath.obj
C:\ncl2019_2\src\Debug\flshbf.obj
C:\ncl2019_2\src\Debug\flunit.obj
C:\ncl2019_2\src\Debug\fmill.obj
C:\ncl2019_2\src\Debug\fmtsrc.obj
C:\ncl2019_2\src\Debug\genpts.obj
C:\ncl2019_2\src\Debug\geogn1.obj
C:\ncl2019_2\src\Debug\geogn2.obj
C:\ncl2019_2\src\Debug\geogna.obj
C:\ncl2019_2\src\Debug\geognb.obj
C:\ncl2019_2\src\Debug\geognc.obj
C:\ncl2019_2\src\Debug\geognd.obj
C:\ncl2019_2\src\Debug\geogne.obj
C:\ncl2019_2\src\Debug\geomf.obj
C:\ncl2019_2\src\Debug\getas.obj
C:\ncl2019_2\src\Debug\getclf.obj
C:\ncl2019_2\src\Debug\getdb.obj
C:\ncl2019_2\src\Debug\getent.obj
C:\ncl2019_2\src\Debug\getifl.obj
C:\ncl2019_2\src\Debug\getkey.obj
C:\ncl2019_2\src\Debug\getmsg.obj
C:\ncl2019_2\src\Debug\getnln.obj
C:\ncl2019_2\src\Debug\getnst.obj
C:\ncl2019_2\src\Debug\getnxt.obj
C:\ncl2019_2\src\Debug\getpod.obj
C:\ncl2019_2\src\Debug\getsrc.obj
C:\ncl2019_2\src\Debug\getsuv.obj
C:\ncl2019_2\src\Debug\gettol.obj
C:\ncl2019_2\src\Debug\gettrm.obj
C:\ncl2019_2\src\Debug\getxln.obj
C:\ncl2019_2\src\Debug\gocntl.obj
C:\ncl2019_2\src\Debug\gosrf1.obj
C:\ncl2019_2\src\Debug\gosrf2.obj
C:\ncl2019_2\src\Debug\gotopn.obj
C:\ncl2019_2\src\Debug\gpgmnm.obj
C:\ncl2019_2\src\Debug\gpnptt.obj
C:\ncl2019_2\src\Debug\graphy.obj
C:\ncl2019_2\src\Debug\gtcntt.obj
C:\ncl2019_2\src\Debug\gtcseg.obj
C:\ncl2019_2\src\Debug\gtdesc.obj
C:\ncl2019_2\src\Debug\gtentt.obj
C:\ncl2019_2\src\Debug\gtgeom.obj
C:\ncl2019_2\src\Debug\gtmptt.obj
C:\ncl2019_2\src\Debug\gtmx.obj
C:\ncl2019_2\src\Debug\gtpptt.obj
C:\ncl2019_2\src\Debug\gtprimt.obj
C:\ncl2019_2\src\Debug\gtpsrc.obj
C:\ncl2019_2\src\Debug\gtranw.obj
C:\ncl2019_2\src\Debug\gtref.obj
C:\ncl2019_2\src\Debug\gtrtnm.obj
C:\ncl2019_2\src\Debug\gtshpt.obj
C:\ncl2019_2\src\Debug\gtsptt.obj
C:\ncl2019_2\src\Debug\gtview.obj
C:\ncl2019_2\src\Debug\gvtlin.obj
C:\ncl2019_2\src\Debug\help.obj
C:\ncl2019_2\src\Debug\icbent.obj
C:\ncl2019_2\src\Debug\ifelse.obj
C:\ncl2019_2\src\Debug\ilbent.obj
C:\ncl2019_2\src\Debug\includ.obj
C:\ncl2019_2\src\Debug\index.obj
C:\ncl2019_2\src\Debug\ipatch.obj
C:\ncl2019_2\src\Debug\iptch2.obj
C:\ncl2019_2\src\Debug\ipvfor.obj
C:\ncl2019_2\src\Debug\jmpchk.obj
C:\ncl2019_2\src\Debug\jumpto.obj
C:\ncl2019_2\src\Debug\kolaps.obj
C:\ncl2019_2\src\Debug\labcam.obj
C:\ncl2019_2\src\Debug\labchk.obj
C:\ncl2019_2\src\Debug\labflg.obj
C:\ncl2019_2\src\Debug\labset.obj
C:\ncl2019_2\src\Debug\labwf.obj
C:\ncl2019_2\src\Debug\lathes.obj
C:\ncl2019_2\src\Debug\lathex.obj
C:\ncl2019_2\src\Debug\lblchk.obj
C:\ncl2019_2\src\Debug\lnpv.obj
C:\ncl2019_2\src\Debug\lnrdef.obj
C:\ncl2019_2\src\Debug\loadpp.obj
C:\ncl2019_2\src\Debug\loopnd.obj
C:\ncl2019_2\src\Debug\loopst.obj
C:\ncl2019_2\src\Debug\lrdata.obj
C:\ncl2019_2\src\Debug\lrfind.obj
C:\ncl2019_2\src\Debug\lrpop.obj
C:\ncl2019_2\src\Debug\lrpush.obj
C:\ncl2019_2\src\Debug\lrupdt.obj
C:\ncl2019_2\src\Debug\lthctl.obj
C:\ncl2019_2\src\Debug\lthfol.obj
C:\ncl2019_2\src\Debug\lthmot.obj
C:\ncl2019_2\src\Debug\math.obj
C:\ncl2019_2\src\Debug\math4.obj
C:\ncl2019_2\src\Debug\mdinit.obj
C:\ncl2019_2\src\Debug\meshpn.obj
C:\ncl2019_2\src\Debug\metool.obj
C:\ncl2019_2\src\Debug\mocntl.obj
C:\ncl2019_2\src\Debug\mocomb.obj
C:\ncl2019_2\src\Debug\modfy.obj
C:\ncl2019_2\src\Debug\moinfo.obj
C:\ncl2019_2\src\Debug\mosyn.obj
C:\ncl2019_2\src\Debug\mosyn1.obj
C:\ncl2019_2\src\Debug\mosyn2.obj
C:\ncl2019_2\src\Debug\mosyn3.obj
C:\ncl2019_2\src\Debug\motgxx.obj
C:\ncl2019_2\src\Debug\motimm.obj
C:\ncl2019_2\src\Debug\motout.obj
C:\ncl2019_2\src\Debug\motpn.obj
C:\ncl2019_2\src\Debug\mover.obj
C:\ncl2019_2\src\Debug\mshpn2.obj
C:\ncl2019_2\src\Debug\mshpre.obj
C:\ncl2019_2\src\Debug\mshsel.obj
C:\ncl2019_2\src\Debug\mxmath.obj
C:\ncl2019_2\src\Debug\ncl.obj
C:\ncl2019_2\src\Debug\nclfin.obj
C:\ncl2019_2\src\Debug\nclini.obj
C:\ncl2019_2\src\Debug\nclspf001.obj
C:\ncl2019_2\src\Debug\ncltim.obj
C:\ncl2019_2\src\Debug\nclver.obj
C:\ncl2019_2\src\Debug\nclvxf.obj
C:\ncl2019_2\src\Debug\nclxini.obj
C:\ncl2019_2\src\Debug\ncvclf.obj
C:\ncl2019_2\src\Debug\ncvevl.obj
C:\ncl2019_2\src\Debug\nestpt.obj
C:\ncl2019_2\src\Debug\nfuncs.obj
C:\ncl2019_2\src\Debug\nsrfpn.obj
C:\ncl2019_2\src\Debug\nstub2.obj
C:\ncl2019_2\src\Debug\numf.obj
C:\ncl2019_2\src\Debug\nwait.obj
C:\ncl2019_2\src\Debug\obtain.obj
C:\ncl2019_2\src\Debug\off08.obj
C:\ncl2019_2\src\Debug\off09.obj
C:\ncl2019_2\src\Debug\off10.obj
C:\ncl2019_2\src\Debug\off11.obj
C:\ncl2019_2\src\Debug\off12.obj
C:\ncl2019_2\src\Debug\offcv.obj
C:\ncl2019_2\src\Debug\offpkt.obj
C:\ncl2019_2\src\Debug\offpre.obj
C:\ncl2019_2\src\Debug\onerr.obj
C:\ncl2019_2\src\Debug\outmot.obj
C:\ncl2019_2\src\Debug\parser.obj
C:\ncl2019_2\src\Debug\parsgn.obj
C:\ncl2019_2\src\Debug\parsit.obj
C:\ncl2019_2\src\Debug\parsuv.obj
C:\ncl2019_2\src\Debug\passwd.obj
C:\ncl2019_2\src\Debug\patgen.obj
C:\ncl2019_2\src\Debug\patpre.obj
C:\ncl2019_2\src\Debug\pfillet.obj
C:\ncl2019_2\src\Debug\pleval.obj
C:\ncl2019_2\src\Debug\plotm.obj
C:\ncl2019_2\src\Debug\pmill.obj
C:\ncl2019_2\src\Debug\pncalc.obj
C:\ncl2019_2\src\Debug\pocket.obj
C:\ncl2019_2\src\Debug\pockmo.obj
C:\ncl2019_2\src\Debug\poddef.obj
C:\ncl2019_2\src\Debug\podpts.obj
C:\ncl2019_2\src\Debug\pokabc.obj
C:\ncl2019_2\src\Debug\pokmod.obj
C:\ncl2019_2\src\Debug\pokobt.obj
C:\ncl2019_2\src\Debug\pokpar.obj
C:\ncl2019_2\src\Debug\poksup.obj
C:\ncl2019_2\src\Debug\polbld.obj
C:\ncl2019_2\src\Debug\polfin.obj
C:\ncl2019_2\src\Debug\postp.obj
C:\ncl2019_2\src\Debug\ppnptt.obj
C:\ncl2019_2\src\Debug\ppword.obj
C:\ncl2019_2\src\Debug\ppwrt.obj
C:\ncl2019_2\src\Debug\premov.obj
C:\ncl2019_2\src\Debug\profil.obj
C:\ncl2019_2\src\Debug\profsy.obj
C:\ncl2019_2\src\Debug\projcv.obj
C:\ncl2019_2\src\Debug\prompt.obj
C:\ncl2019_2\src\Debug\prsgeo.obj
C:\ncl2019_2\src\Debug\prtgeo.obj
C:\ncl2019_2\src\Debug\prtput.obj
C:\ncl2019_2\src\Debug\psmod3.obj
C:\ncl2019_2\src\Debug\psmult.obj
C:\ncl2019_2\src\Debug\psproj.obj
C:\ncl2019_2\src\Debug\psrel.obj
C:\ncl2019_2\src\Debug\psrela.obj
C:\ncl2019_2\src\Debug\ptdesc.obj
C:\ncl2019_2\src\Debug\ptdfnm.obj
C:\ncl2019_2\src\Debug\ptentt.obj
C:\ncl2019_2\src\Debug\ptgeom.obj
C:\ncl2019_2\src\Debug\pthru.obj
C:\ncl2019_2\src\Debug\ptmhdt.obj
C:\ncl2019_2\src\Debug\ptmptt.obj
C:\ncl2019_2\src\Debug\ptonln.obj
C:\ncl2019_2\src\Debug\ptppnm.obj
C:\ncl2019_2\src\Debug\ptpsrc.obj
C:\ncl2019_2\src\Debug\ptranw.obj
C:\ncl2019_2\src\Debug\ptshed.obj
C:\ncl2019_2\src\Debug\ptshpt.obj
C:\ncl2019_2\src\Debug\ptsmth.obj
C:\ncl2019_2\src\Debug\ptspnt.obj
C:\ncl2019_2\src\Debug\putapt.obj
C:\ncl2019_2\src\Debug\putcl.obj
C:\ncl2019_2\src\Debug\putdb.obj
C:\ncl2019_2\src\Debug\putent.obj
C:\ncl2019_2\src\Debug\putinpp.obj
C:\ncl2019_2\src\Debug\putmsg.obj
C:\ncl2019_2\src\Debug\putmsg_w2.obj
C:\ncl2019_2\src\Debug\putprt.obj
C:\ncl2019_2\src\Debug\putsrc.obj
C:\ncl2019_2\src\Debug\putw2.obj
C:\ncl2019_2\src\Debug\pwild.obj
C:\ncl2019_2\src\Debug\qsrfpn.obj
C:\ncl2019_2\src\Debug\quipre.obj
C:\ncl2019_2\src\Debug\ran.obj
C:\ncl2019_2\src\Debug\randel.obj
C:\ncl2019_2\src\Debug\randlk.obj
C:\ncl2019_2\src\Debug\ranini.obj
C:\ncl2019_2\src\Debug\ranio.obj
C:\ncl2019_2\src\Debug\ranstr.obj
C:\ncl2019_2\src\Debug\razpk1.obj
C:\ncl2019_2\src\Debug\razpok.obj
C:\ncl2019_2\src\Debug\rectfy.obj
C:\ncl2019_2\src\Debug\redef.obj
C:\ncl2019_2\src\Debug\regdir.obj
C:\ncl2019_2\src\Debug\regdis.obj
C:\ncl2019_2\src\Debug\regfrm.obj
C:\ncl2019_2\src\Debug\regmil.obj
C:\ncl2019_2\src\Debug\regpas.obj
C:\ncl2019_2\src\Debug\regprf.obj
C:\ncl2019_2\src\Debug\regpts.obj
C:\ncl2019_2\src\Debug\regscl.obj
C:\ncl2019_2\src\Debug\regstp.obj
C:\ncl2019_2\src\Debug\remove.obj
C:\ncl2019_2\src\Debug\renam.obj
C:\ncl2019_2\src\Debug\retlbl.obj
C:\ncl2019_2\src\Debug\revers.obj
C:\ncl2019_2\src\Debug\revpre.obj
C:\ncl2019_2\src\Debug\rldgen.obj
C:\ncl2019_2\src\Debug\rldpat.obj
C:\ncl2019_2\src\Debug\rldpre.obj
C:\ncl2019_2\src\Debug\rmill.obj
C:\ncl2019_2\src\Debug\rotpts.obj
C:\ncl2019_2\src\Debug\rpchk.obj
C:\ncl2019_2\src\Debug\rsttrm.obj
C:\ncl2019_2\src\Debug\rufcut.obj
C:\ncl2019_2\src\Debug\rufpre.obj
C:\ncl2019_2\src\Debug\runvt.obj
C:\ncl2019_2\src\Debug\savecm.obj
C:\ncl2019_2\src\Debug\savepp.obj
C:\ncl2019_2\src\Debug\savmot.obj
C:\ncl2019_2\src\Debug\sbsolv.obj
C:\ncl2019_2\src\Debug\scrfil.obj
C:\ncl2019_2\src\Debug\scrub.obj
C:\ncl2019_2\src\Debug\scurve.obj
C:\ncl2019_2\src\Debug\sdepre.obj
C:\ncl2019_2\src\Debug\segchk.obj
C:\ncl2019_2\src\Debug\sequnc.obj
C:\ncl2019_2\src\Debug\session.obj
C:\ncl2019_2\src\Debug\setifl.obj
C:\ncl2019_2\src\Debug\setins.obj
C:\ncl2019_2\src\Debug\setsc.obj
C:\ncl2019_2\src\Debug\setslp.obj
C:\ncl2019_2\src\Debug\setstp.obj
C:\ncl2019_2\src\Debug\setver.obj
C:\ncl2019_2\src\Debug\sfeval.obj
C:\ncl2019_2\src\Debug\sfevl2.obj
C:\ncl2019_2\src\Debug\sffit1.obj
C:\ncl2019_2\src\Debug\sffit2.obj
C:\ncl2019_2\src\Debug\sfinit.obj
C:\ncl2019_2\src\Debug\sfpkgy.obj
C:\ncl2019_2\src\Debug\sfprim.obj
C:\ncl2019_2\src\Debug\sfpt.obj
C:\ncl2019_2\src\Debug\sfptdo.obj
C:\ncl2019_2\src\Debug\sgeo.obj
C:\ncl2019_2\src\Debug\sgeo1.obj
C:\ncl2019_2\src\Debug\shafix.obj
C:\ncl2019_2\src\Debug\shapre.obj
C:\ncl2019_2\src\Debug\showpn.obj
C:\ncl2019_2\src\Debug\sifl.obj
C:\ncl2019_2\src\Debug\simsurf.obj
C:\ncl2019_2\src\Debug\slpfar.obj
C:\ncl2019_2\src\Debug\slpset.obj
C:\ncl2019_2\src\Debug\smill.obj
C:\ncl2019_2\src\Debug\smpre.obj
C:\ncl2019_2\src\Debug\spwn.obj
C:\ncl2019_2\src\Debug\srfcls.obj
C:\ncl2019_2\src\Debug\srfdef.obj
C:\ncl2019_2\src\Debug\srfevl.obj
C:\ncl2019_2\src\Debug\srffit.obj
C:\ncl2019_2\src\Debug\srfpn2.obj
C:\ncl2019_2\src\Debug\srfpre.obj
C:\ncl2019_2\src\Debug\ssc.obj
C:\ncl2019_2\src\Debug\ssdist.obj
C:\ncl2019_2\src\Debug\ssrc.obj
C:\ncl2019_2\src\Debug\ssrfpn.obj
C:\ncl2019_2\src\Debug\ssurf.obj
C:\ncl2019_2\src\Debug\star.obj
C:\ncl2019_2\src\Debug\statln.obj
C:\ncl2019_2\src\Debug\stock.obj
C:\ncl2019_2\src\Debug\strcmm.obj
C:\ncl2019_2\src\Debug\strmot.obj
C:\ncl2019_2\src\Debug\strtup.obj
C:\ncl2019_2\src\Debug\strwf1.obj
C:\ncl2019_2\src\Debug\strwf2.obj
C:\ncl2019_2\src\Debug\stunlb.obj
C:\ncl2019_2\src\Debug\surfpn.obj
C:\ncl2019_2\src\Debug\syscal.obj
C:\ncl2019_2\src\Debug\tancir.obj
C:\ncl2019_2\src\Debug\tanorm.obj
C:\ncl2019_2\src\Debug\tanto.obj
C:\ncl2019_2\src\Debug\tdsply.obj
C:\ncl2019_2\src\Debug\termac.obj
C:\ncl2019_2\src\Debug\testcs.obj
C:\ncl2019_2\src\Debug\tlaxis.obj
C:\ncl2019_2\src\Debug\tllock.obj
C:\ncl2019_2\src\Debug\tlpara.obj
C:\ncl2019_2\src\Debug\tltang.obj
C:\ncl2019_2\src\Debug\transf.obj
C:\ncl2019_2\src\Debug\trimci.obj
C:\ncl2019_2\src\Debug\trimsf.obj
C:\ncl2019_2\src\Debug\trnmsh.obj
C:\ncl2019_2\src\Debug\trnqhd.obj
C:\ncl2019_2\src\Debug\trnqlt.obj
C:\ncl2019_2\src\Debug\trnshd.obj
C:\ncl2019_2\src\Debug\trnshp.obj
C:\ncl2019_2\src\Debug\tsfsup.obj
C:\ncl2019_2\src\Debug\ttcrv.obj
C:\ncl2019_2\src\Debug\ubfn.obj
C:\ncl2019_2\src\Debug\ubio.obj
C:\ncl2019_2\src\Debug\ubshow.obj
C:\ncl2019_2\src\Debug\ubstor.obj
C:\ncl2019_2\src\Debug\ucrvpv.obj
C:\ncl2019_2\src\Debug\uerr.obj
C:\ncl2019_2\src\Debug\uevcvt.obj
C:\ncl2019_2\src\Debug\uevsft.obj
C:\ncl2019_2\src\Debug\unitcv.obj
C:\ncl2019_2\src\Debug\unsol.obj
C:\ncl2019_2\src\Debug\uparrw.obj
C:\ncl2019_2\src\Debug\upiter.obj
C:\ncl2019_2\src\Debug\upncal.obj
C:\ncl2019_2\src\Debug\urest.obj
C:\ncl2019_2\src\Debug\uset.obj
C:\ncl2019_2\src\Debug\ushow.obj
C:\ncl2019_2\src\Debug\usrfpn.obj
C:\ncl2019_2\src\Debug\utilty.obj
C:\ncl2019_2\src\Debug\uvend.obj
C:\ncl2019_2\src\Debug\uvend1.obj
C:\ncl2019_2\src\Debug\uvend2.obj
C:\ncl2019_2\src\Debug\uvmove.obj
C:\ncl2019_2\src\Debug\uvprmv.obj
C:\ncl2019_2\src\Debug\varfmt.obj
C:\ncl2019_2\src\Debug\vc100.pdb
C:\ncl2019_2\src\Debug\vcvpnt.obj
C:\ncl2019_2\src\Debug\vector.obj
C:\ncl2019_2\src\Debug\vmill.obj
C:\ncl2019_2\src\Debug\vmpksy.obj
C:\ncl2019_2\src\Debug\vocab2.obj
C:\ncl2019_2\src\Debug\voccad.obj
C:\ncl2019_2\src\Debug\vocsch.obj
C:\ncl2019_2\src\Debug\vocsup.obj
C:\ncl2019_2\src\Debug\voyagr.obj
C:\ncl2019_2\src\Debug\vstchk.obj
C:\ncl2019_2\src\Debug\vstore.obj
C:\ncl2019_2\src\Debug\vvcvpt.obj
C:\ncl2019_2\src\Debug\watrln.obj
C:\ncl2019_2\src\Debug\wlproj.obj
C:\ncl2019_2\src\Debug\wrtpp.obj
C:\ncl2019_2\src\Debug\yfmotion.obj
C:\ncl2019_2\src\Debug\yfmotrtn.obj
C:\ncl2019_2\src\Debug\yfmotsup.obj
