Microsoft (R) Library Manager Version 8.00.50727.762
Copyright (C) Microsoft Corporation.  All rights reserved.

bconinit.obj
bxinit.obj
c1dba.obj
cuinit.obj
lmisc.obj
lmparse.obj
lsetdir.obj
m1mcrv.obj
m2dba.obj
m2dba2.obj
m2eirel.obj
m2elabel.obj
m2eval.obj
m2global.obj
m2ilayer.obj
m3ecirc1.obj
m3ecirc6.obj
m3ecomp1.obj
m3eline2.obj
m3icirc1.obj
m4bndry2.obj
m4evcrv.obj
m4ioslo1.obj
m4ioslo2.obj
m5ioslo.obj
m5ioslo1.obj
m7geom.obj
m7math1.obj
m7math2.obj
m7math2d.obj
m7math3.obj
m7mathco.obj
m7mathtf.obj
m7mathvc.obj
mmsmathf.obj
nauth.obj
nebound.obj
negeogn4.obj
neglobal.obj
neinit.obj
nelabtbl.obj
nemsfun.obj
nerd.obj
nerd1.obj
nerevsf1.obj
nesf2.obj
nesfprim.obj
nesfprim1.obj
netmp.obj
neub2sup1.obj
neubtoub.obj
neuvcvass.obj
nevolve1.obj
nevolvegn.obj
nevolvegn1.obj
nevx.obj
ngtimx.obj
ogmisc.obj
ogstubs.obj
tigcompar.obj
tigmatch.obj
ubits.obj
ucompb.obj
ulist.obj
ulists.obj
umoveb.obj
unserve.obj
uqsort.obj
xe1paths.obj
xf0udos0.obj
xf1farea.obj
xf1files.obj
ymdlattrib.obj
ymdlput.obj
ymodel.obj
yunibase.obj
znuinit.obj
resp04c.obj
r1eassoc.obj
r1emsgpk.obj
r1esched.obj
r1isched.obj
reascsup.obj
reasenv.obj
reasp.obj
recd.obj
recdd.obj
reda.obj
redat.obj
redatdct.obj
reddv.obj
redmpent.obj
redmpevt.obj
redmpmdl.obj
redtr.obj
redu.obj
redva.obj
reeas.obj
reenvin.obj
reenvlod.obj
reenvout.obj
reenvsav.obj
refad.obj
regas.obj
regavm.obj
reglmk.obj
regnak.obj
regndk.obj
regnk.obj
regnndk.obj
regnodk.obj
regnsak.obj
regtc.obj
regvm.obj
reia.obj
reidr.obj
reir.obj
reitr.obj
reiu.obj
relp01.obj
relp02.obj
relp02b.obj
relp03.obj
relp04.obj
remembrp.obj
remo.obj
reoralod.obj
reorasav.obj
reoratri.obj
reoratro.obj
reparse.obj
reprterr.obj
rera.obj
rerad.obj
reradv.obj
rerd.obj
rerdf.obj
rerdr.obj
rerds.obj
rerdv.obj
rere.obj
rerecenv.obj
rerp.obj
rerra.obj
rerrn.obj
rertr.obj
reru.obj
rervk.obj
resad.obj
resd.obj
resdm.obj
resdtr.obj
resp01.obj
resp02.obj
resp03.obj
resp04.obj
ress.obj
reswap.obj
retouch.obj
reua.obj
reuadv.obj
reud.obj
reudf.obj
reuds.obj
reudv.obj
reue.obj
reundo.obj
reunread.obj
reup8103.obj
reup8105.obj
reup8200.obj
reup8250.obj
reup8400.obj
reup8500.obj
reup9100.obj
reup9200.obj
reup9300.obj
reup9400.obj
reup9600.obj
reup9900.obj
reupdate.obj
reura.obj
reutr.obj
reuu.obj
reuvk.obj
riaal.obj
riart.obj
ricfk.obj
rics.obj
rict.obj
ridal.obj
ridelsup.obj
ridma.obj
ridmppcs.obj
ridrt.obj
ridt.obj
ridtv.obj
rieatcom.obj
rifdstk.obj
rifdt.obj
rifndoff.obj
rifndsiz.obj
rigetaln.obj
rigetdig.obj
rigettok.obj
riglpp.obj
riglti.obj
rignnti.obj
rignot.obj
rignti.obj
rigtp.obj
rigvp.obj
rik2rt.obj
rilp02a.obj
rilrgpw2.obj
rimkpstr.obj
rinewmod.obj
rinewpag.obj
rinotify.obj
rioradel.obj
rioraerr.obj
rioraini.obj
rioraiss.obj
riorasss.obj
riparerr.obj
riparse1.obj
rird1ent.obj
rirdatms.obj
rirdents.obj
rirdenv.obj
rirdrcb.obj
rirdtk.obj
riread1d.obj
riretmem.obj
rirma.obj
rirt.obj
rirt2k.obj
rirtavi.obj
rirtv.obj
risp02a.obj
ritotype.obj
riualf.obj
riualv.obj
riudtk.obj
riuma.obj
riut.obj
riutv.obj
riuvi.obj
riwt1ent.obj
riwtatms.obj
riwtatms1.obj
riwtents.obj
riwtenv.obj
riwtrcb.obj
rixk.obj
rixmf.obj
rixpand.obj
rizk.obj
rtpltst.obj
rulp.obj
rurp.obj
rusp.obj
rriddl.obj
rmlabddl.obj
rmdraw.obj
rmattrdd.obj
rienvtab.obj
reup9700.obj
