Build started 10/29/2014 2:55:34 PM.
     1>Project "C:\ncl101\tools\sworks\SwUnibase\SwUnibase.vcxproj" on node 2 (build target(s)).
     1>C:\Program Files (x86)\MSBuild\Microsoft.Cpp\v4.0\Microsoft.CppBuild.targets(298,5): warning MSB8004: Intermediate Directory does not end with a trailing slash.  This build instance will add the slash as it is required to allow proper evaluation of the Intermediate Directory.
     1>C:\Program Files (x86)\MSBuild\Microsoft.Cpp\v4.0\Microsoft.CppBuild.targets(299,5): warning MSB8004: Output Directory does not end with a trailing slash.  This build instance will add the slash as it is required to allow proper evaluation of the Output Directory.
     1>InitializeBuildStatus:
         Touching "Release\SwUnibase.unsuccessfulbuild".
       Midl:
         All outputs are up-to-date.
       ClCompile:
         All outputs are up-to-date.
         All outputs are up-to-date.
       ResourceCompile:
         All outputs are up-to-date.
       ManifestResourceCompile:
         All outputs are up-to-date.
       Link:
         C:\Program Files (x86)\Microsoft Visual Studio 10.0\VC\bin\x86_amd64\link.exe /ERRORREPORT:PROMPT /OUT:"Release\SwUnibase.dll" /INCREMENTAL /NOLOGO /LIBPATH:\ncl101\nlib /LIBPATH:\ncl101\nlib\obj /LIBPATH:\ncl101\pworksnlib /LIBPATH:"C:\Program Files (x86)\Intel\Composer XE 2011 SP1\compiler\lib\intel64" comsvcs.lib openngl.lib npwkeys.lib netapi32.lib spromeps.lib IPHlpApi.lib sk32w.lib sx32w.lib /NODEFAULTLIB:mfcs100u.lib /NODEFAULTLIB:msvcrt.lib /DEF:".\SwUnibase.def" /MANIFEST /ManifestFile:"Release\SwUnibase.dll.intermediate.manifest" /MANIFESTUAC:"level='asInvoker' uiAccess='false'" /DEBUG /PDB:"C:\ncl101\tools\sworks\SwUnibase\Release\SwUnibase.pdb" /SUBSYSTEM:WINDOWS /TLBID:1 /DYNAMICBASE /NXCOMPAT /MACHINE:X64 /DLL Release\SwUnibase.res
         Release\SwUnibase.dll.embed.manifest.res
         Release\SwBitmapHandler.obj
         Release\SwDocument.obj
         Release\SwDocView.obj
         Release\SwModals.obj
         Release\SwNclUnibase.obj
         Release\SwNclUnibase1.obj
         Release\SwStdAfx.obj
         Release\SwUniAttr.obj
         Release\SwUnibase.obj
         Release\SwUnibase_i.obj
         Release\SwUnibase_module.obj
         Release\SwUniOpt.obj
         Release\SwUniSketch.obj
         Release\SwUniStat.obj mfcs100u.lib msvcrt.lib
            Creating library Release\SwUnibase.lib and object Release\SwUnibase.exp
         SwUnibase.vcxproj -> C:\ncl101\tools\sworks\SwUnibase\Release\SwUnibase.dll
       Manifest:
         C:\Program Files (x86)\Microsoft SDKs\Windows\v7.0A\bin\mt.exe /nologo /verbose /out:"Release\SwUnibase.dll.embed.manifest" /manifest Release\SwUnibase.dll.intermediate.manifest "C:\Program Files (x86)\Microsoft Visual Studio 10.0\VC\Include\Manifest\dpiaware.manifest"
         All outputs are up-to-date.
       LinkEmbedManifest:
         All outputs are up-to-date.
         SwUnibase.vcxproj -> C:\ncl101\tools\sworks\SwUnibase\Release\SwUnibase.dll
       CustomBuildStep:
       Skipping target "CustomBuildStep" because all output files are up-to-date with respect to the input files.
       FinalizeBuildStatus:
         Deleting file "Release\SwUnibase.unsuccessfulbuild".
         Touching "Release\SwUnibase.lastbuildstate".
     1>Done Building Project "C:\ncl101\tools\sworks\SwUnibase\SwUnibase.vcxproj" (build target(s)).

Build succeeded.

Time Elapsed 00:00:00.74
