# 
Extracting c1dba.obj 
Extracting cuinit.obj 
Extracting tigcompar.obj 
Extracting tigmatch.obj 
Extracting znuinit.obj 
Extracting m1mcrv.obj 
Extracting m2dasup4.obj 
Extracting m2dba.obj 
Extracting m2dba2.obj 
Extracting m2eirel.obj 
Extracting m2elabel.obj 
Extracting m2eval.obj 
Extracting m2global.obj 
Extracting m2ilayer.obj 
Extracting m3ecirc1.obj 
Extracting m3ecirc6.obj 
Extracting m3ecomp1.obj 
Extracting m3eline2.obj 
Extracting m3icirc1.obj 
Extracting m4bndry2.obj 
Extracting m4evcrv.obj 
Extracting m4ioslo1.obj 
Extracting m4ioslo2.obj 
Extracting m5ioslo.obj 
Extracting m5ioslo1.obj 
Extracting m7geom.obj 
Extracting m7math1.obj 
Extracting m7math2.obj 
Extracting m7math3.obj 
Extracting m7math2d.obj 
Extracting m7mathco.obj 
Extracting m7mathtf.obj 
Extracting m7mathvc.obj 
Extracting mmsmathf.obj 
Extracting nauth.obj 
Extracting nebound.obj 
Extracting necolors.obj 
Extracting negeogn4.obj 
Extracting neglobal.obj 
Extracting neinit.obj 
Extracting nelabtbl.obj 
Extracting nemsfun.obj 
Extracting nerd.obj 
Extracting nerd1.obj 
Extracting nerevsf1.obj 
Extracting nesf2.obj 
Extracting nesfprim.obj 
Extracting nesfprim1.obj 
Extracting netmp.obj 
Extracting neub2sup1.obj 
Extracting neubtoub.obj 
Extracting neuvcvass.obj 
Extracting nevolve1.obj 
Extracting nevolvegn.obj 
Extracting nevolvegn1.obj 
Extracting nevx.obj 
Extracting ngtimx.obj 
Extracting ogmisc.obj 
Extracting ogstubs.obj 
Extracting omalloc.obj 
Extracting ymdlattrib.obj 
Extracting ymdlput.obj 
Extracting ymodel.obj 
Extracting yunibase.obj 
Extracting bconinit.obj 
Extracting bxinit.obj 
Extracting lmisc.obj 
Extracting lmodfile.obj 
Extracting lmparse.obj 
Extracting lsetdir.obj 
Extracting ubits.obj 
Extracting ucompb.obj 
Extracting ulist.obj 
Extracting ulists.obj 
Extracting umoveb.obj 
Extracting unserve.obj 
Extracting uqsort.obj 
Extracting xe1paths.obj 
Extracting xf0udos0.obj 
Extracting xf1farea.obj 
Extracting xf1files.obj 
