.\Release\Ncl.ilk
C:\NCL_from_GitHub\NCL_in_VisualStudio\src\.\Release\Ncl.exe
C:\NCL_from_GitHub\NCL_in_VisualStudio\src\.\Release\Ncl.exe.intermediate.manifest
C:\NCL_FROM_GITHUB\NCL_IN_VISUALSTUDIO\SRC\RELEASE\AANG.OBJ
C:\NCL_FROM_GITHUB\NCL_IN_VISUALSTUDIO\SRC\RELEASE\AANGGEN.OBJ
C:\NCL_FROM_GITHUB\NCL_IN_VISUALSTUDIO\SRC\RELEASE\AANGUTL.OBJ
C:\NCL_FROM_GITHUB\NCL_IN_VISUALSTUDIO\SRC\RELEASE\AARCDATA.OBJ
C:\NCL_FROM_GITHUB\NCL_IN_VISUALSTUDIO\SRC\RELEASE\AARCLEN.OBJ
C:\NCL_FROM_GITHUB\NCL_IN_VISUALSTUDIO\SRC\RELEASE\AAROATTR.OBJ
C:\NCL_FROM_GITHUB\NCL_IN_VISUALSTUDIO\SRC\RELEASE\AARRCRV.OBJ
C:\NCL_FROM_GITHUB\NCL_IN_VISUALSTUDIO\SRC\RELEASE\AARROW.OBJ
C:\NCL_FROM_GITHUB\NCL_IN_VISUALSTUDIO\SRC\RELEASE\AARROWAN.OBJ
C:\NCL_FROM_GITHUB\NCL_IN_VISUALSTUDIO\SRC\RELEASE\AASCDRF.OBJ
C:\NCL_FROM_GITHUB\NCL_IN_VISUALSTUDIO\SRC\RELEASE\AATTRIB.OBJ
C:\NCL_FROM_GITHUB\NCL_IN_VISUALSTUDIO\SRC\RELEASE\AATTRTXT.OBJ
C:\NCL_FROM_GITHUB\NCL_IN_VISUALSTUDIO\SRC\RELEASE\ABASELN.OBJ
C:\NCL_FROM_GITHUB\NCL_IN_VISUALSTUDIO\SRC\RELEASE\ABOXSITE.OBJ
C:\NCL_FROM_GITHUB\NCL_IN_VISUALSTUDIO\SRC\RELEASE\ACCONVT.OBJ
C:\NCL_FROM_GITHUB\NCL_IN_VISUALSTUDIO\SRC\RELEASE\ACENATTR.OBJ
C:\NCL_FROM_GITHUB\NCL_IN_VISUALSTUDIO\SRC\RELEASE\ACENTER.OBJ
C:\NCL_FROM_GITHUB\NCL_IN_VISUALSTUDIO\SRC\RELEASE\ACHAIN.OBJ
C:\NCL_FROM_GITHUB\NCL_IN_VISUALSTUDIO\SRC\RELEASE\ACPLN.OBJ
C:\NCL_FROM_GITHUB\NCL_IN_VISUALSTUDIO\SRC\RELEASE\ADBMS.OBJ
C:\NCL_FROM_GITHUB\NCL_IN_VISUALSTUDIO\SRC\RELEASE\ADEBUG.OBJ
C:\NCL_FROM_GITHUB\NCL_IN_VISUALSTUDIO\SRC\RELEASE\ADEFAULT.OBJ
C:\NCL_FROM_GITHUB\NCL_IN_VISUALSTUDIO\SRC\RELEASE\ADIAM.OBJ
C:\NCL_FROM_GITHUB\NCL_IN_VISUALSTUDIO\SRC\RELEASE\ADIAMUTL.OBJ
C:\NCL_FROM_GITHUB\NCL_IN_VISUALSTUDIO\SRC\RELEASE\ADIMATTR.OBJ
C:\NCL_FROM_GITHUB\NCL_IN_VISUALSTUDIO\SRC\RELEASE\ADISPARC.OBJ
C:\NCL_FROM_GITHUB\NCL_IN_VISUALSTUDIO\SRC\RELEASE\ADISPLAY.OBJ
C:\NCL_FROM_GITHUB\NCL_IN_VISUALSTUDIO\SRC\RELEASE\ADIST.OBJ
C:\NCL_FROM_GITHUB\NCL_IN_VISUALSTUDIO\SRC\RELEASE\ADLATTR.OBJ
C:\NCL_FROM_GITHUB\NCL_IN_VISUALSTUDIO\SRC\RELEASE\ADRFCLAS.OBJ
C:\NCL_FROM_GITHUB\NCL_IN_VISUALSTUDIO\SRC\RELEASE\ADRFINIT.OBJ
C:\NCL_FROM_GITHUB\NCL_IN_VISUALSTUDIO\SRC\RELEASE\AEDITTXT.OBJ
C:\NCL_FROM_GITHUB\NCL_IN_VISUALSTUDIO\SRC\RELEASE\AEDTXFRM.OBJ
C:\NCL_FROM_GITHUB\NCL_IN_VISUALSTUDIO\SRC\RELEASE\AEXTATTR.OBJ
C:\NCL_FROM_GITHUB\NCL_IN_VISUALSTUDIO\SRC\RELEASE\AFPTOL.OBJ
C:\NCL_FROM_GITHUB\NCL_IN_VISUALSTUDIO\SRC\RELEASE\AGINQSAL.OBJ
C:\NCL_FROM_GITHUB\NCL_IN_VISUALSTUDIO\SRC\RELEASE\AIBOXARC.OBJ
C:\NCL_FROM_GITHUB\NCL_IN_VISUALSTUDIO\SRC\RELEASE\AINITENT.OBJ
C:\NCL_FROM_GITHUB\NCL_IN_VISUALSTUDIO\SRC\RELEASE\AIREL.OBJ
C:\NCL_FROM_GITHUB\NCL_IN_VISUALSTUDIO\SRC\RELEASE\ALABEL.OBJ
C:\NCL_FROM_GITHUB\NCL_IN_VISUALSTUDIO\SRC\RELEASE\ALDIMUTL.OBJ
C:\NCL_FROM_GITHUB\NCL_IN_VISUALSTUDIO\SRC\RELEASE\ALEADER.OBJ
C:\NCL_FROM_GITHUB\NCL_IN_VISUALSTUDIO\SRC\RELEASE\ALINDATA.OBJ
C:\NCL_FROM_GITHUB\NCL_IN_VISUALSTUDIO\SRC\RELEASE\ALINEAR.OBJ
C:\NCL_FROM_GITHUB\NCL_IN_VISUALSTUDIO\SRC\RELEASE\ALLATTR.OBJ
C:\NCL_FROM_GITHUB\NCL_IN_VISUALSTUDIO\SRC\RELEASE\AMCLOSPT.OBJ
C:\NCL_FROM_GITHUB\NCL_IN_VISUALSTUDIO\SRC\RELEASE\AMDRFSUP.OBJ
C:\NCL_FROM_GITHUB\NCL_IN_VISUALSTUDIO\SRC\RELEASE\AMENU.OBJ
C:\NCL_FROM_GITHUB\NCL_IN_VISUALSTUDIO\SRC\RELEASE\AMNPTENT.OBJ
C:\NCL_FROM_GITHUB\NCL_IN_VISUALSTUDIO\SRC\RELEASE\AMODDIM.OBJ
C:\NCL_FROM_GITHUB\NCL_IN_VISUALSTUDIO\SRC\RELEASE\ANOTEUTL.OBJ
C:\NCL_FROM_GITHUB\NCL_IN_VISUALSTUDIO\SRC\RELEASE\APLEDIT.OBJ
C:\NCL_FROM_GITHUB\NCL_IN_VISUALSTUDIO\SRC\RELEASE\APLLAB.OBJ
C:\NCL_FROM_GITHUB\NCL_IN_VISUALSTUDIO\SRC\RELEASE\APLLAB1.OBJ
C:\NCL_FROM_GITHUB\NCL_IN_VISUALSTUDIO\SRC\RELEASE\APLTBL.OBJ
C:\NCL_FROM_GITHUB\NCL_IN_VISUALSTUDIO\SRC\RELEASE\APLTBL1.OBJ
C:\NCL_FROM_GITHUB\NCL_IN_VISUALSTUDIO\SRC\RELEASE\APLTBL2.OBJ
C:\NCL_FROM_GITHUB\NCL_IN_VISUALSTUDIO\SRC\RELEASE\APOLAR.OBJ
C:\NCL_FROM_GITHUB\NCL_IN_VISUALSTUDIO\SRC\RELEASE\ARADIUS.OBJ
C:\NCL_FROM_GITHUB\NCL_IN_VISUALSTUDIO\SRC\RELEASE\AREGEN.OBJ
C:\NCL_FROM_GITHUB\NCL_IN_VISUALSTUDIO\SRC\RELEASE\AREPANGDIM.OBJ
C:\NCL_FROM_GITHUB\NCL_IN_VISUALSTUDIO\SRC\RELEASE\AREPEATDIM.OBJ
C:\NCL_FROM_GITHUB\NCL_IN_VISUALSTUDIO\SRC\RELEASE\AROTPT.OBJ
C:\NCL_FROM_GITHUB\NCL_IN_VISUALSTUDIO\SRC\RELEASE\ASADAS.OBJ
C:\NCL_FROM_GITHUB\NCL_IN_VISUALSTUDIO\SRC\RELEASE\ASALGKS.OBJ
C:\NCL_FROM_GITHUB\NCL_IN_VISUALSTUDIO\SRC\RELEASE\ASCTEXT.OBJ
C:\NCL_FROM_GITHUB\NCL_IN_VISUALSTUDIO\SRC\RELEASE\ASCUTIL.OBJ
C:\NCL_FROM_GITHUB\NCL_IN_VISUALSTUDIO\SRC\RELEASE\ASDAS.OBJ
C:\NCL_FROM_GITHUB\NCL_IN_VISUALSTUDIO\SRC\RELEASE\ASGETENV.OBJ
C:\NCL_FROM_GITHUB\NCL_IN_VISUALSTUDIO\SRC\RELEASE\ASPATTR.OBJ
C:\NCL_FROM_GITHUB\NCL_IN_VISUALSTUDIO\SRC\RELEASE\ASPOP.OBJ
C:\NCL_FROM_GITHUB\NCL_IN_VISUALSTUDIO\SRC\RELEASE\ASSTRING.OBJ
C:\NCL_FROM_GITHUB\NCL_IN_VISUALSTUDIO\SRC\RELEASE\ASUBFS.OBJ
C:\NCL_FROM_GITHUB\NCL_IN_VISUALSTUDIO\SRC\RELEASE\ASWAPSTD.OBJ
C:\NCL_FROM_GITHUB\NCL_IN_VISUALSTUDIO\SRC\RELEASE\ASWRITE.OBJ
C:\NCL_FROM_GITHUB\NCL_IN_VISUALSTUDIO\SRC\RELEASE\ATOLATTR.OBJ
C:\NCL_FROM_GITHUB\NCL_IN_VISUALSTUDIO\SRC\RELEASE\ATXTAUTO.OBJ
C:\NCL_FROM_GITHUB\NCL_IN_VISUALSTUDIO\SRC\RELEASE\ATXTCOM.OBJ
C:\NCL_FROM_GITHUB\NCL_IN_VISUALSTUDIO\SRC\RELEASE\ATXTDBA.OBJ
C:\NCL_FROM_GITHUB\NCL_IN_VISUALSTUDIO\SRC\RELEASE\ATXTDRW.OBJ
C:\NCL_FROM_GITHUB\NCL_IN_VISUALSTUDIO\SRC\RELEASE\ATXTEDIT.OBJ
C:\NCL_FROM_GITHUB\NCL_IN_VISUALSTUDIO\SRC\RELEASE\ATXTFRM.OBJ
C:\NCL_FROM_GITHUB\NCL_IN_VISUALSTUDIO\SRC\RELEASE\ATXTINIT.OBJ
C:\NCL_FROM_GITHUB\NCL_IN_VISUALSTUDIO\SRC\RELEASE\ATXTNOTE.OBJ
C:\NCL_FROM_GITHUB\NCL_IN_VISUALSTUDIO\SRC\RELEASE\ATXTUTL.OBJ
C:\NCL_FROM_GITHUB\NCL_IN_VISUALSTUDIO\SRC\RELEASE\AUTILITY.OBJ
C:\NCL_FROM_GITHUB\NCL_IN_VISUALSTUDIO\SRC\RELEASE\AXHATCH.OBJ
C:\NCL_FROM_GITHUB\NCL_IN_VISUALSTUDIO\SRC\RELEASE\AXHATCH2.OBJ
C:\NCL_FROM_GITHUB\NCL_IN_VISUALSTUDIO\SRC\RELEASE\AXHCLAS.OBJ
C:\NCL_FROM_GITHUB\NCL_IN_VISUALSTUDIO\SRC\RELEASE\AXHCSUP.OBJ
C:\NCL_FROM_GITHUB\NCL_IN_VISUALSTUDIO\SRC\RELEASE\AXHDIGS.OBJ
C:\NCL_FROM_GITHUB\NCL_IN_VISUALSTUDIO\SRC\RELEASE\AXHFORM.OBJ
C:\NCL_FROM_GITHUB\NCL_IN_VISUALSTUDIO\SRC\RELEASE\AXHINT.OBJ
C:\NCL_FROM_GITHUB\NCL_IN_VISUALSTUDIO\SRC\RELEASE\BADD2.OBJ
C:\NCL_FROM_GITHUB\NCL_IN_VISUALSTUDIO\SRC\RELEASE\BAUTOUP.OBJ
C:\NCL_FROM_GITHUB\NCL_IN_VISUALSTUDIO\SRC\RELEASE\BCONDBA.OBJ
C:\NCL_FROM_GITHUB\NCL_IN_VISUALSTUDIO\SRC\RELEASE\BCONECT.OBJ
C:\NCL_FROM_GITHUB\NCL_IN_VISUALSTUDIO\SRC\RELEASE\BCONINIT.OBJ
C:\NCL_FROM_GITHUB\NCL_IN_VISUALSTUDIO\SRC\RELEASE\BCONINST.OBJ
C:\NCL_FROM_GITHUB\NCL_IN_VISUALSTUDIO\SRC\RELEASE\BDEBUG.OBJ
C:\NCL_FROM_GITHUB\NCL_IN_VISUALSTUDIO\SRC\RELEASE\BDRWSYM.OBJ
C:\NCL_FROM_GITHUB\NCL_IN_VISUALSTUDIO\SRC\RELEASE\BEIMANIP.OBJ
C:\NCL_FROM_GITHUB\NCL_IN_VISUALSTUDIO\SRC\RELEASE\BFRMCOLR.OBJ
C:\NCL_FROM_GITHUB\NCL_IN_VISUALSTUDIO\SRC\RELEASE\BIDRAG.OBJ
C:\NCL_FROM_GITHUB\NCL_IN_VISUALSTUDIO\SRC\RELEASE\BIMGEOMC.OBJ
C:\NCL_FROM_GITHUB\NCL_IN_VISUALSTUDIO\SRC\RELEASE\BIMKTYPE.OBJ
C:\NCL_FROM_GITHUB\NCL_IN_VISUALSTUDIO\SRC\RELEASE\BINSTANCE.OBJ
C:\NCL_FROM_GITHUB\NCL_IN_VISUALSTUDIO\SRC\RELEASE\BIPLOAD.OBJ
C:\NCL_FROM_GITHUB\NCL_IN_VISUALSTUDIO\SRC\RELEASE\BMLIB.OBJ
C:\NCL_FROM_GITHUB\NCL_IN_VISUALSTUDIO\SRC\RELEASE\BOWTIE.OBJ
C:\NCL_FROM_GITHUB\NCL_IN_VISUALSTUDIO\SRC\RELEASE\BPERMSN.OBJ
C:\NCL_FROM_GITHUB\NCL_IN_VISUALSTUDIO\SRC\RELEASE\BQUERY.OBJ
C:\NCL_FROM_GITHUB\NCL_IN_VISUALSTUDIO\SRC\RELEASE\BSAVSYM.OBJ
C:\NCL_FROM_GITHUB\NCL_IN_VISUALSTUDIO\SRC\RELEASE\BSYMASOC.OBJ
C:\NCL_FROM_GITHUB\NCL_IN_VISUALSTUDIO\SRC\RELEASE\BSYMFRM.OBJ
C:\NCL_FROM_GITHUB\NCL_IN_VISUALSTUDIO\SRC\RELEASE\BUASK.OBJ
C:\NCL_FROM_GITHUB\NCL_IN_VISUALSTUDIO\SRC\RELEASE\BUCONECT.OBJ
C:\NCL_FROM_GITHUB\NCL_IN_VISUALSTUDIO\SRC\RELEASE\BUEXPLOD.OBJ
C:\NCL_FROM_GITHUB\NCL_IN_VISUALSTUDIO\SRC\RELEASE\BUMDATA.OBJ
C:\NCL_FROM_GITHUB\NCL_IN_VISUALSTUDIO\SRC\RELEASE\BUMLIB.OBJ
C:\NCL_FROM_GITHUB\NCL_IN_VISUALSTUDIO\SRC\RELEASE\BUMMANIP.OBJ
C:\NCL_FROM_GITHUB\NCL_IN_VISUALSTUDIO\SRC\RELEASE\BUMSYMC.OBJ
C:\NCL_FROM_GITHUB\NCL_IN_VISUALSTUDIO\SRC\RELEASE\BUPLOAD.OBJ
C:\NCL_FROM_GITHUB\NCL_IN_VISUALSTUDIO\SRC\RELEASE\BUSNODE.OBJ
C:\NCL_FROM_GITHUB\NCL_IN_VISUALSTUDIO\SRC\RELEASE\BXDBA.OBJ
C:\NCL_FROM_GITHUB\NCL_IN_VISUALSTUDIO\SRC\RELEASE\BXINIT.OBJ
C:\NCL_FROM_GITHUB\NCL_IN_VISUALSTUDIO\SRC\RELEASE\BXMANIP.OBJ
C:\NCL_FROM_GITHUB\NCL_IN_VISUALSTUDIO\SRC\RELEASE\BXTF.OBJ
C:\NCL_FROM_GITHUB\NCL_IN_VISUALSTUDIO\SRC\RELEASE\C1ASSOC.OBJ
C:\NCL_FROM_GITHUB\NCL_IN_VISUALSTUDIO\SRC\RELEASE\C1CLASS.OBJ
C:\NCL_FROM_GITHUB\NCL_IN_VISUALSTUDIO\SRC\RELEASE\C1CLASS1.OBJ
C:\NCL_FROM_GITHUB\NCL_IN_VISUALSTUDIO\SRC\RELEASE\C1CRV.OBJ
C:\NCL_FROM_GITHUB\NCL_IN_VISUALSTUDIO\SRC\RELEASE\C1DBA.OBJ
C:\NCL_FROM_GITHUB\NCL_IN_VISUALSTUDIO\SRC\RELEASE\C1SELSAV.OBJ
C:\NCL_FROM_GITHUB\NCL_IN_VISUALSTUDIO\SRC\RELEASE\C1SRF.OBJ
C:\NCL_FROM_GITHUB\NCL_IN_VISUALSTUDIO\SRC\RELEASE\C1UCLASS.OBJ
C:\NCL_FROM_GITHUB\NCL_IN_VISUALSTUDIO\SRC\RELEASE\C2BSTUB.OBJ
C:\NCL_FROM_GITHUB\NCL_IN_VISUALSTUDIO\SRC\RELEASE\CANNOIN.OBJ
C:\NCL_FROM_GITHUB\NCL_IN_VISUALSTUDIO\SRC\RELEASE\CAPPIN.OBJ
C:\NCL_FROM_GITHUB\NCL_IN_VISUALSTUDIO\SRC\RELEASE\CATTRIN.OBJ
C:\NCL_FROM_GITHUB\NCL_IN_VISUALSTUDIO\SRC\RELEASE\CCRVIN.OBJ
C:\NCL_FROM_GITHUB\NCL_IN_VISUALSTUDIO\SRC\RELEASE\CDRAFTIN.OBJ
C:\NCL_FROM_GITHUB\NCL_IN_VISUALSTUDIO\SRC\RELEASE\CGEOIN.OBJ
C:\NCL_from_GitHub\NCL_in_VisualStudio\src\Release\cl.command.1.tlog
C:\NCL_from_GitHub\NCL_in_VisualStudio\src\Release\CL.read.1.tlog
C:\NCL_from_GitHub\NCL_in_VisualStudio\src\Release\CL.write.1.tlog
C:\NCL_FROM_GITHUB\NCL_IN_VISUALSTUDIO\SRC\RELEASE\CLASSTAB.OBJ
C:\NCL_FROM_GITHUB\NCL_IN_VISUALSTUDIO\SRC\RELEASE\CLASSUP.OBJ
C:\NCL_FROM_GITHUB\NCL_IN_VISUALSTUDIO\SRC\RELEASE\CPERMSN.OBJ
C:\NCL_FROM_GITHUB\NCL_IN_VISUALSTUDIO\SRC\RELEASE\CRELAIN.OBJ
C:\NCL_FROM_GITHUB\NCL_IN_VISUALSTUDIO\SRC\RELEASE\CROOTIN.OBJ
C:\NCL_FROM_GITHUB\NCL_IN_VISUALSTUDIO\SRC\RELEASE\CSOLIN.OBJ
C:\NCL_FROM_GITHUB\NCL_IN_VISUALSTUDIO\SRC\RELEASE\CSRFIN.OBJ
C:\NCL_FROM_GITHUB\NCL_IN_VISUALSTUDIO\SRC\RELEASE\CSUPIN.OBJ
C:\NCL_FROM_GITHUB\NCL_IN_VISUALSTUDIO\SRC\RELEASE\CTEXTIN.OBJ
C:\NCL_FROM_GITHUB\NCL_IN_VISUALSTUDIO\SRC\RELEASE\CUCLASS.OBJ
C:\NCL_FROM_GITHUB\NCL_IN_VISUALSTUDIO\SRC\RELEASE\CUINIT.OBJ
C:\NCL_FROM_GITHUB\NCL_IN_VISUALSTUDIO\SRC\RELEASE\CUNIBIN.OBJ
C:\NCL_FROM_GITHUB\NCL_IN_VISUALSTUDIO\SRC\RELEASE\D1CMDIF.OBJ
C:\NCL_FROM_GITHUB\NCL_IN_VISUALSTUDIO\SRC\RELEASE\D1DOPNGL.OBJ
C:\NCL_FROM_GITHUB\NCL_IN_VISUALSTUDIO\SRC\RELEASE\D1DRAG.OBJ
C:\NCL_FROM_GITHUB\NCL_IN_VISUALSTUDIO\SRC\RELEASE\D1GKSSUP.OBJ
C:\NCL_FROM_GITHUB\NCL_IN_VISUALSTUDIO\SRC\RELEASE\D1ICONF.OBJ
C:\NCL_FROM_GITHUB\NCL_IN_VISUALSTUDIO\SRC\RELEASE\D1INDAS.OBJ
C:\NCL_FROM_GITHUB\NCL_IN_VISUALSTUDIO\SRC\RELEASE\D1INITD.OBJ
C:\NCL_FROM_GITHUB\NCL_IN_VISUALSTUDIO\SRC\RELEASE\D1INITMU.OBJ
C:\NCL_FROM_GITHUB\NCL_IN_VISUALSTUDIO\SRC\RELEASE\D1INUIM.OBJ
C:\NCL_FROM_GITHUB\NCL_IN_VISUALSTUDIO\SRC\RELEASE\D1RECT.OBJ
C:\NCL_FROM_GITHUB\NCL_IN_VISUALSTUDIO\SRC\RELEASE\D1RUBBER.OBJ
C:\NCL_FROM_GITHUB\NCL_IN_VISUALSTUDIO\SRC\RELEASE\D2AUXM.OBJ
C:\NCL_FROM_GITHUB\NCL_IN_VISUALSTUDIO\SRC\RELEASE\D2DAS.OBJ
C:\NCL_FROM_GITHUB\NCL_IN_VISUALSTUDIO\SRC\RELEASE\D2DPL.OBJ
C:\NCL_FROM_GITHUB\NCL_IN_VISUALSTUDIO\SRC\RELEASE\D2EPOP.OBJ
C:\NCL_FROM_GITHUB\NCL_IN_VISUALSTUDIO\SRC\RELEASE\D2GETCOL.OBJ
C:\NCL_FROM_GITHUB\NCL_IN_VISUALSTUDIO\SRC\RELEASE\D2HLDAS.OBJ
C:\NCL_FROM_GITHUB\NCL_IN_VISUALSTUDIO\SRC\RELEASE\D2HLDCD.OBJ
C:\NCL_FROM_GITHUB\NCL_IN_VISUALSTUDIO\SRC\RELEASE\D2HLDPK.OBJ
C:\NCL_FROM_GITHUB\NCL_IN_VISUALSTUDIO\SRC\RELEASE\D2HLDST.OBJ
C:\NCL_FROM_GITHUB\NCL_IN_VISUALSTUDIO\SRC\RELEASE\D2LIMDS.OBJ
C:\NCL_FROM_GITHUB\NCL_IN_VISUALSTUDIO\SRC\RELEASE\D2PLANE.OBJ
C:\NCL_FROM_GITHUB\NCL_IN_VISUALSTUDIO\SRC\RELEASE\D2POPUP.OBJ
C:\NCL_FROM_GITHUB\NCL_IN_VISUALSTUDIO\SRC\RELEASE\D2TIMSP.OBJ
C:\NCL_FROM_GITHUB\NCL_IN_VISUALSTUDIO\SRC\RELEASE\D3ICNUM.OBJ
C:\NCL_FROM_GITHUB\NCL_IN_VISUALSTUDIO\SRC\RELEASE\D3JUMP.OBJ
C:\NCL_FROM_GITHUB\NCL_IN_VISUALSTUDIO\SRC\RELEASE\D3PIPE1.OBJ
C:\NCL_FROM_GITHUB\NCL_IN_VISUALSTUDIO\SRC\RELEASE\D3PIPE2.OBJ
C:\NCL_FROM_GITHUB\NCL_IN_VISUALSTUDIO\SRC\RELEASE\D3PIPE3.OBJ
C:\NCL_FROM_GITHUB\NCL_IN_VISUALSTUDIO\SRC\RELEASE\D3PREVT.OBJ
C:\NCL_FROM_GITHUB\NCL_IN_VISUALSTUDIO\SRC\RELEASE\D3READ.OBJ
C:\NCL_FROM_GITHUB\NCL_IN_VISUALSTUDIO\SRC\RELEASE\D3RP.OBJ
C:\NCL_FROM_GITHUB\NCL_IN_VISUALSTUDIO\SRC\RELEASE\D3RP1.OBJ
C:\NCL_FROM_GITHUB\NCL_IN_VISUALSTUDIO\SRC\RELEASE\D3RPSUP.OBJ
C:\NCL_FROM_GITHUB\NCL_IN_VISUALSTUDIO\SRC\RELEASE\D3UIMS.OBJ
C:\NCL_FROM_GITHUB\NCL_IN_VISUALSTUDIO\SRC\RELEASE\D3UIMS2.OBJ
C:\NCL_FROM_GITHUB\NCL_IN_VISUALSTUDIO\SRC\RELEASE\D3WIN.OBJ
C:\NCL_FROM_GITHUB\NCL_IN_VISUALSTUDIO\SRC\RELEASE\D4ACTFL.OBJ
C:\NCL_FROM_GITHUB\NCL_IN_VISUALSTUDIO\SRC\RELEASE\D4ACTFM.OBJ
C:\NCL_FROM_GITHUB\NCL_IN_VISUALSTUDIO\SRC\RELEASE\D4ACTFR.OBJ
C:\NCL_FROM_GITHUB\NCL_IN_VISUALSTUDIO\SRC\RELEASE\D4CKDAT.OBJ
C:\NCL_FROM_GITHUB\NCL_IN_VISUALSTUDIO\SRC\RELEASE\D4DATX.OBJ
C:\NCL_FROM_GITHUB\NCL_IN_VISUALSTUDIO\SRC\RELEASE\D4DVGIO.OBJ
C:\NCL_FROM_GITHUB\NCL_IN_VISUALSTUDIO\SRC\RELEASE\D4FORM.OBJ
C:\NCL_FROM_GITHUB\NCL_IN_VISUALSTUDIO\SRC\RELEASE\D4LOADF.OBJ
C:\NCL_FROM_GITHUB\NCL_IN_VISUALSTUDIO\SRC\RELEASE\D4METH.OBJ
C:\NCL_FROM_GITHUB\NCL_IN_VISUALSTUDIO\SRC\RELEASE\D4METH2.OBJ
C:\NCL_FROM_GITHUB\NCL_IN_VISUALSTUDIO\SRC\RELEASE\D4PRUNIT.OBJ
C:\NCL_FROM_GITHUB\NCL_IN_VISUALSTUDIO\SRC\RELEASE\D4PSTAT.OBJ
C:\NCL_FROM_GITHUB\NCL_IN_VISUALSTUDIO\SRC\RELEASE\D5CALSEL.OBJ
C:\NCL_FROM_GITHUB\NCL_IN_VISUALSTUDIO\SRC\RELEASE\D5DASIN.OBJ
C:\NCL_FROM_GITHUB\NCL_IN_VISUALSTUDIO\SRC\RELEASE\D5FILT.OBJ
C:\NCL_FROM_GITHUB\NCL_IN_VISUALSTUDIO\SRC\RELEASE\D5GTFILT.OBJ
C:\NCL_FROM_GITHUB\NCL_IN_VISUALSTUDIO\SRC\RELEASE\D5LGIO.OBJ
C:\NCL_FROM_GITHUB\NCL_IN_VISUALSTUDIO\SRC\RELEASE\D5LGSUB.OBJ
C:\NCL_FROM_GITHUB\NCL_IN_VISUALSTUDIO\SRC\RELEASE\D5MENU.OBJ
C:\NCL_FROM_GITHUB\NCL_IN_VISUALSTUDIO\SRC\RELEASE\D5MUDSP.OBJ
C:\NCL_FROM_GITHUB\NCL_IN_VISUALSTUDIO\SRC\RELEASE\D5MUFST.OBJ
C:\NCL_FROM_GITHUB\NCL_IN_VISUALSTUDIO\SRC\RELEASE\D5MUIN.OBJ
C:\NCL_FROM_GITHUB\NCL_IN_VISUALSTUDIO\SRC\RELEASE\D5MUINT.OBJ
C:\NCL_FROM_GITHUB\NCL_IN_VISUALSTUDIO\SRC\RELEASE\D5MUNAV.OBJ
C:\NCL_FROM_GITHUB\NCL_IN_VISUALSTUDIO\SRC\RELEASE\D5MUNAV1.OBJ
C:\NCL_FROM_GITHUB\NCL_IN_VISUALSTUDIO\SRC\RELEASE\D5SEL.OBJ
C:\NCL_FROM_GITHUB\NCL_IN_VISUALSTUDIO\SRC\RELEASE\D5SEL1.OBJ
C:\NCL_FROM_GITHUB\NCL_IN_VISUALSTUDIO\SRC\RELEASE\D5SEL2.OBJ
C:\NCL_FROM_GITHUB\NCL_IN_VISUALSTUDIO\SRC\RELEASE\D5SEMMCH.OBJ
C:\NCL_FROM_GITHUB\NCL_IN_VISUALSTUDIO\SRC\RELEASE\D5STACK.OBJ
C:\NCL_FROM_GITHUB\NCL_IN_VISUALSTUDIO\SRC\RELEASE\D6DHELP.OBJ
C:\NCL_FROM_GITHUB\NCL_IN_VISUALSTUDIO\SRC\RELEASE\D6LAYRN.OBJ
C:\NCL_FROM_GITHUB\NCL_IN_VISUALSTUDIO\SRC\RELEASE\D6SDEB.OBJ
C:\NCL_FROM_GITHUB\NCL_IN_VISUALSTUDIO\SRC\RELEASE\D7MENU.OBJ
C:\NCL_FROM_GITHUB\NCL_IN_VISUALSTUDIO\SRC\RELEASE\D7MLAYOUT.OBJ
C:\NCL_FROM_GITHUB\NCL_IN_VISUALSTUDIO\SRC\RELEASE\DASEG.OBJ
C:\NCL_FROM_GITHUB\NCL_IN_VISUALSTUDIO\SRC\RELEASE\DPIKSTK.OBJ
C:\NCL_FROM_GITHUB\NCL_IN_VISUALSTUDIO\SRC\RELEASE\DPRINT.OBJ
C:\NCL_FROM_GITHUB\NCL_IN_VISUALSTUDIO\SRC\RELEASE\DUNITS.OBJ
C:\NCL_FROM_GITHUB\NCL_IN_VISUALSTUDIO\SRC\RELEASE\F2LINE.OBJ
C:\NCL_FROM_GITHUB\NCL_IN_VISUALSTUDIO\SRC\RELEASE\F3CIRCLE.OBJ
C:\NCL_FROM_GITHUB\NCL_IN_VISUALSTUDIO\SRC\RELEASE\F4CONIC.OBJ
C:\NCL_FROM_GITHUB\NCL_IN_VISUALSTUDIO\SRC\RELEASE\F5COMP.OBJ
C:\NCL_FROM_GITHUB\NCL_IN_VISUALSTUDIO\SRC\RELEASE\F6SPLINE.OBJ
C:\NCL_FROM_GITHUB\NCL_IN_VISUALSTUDIO\SRC\RELEASE\F7SPLINE.OBJ
C:\NCL_FROM_GITHUB\NCL_IN_VISUALSTUDIO\SRC\RELEASE\F8SOLID.OBJ
C:\NCL_FROM_GITHUB\NCL_IN_VISUALSTUDIO\SRC\RELEASE\FARROW.OBJ
C:\NCL_FROM_GITHUB\NCL_IN_VISUALSTUDIO\SRC\RELEASE\FEACALC.OBJ
C:\NCL_FROM_GITHUB\NCL_IN_VISUALSTUDIO\SRC\RELEASE\FEACOORD.OBJ
C:\NCL_FROM_GITHUB\NCL_IN_VISUALSTUDIO\SRC\RELEASE\FEAINIT.OBJ
C:\NCL_FROM_GITHUB\NCL_IN_VISUALSTUDIO\SRC\RELEASE\FEAMAIN.OBJ
C:\NCL_FROM_GITHUB\NCL_IN_VISUALSTUDIO\SRC\RELEASE\FEAPICK.OBJ
C:\NCL_FROM_GITHUB\NCL_IN_VISUALSTUDIO\SRC\RELEASE\FEAREAL.OBJ
C:\NCL_FROM_GITHUB\NCL_IN_VISUALSTUDIO\SRC\RELEASE\FEARESET.OBJ
C:\NCL_FROM_GITHUB\NCL_IN_VISUALSTUDIO\SRC\RELEASE\FEASUB.OBJ
C:\NCL_FROM_GITHUB\NCL_IN_VISUALSTUDIO\SRC\RELEASE\FEAVECT.OBJ
C:\NCL_FROM_GITHUB\NCL_IN_VISUALSTUDIO\SRC\RELEASE\G3DSUP.OBJ
C:\NCL_FROM_GITHUB\NCL_IN_VISUALSTUDIO\SRC\RELEASE\GANSI.OBJ
C:\NCL_FROM_GITHUB\NCL_IN_VISUALSTUDIO\SRC\RELEASE\GARCH.OBJ
C:\NCL_FROM_GITHUB\NCL_IN_VISUALSTUDIO\SRC\RELEASE\GARCHALL.OBJ
C:\NCL_FROM_GITHUB\NCL_IN_VISUALSTUDIO\SRC\RELEASE\GARCHIO.OBJ
C:\NCL_FROM_GITHUB\NCL_IN_VISUALSTUDIO\SRC\RELEASE\GATTS.OBJ
C:\NCL_FROM_GITHUB\NCL_IN_VISUALSTUDIO\SRC\RELEASE\GATTS2.OBJ
C:\NCL_FROM_GITHUB\NCL_IN_VISUALSTUDIO\SRC\RELEASE\GATTS3.OBJ
C:\NCL_FROM_GITHUB\NCL_IN_VISUALSTUDIO\SRC\RELEASE\GCHCHI.OBJ
C:\NCL_FROM_GITHUB\NCL_IN_VISUALSTUDIO\SRC\RELEASE\GCONVERT.OBJ
C:\NCL_FROM_GITHUB\NCL_IN_VISUALSTUDIO\SRC\RELEASE\GCTRL.OBJ
C:\NCL_FROM_GITHUB\NCL_IN_VISUALSTUDIO\SRC\RELEASE\GDCOORD.OBJ
C:\NCL_FROM_GITHUB\NCL_IN_VISUALSTUDIO\SRC\RELEASE\GDDEV.OBJ
C:\NCL_FROM_GITHUB\NCL_IN_VISUALSTUDIO\SRC\RELEASE\GDDEV2.OBJ
C:\NCL_FROM_GITHUB\NCL_IN_VISUALSTUDIO\SRC\RELEASE\GDTEXT.OBJ
C:\NCL_FROM_GITHUB\NCL_IN_VISUALSTUDIO\SRC\RELEASE\GENSHAD.OBJ
C:\NCL_FROM_GITHUB\NCL_IN_VISUALSTUDIO\SRC\RELEASE\GENSPAN2.OBJ
C:\NCL_FROM_GITHUB\NCL_IN_VISUALSTUDIO\SRC\RELEASE\GERROR.OBJ
C:\NCL_FROM_GITHUB\NCL_IN_VISUALSTUDIO\SRC\RELEASE\GFIND.OBJ
C:\NCL_FROM_GITHUB\NCL_IN_VISUALSTUDIO\SRC\RELEASE\GINP.OBJ
C:\NCL_FROM_GITHUB\NCL_IN_VISUALSTUDIO\SRC\RELEASE\GINQ.OBJ
C:\NCL_FROM_GITHUB\NCL_IN_VISUALSTUDIO\SRC\RELEASE\GKSFTN.OBJ
C:\NCL_FROM_GITHUB\NCL_IN_VISUALSTUDIO\SRC\RELEASE\GLNITR.OBJ
C:\NCL_FROM_GITHUB\NCL_IN_VISUALSTUDIO\SRC\RELEASE\GLNSTYLE.OBJ
C:\NCL_FROM_GITHUB\NCL_IN_VISUALSTUDIO\SRC\RELEASE\GLNWDT.OBJ
C:\NCL_FROM_GITHUB\NCL_IN_VISUALSTUDIO\SRC\RELEASE\GLSI2.OBJ
C:\NCL_FROM_GITHUB\NCL_IN_VISUALSTUDIO\SRC\RELEASE\GMAT4.OBJ
C:\NCL_FROM_GITHUB\NCL_IN_VISUALSTUDIO\SRC\RELEASE\GMATH.OBJ
C:\NCL_FROM_GITHUB\NCL_IN_VISUALSTUDIO\SRC\RELEASE\GMEDCUT.OBJ
C:\NCL_FROM_GITHUB\NCL_IN_VISUALSTUDIO\SRC\RELEASE\GMEDFIND.OBJ
C:\NCL_FROM_GITHUB\NCL_IN_VISUALSTUDIO\SRC\RELEASE\GMEDOUT.OBJ
C:\NCL_FROM_GITHUB\NCL_IN_VISUALSTUDIO\SRC\RELEASE\GNDC.OBJ
C:\NCL_FROM_GITHUB\NCL_IN_VISUALSTUDIO\SRC\RELEASE\GNINTRP.OBJ
C:\NCL_FROM_GITHUB\NCL_IN_VISUALSTUDIO\SRC\RELEASE\GNOUT.OBJ
C:\NCL_FROM_GITHUB\NCL_IN_VISUALSTUDIO\SRC\RELEASE\GOUT.OBJ
C:\NCL_FROM_GITHUB\NCL_IN_VISUALSTUDIO\SRC\RELEASE\GOUT2.OBJ
C:\NCL_FROM_GITHUB\NCL_IN_VISUALSTUDIO\SRC\RELEASE\GOUT3.OBJ
C:\NCL_FROM_GITHUB\NCL_IN_VISUALSTUDIO\SRC\RELEASE\GOUTFA.OBJ
C:\NCL_FROM_GITHUB\NCL_IN_VISUALSTUDIO\SRC\RELEASE\GPCOEF.OBJ
C:\NCL_FROM_GITHUB\NCL_IN_VISUALSTUDIO\SRC\RELEASE\GPICK.OBJ
C:\NCL_FROM_GITHUB\NCL_IN_VISUALSTUDIO\SRC\RELEASE\GPICK2.OBJ
C:\NCL_FROM_GITHUB\NCL_IN_VISUALSTUDIO\SRC\RELEASE\GPICKRAS.OBJ
C:\NCL_FROM_GITHUB\NCL_IN_VISUALSTUDIO\SRC\RELEASE\GPOCKET.OBJ
C:\NCL_FROM_GITHUB\NCL_IN_VISUALSTUDIO\SRC\RELEASE\GPOLYZ.OBJ
C:\NCL_FROM_GITHUB\NCL_IN_VISUALSTUDIO\SRC\RELEASE\GPOW.OBJ
C:\NCL_FROM_GITHUB\NCL_IN_VISUALSTUDIO\SRC\RELEASE\GQELT.OBJ
C:\NCL_FROM_GITHUB\NCL_IN_VISUALSTUDIO\SRC\RELEASE\GRECRE.OBJ
C:\NCL_FROM_GITHUB\NCL_IN_VISUALSTUDIO\SRC\RELEASE\GREFLCT.OBJ
C:\NCL_FROM_GITHUB\NCL_IN_VISUALSTUDIO\SRC\RELEASE\GRGB.OBJ
C:\NCL_FROM_GITHUB\NCL_IN_VISUALSTUDIO\SRC\RELEASE\GSAVSC.OBJ
C:\NCL_FROM_GITHUB\NCL_IN_VISUALSTUDIO\SRC\RELEASE\GSEG.OBJ
C:\NCL_FROM_GITHUB\NCL_IN_VISUALSTUDIO\SRC\RELEASE\GSEGAC.OBJ
C:\NCL_FROM_GITHUB\NCL_IN_VISUALSTUDIO\SRC\RELEASE\GSEGRAS.OBJ
C:\NCL_FROM_GITHUB\NCL_IN_VISUALSTUDIO\SRC\RELEASE\GSHADE.OBJ
C:\NCL_FROM_GITHUB\NCL_IN_VISUALSTUDIO\SRC\RELEASE\GSQRT.OBJ
C:\NCL_FROM_GITHUB\NCL_IN_VISUALSTUDIO\SRC\RELEASE\GSREN.OBJ
C:\NCL_FROM_GITHUB\NCL_IN_VISUALSTUDIO\SRC\RELEASE\GTNORM.OBJ
C:\NCL_FROM_GITHUB\NCL_IN_VISUALSTUDIO\SRC\RELEASE\GTRAN.OBJ
C:\NCL_FROM_GITHUB\NCL_IN_VISUALSTUDIO\SRC\RELEASE\GTRAN2.OBJ
C:\NCL_FROM_GITHUB\NCL_IN_VISUALSTUDIO\SRC\RELEASE\GTRAN3.OBJ
C:\NCL_FROM_GITHUB\NCL_IN_VISUALSTUDIO\SRC\RELEASE\GTRAN4.OBJ
C:\NCL_FROM_GITHUB\NCL_IN_VISUALSTUDIO\SRC\RELEASE\GTRAN5.OBJ
C:\NCL_FROM_GITHUB\NCL_IN_VISUALSTUDIO\SRC\RELEASE\GTRANA.OBJ
C:\NCL_FROM_GITHUB\NCL_IN_VISUALSTUDIO\SRC\RELEASE\GTRANWS.OBJ
C:\NCL_FROM_GITHUB\NCL_IN_VISUALSTUDIO\SRC\RELEASE\GTTIO.OBJ
C:\NCL_FROM_GITHUB\NCL_IN_VISUALSTUDIO\SRC\RELEASE\GVIW.OBJ
C:\NCL_FROM_GITHUB\NCL_IN_VISUALSTUDIO\SRC\RELEASE\GVIW2.OBJ
C:\NCL_FROM_GITHUB\NCL_IN_VISUALSTUDIO\SRC\RELEASE\GVIW3.OBJ
C:\NCL_FROM_GITHUB\NCL_IN_VISUALSTUDIO\SRC\RELEASE\GVLIB.OBJ
C:\NCL_FROM_GITHUB\NCL_IN_VISUALSTUDIO\SRC\RELEASE\GWRAP.OBJ
C:\NCL_FROM_GITHUB\NCL_IN_VISUALSTUDIO\SRC\RELEASE\HOSTID_NT.OBJ
C:\NCL_FROM_GITHUB\NCL_IN_VISUALSTUDIO\SRC\RELEASE\IMOUSE3.OBJ
C:\NCL_FROM_GITHUB\NCL_IN_VISUALSTUDIO\SRC\RELEASE\IPUCK4.OBJ
C:\NCL_FROM_GITHUB\NCL_IN_VISUALSTUDIO\SRC\RELEASE\IUNIHEP.OBJ
C:\NCL_FROM_GITHUB\NCL_IN_VISUALSTUDIO\SRC\RELEASE\JAUTO.OBJ
C:\NCL_FROM_GITHUB\NCL_IN_VISUALSTUDIO\SRC\RELEASE\JFMGT.OBJ
C:\NCL_FROM_GITHUB\NCL_IN_VISUALSTUDIO\SRC\RELEASE\JMISC.OBJ
C:\NCL_FROM_GITHUB\NCL_IN_VISUALSTUDIO\SRC\RELEASE\JPENTBF.OBJ
C:\NCL_FROM_GITHUB\NCL_IN_VISUALSTUDIO\SRC\RELEASE\JPLOTFRM.OBJ
C:\NCL_FROM_GITHUB\NCL_IN_VISUALSTUDIO\SRC\RELEASE\JPLOTIT.OBJ
C:\NCL_FROM_GITHUB\NCL_IN_VISUALSTUDIO\SRC\RELEASE\JPLOTSZ.OBJ
C:\NCL_FROM_GITHUB\NCL_IN_VISUALSTUDIO\SRC\RELEASE\JQUERY.OBJ
C:\NCL_FROM_GITHUB\NCL_IN_VISUALSTUDIO\SRC\RELEASE\JREADMU.OBJ
C:\NCL_FROM_GITHUB\NCL_IN_VISUALSTUDIO\SRC\RELEASE\JSIGNONF.OBJ
C:\NCL_FROM_GITHUB\NCL_IN_VISUALSTUDIO\SRC\RELEASE\JTRCBACK.OBJ
C:\NCL_FROM_GITHUB\NCL_IN_VISUALSTUDIO\SRC\RELEASE\JTUTO.OBJ
C:\NCL_FROM_GITHUB\NCL_IN_VISUALSTUDIO\SRC\RELEASE\JUQUERY.OBJ
C:\NCL_FROM_GITHUB\NCL_IN_VISUALSTUDIO\SRC\RELEASE\LAST.OBJ
C:\NCL_FROM_GITHUB\NCL_IN_VISUALSTUDIO\SRC\RELEASE\LDIR.OBJ
C:\NCL_FROM_GITHUB\NCL_IN_VISUALSTUDIO\SRC\RELEASE\LDISPLAY.OBJ
C:\NCL_FROM_GITHUB\NCL_IN_VISUALSTUDIO\SRC\RELEASE\LINIT.OBJ
C:\NCL_from_GitHub\NCL_in_VisualStudio\src\Release\link.command.1.tlog
C:\NCL_from_GitHub\NCL_in_VisualStudio\src\Release\link.read.1.tlog
C:\NCL_from_GitHub\NCL_in_VisualStudio\src\Release\link.write.1.tlog
C:\NCL_from_GitHub\NCL_in_VisualStudio\src\Release\link-cvtres.read.1.tlog
C:\NCL_from_GitHub\NCL_in_VisualStudio\src\Release\link-cvtres.write.1.tlog
C:\NCL_FROM_GITHUB\NCL_IN_VISUALSTUDIO\SRC\RELEASE\LIPV.OBJ
C:\NCL_FROM_GITHUB\NCL_IN_VISUALSTUDIO\SRC\RELEASE\LIPV1.OBJ
C:\NCL_FROM_GITHUB\NCL_IN_VISUALSTUDIO\SRC\RELEASE\LIPVASSEM.OBJ
C:\NCL_FROM_GITHUB\NCL_IN_VISUALSTUDIO\SRC\RELEASE\LIPVAXIS.OBJ
C:\NCL_FROM_GITHUB\NCL_IN_VISUALSTUDIO\SRC\RELEASE\LIPVCMD.OBJ
C:\NCL_FROM_GITHUB\NCL_IN_VISUALSTUDIO\SRC\RELEASE\LIPVCMD1.OBJ
C:\NCL_FROM_GITHUB\NCL_IN_VISUALSTUDIO\SRC\RELEASE\LIPVCOLOR.OBJ
C:\NCL_FROM_GITHUB\NCL_IN_VISUALSTUDIO\SRC\RELEASE\LIPVCOMP.OBJ
C:\NCL_FROM_GITHUB\NCL_IN_VISUALSTUDIO\SRC\RELEASE\LIPVDIAG.OBJ
C:\NCL_FROM_GITHUB\NCL_IN_VISUALSTUDIO\SRC\RELEASE\LIPVDIAG1.OBJ
C:\NCL_FROM_GITHUB\NCL_IN_VISUALSTUDIO\SRC\RELEASE\LIPVDISP.OBJ
C:\NCL_FROM_GITHUB\NCL_IN_VISUALSTUDIO\SRC\RELEASE\LIPVLIGHT.OBJ
C:\NCL_FROM_GITHUB\NCL_IN_VISUALSTUDIO\SRC\RELEASE\LIPVMACH.OBJ
C:\NCL_FROM_GITHUB\NCL_IN_VISUALSTUDIO\SRC\RELEASE\LIPVMACH1.OBJ
C:\NCL_FROM_GITHUB\NCL_IN_VISUALSTUDIO\SRC\RELEASE\LIPVMACH2.OBJ
C:\NCL_FROM_GITHUB\NCL_IN_VISUALSTUDIO\SRC\RELEASE\LIPVMACH3.OBJ
C:\NCL_FROM_GITHUB\NCL_IN_VISUALSTUDIO\SRC\RELEASE\LIPVMACH4.OBJ
C:\NCL_FROM_GITHUB\NCL_IN_VISUALSTUDIO\SRC\RELEASE\LIPVMEAS.OBJ
C:\NCL_FROM_GITHUB\NCL_IN_VISUALSTUDIO\SRC\RELEASE\LIPVMOD.OBJ
C:\NCL_FROM_GITHUB\NCL_IN_VISUALSTUDIO\SRC\RELEASE\LIPVMODALS.OBJ
C:\NCL_FROM_GITHUB\NCL_IN_VISUALSTUDIO\SRC\RELEASE\LIPVMOT.OBJ
C:\NCL_FROM_GITHUB\NCL_IN_VISUALSTUDIO\SRC\RELEASE\LIPVMOTSTK.OBJ
C:\NCL_FROM_GITHUB\NCL_IN_VISUALSTUDIO\SRC\RELEASE\LIPVMOTSTK1.OBJ
C:\NCL_FROM_GITHUB\NCL_IN_VISUALSTUDIO\SRC\RELEASE\LIPVMOTSUP.OBJ
C:\NCL_FROM_GITHUB\NCL_IN_VISUALSTUDIO\SRC\RELEASE\LIPVMSL.OBJ
C:\NCL_FROM_GITHUB\NCL_IN_VISUALSTUDIO\SRC\RELEASE\LIPVPLAY.OBJ
C:\NCL_FROM_GITHUB\NCL_IN_VISUALSTUDIO\SRC\RELEASE\LIPVREGION.OBJ
C:\NCL_FROM_GITHUB\NCL_IN_VISUALSTUDIO\SRC\RELEASE\LIPVSESS.OBJ
C:\NCL_FROM_GITHUB\NCL_IN_VISUALSTUDIO\SRC\RELEASE\LIPVSTK.OBJ
C:\NCL_FROM_GITHUB\NCL_IN_VISUALSTUDIO\SRC\RELEASE\LIPVSTK1.OBJ
C:\NCL_FROM_GITHUB\NCL_IN_VISUALSTUDIO\SRC\RELEASE\LIPVSTK2.OBJ
C:\NCL_FROM_GITHUB\NCL_IN_VISUALSTUDIO\SRC\RELEASE\LIPVSTKMOD.OBJ
C:\NCL_FROM_GITHUB\NCL_IN_VISUALSTUDIO\SRC\RELEASE\LIPVSTUBS.OBJ
C:\NCL_FROM_GITHUB\NCL_IN_VISUALSTUDIO\SRC\RELEASE\LIPVSUP.OBJ
C:\NCL_FROM_GITHUB\NCL_IN_VISUALSTUDIO\SRC\RELEASE\LIPVTOOL.OBJ
C:\NCL_FROM_GITHUB\NCL_IN_VISUALSTUDIO\SRC\RELEASE\LIPVVIEW.OBJ
C:\NCL_FROM_GITHUB\NCL_IN_VISUALSTUDIO\SRC\RELEASE\LIPVVIEW2.OBJ
C:\NCL_FROM_GITHUB\NCL_IN_VISUALSTUDIO\SRC\RELEASE\LMICONF.OBJ
C:\NCL_FROM_GITHUB\NCL_IN_VISUALSTUDIO\SRC\RELEASE\LMISC.OBJ
C:\NCL_FROM_GITHUB\NCL_IN_VISUALSTUDIO\SRC\RELEASE\LMODALS.OBJ
C:\NCL_FROM_GITHUB\NCL_IN_VISUALSTUDIO\SRC\RELEASE\LMODALS1.OBJ
C:\NCL_FROM_GITHUB\NCL_IN_VISUALSTUDIO\SRC\RELEASE\LMODFILE.OBJ
C:\NCL_FROM_GITHUB\NCL_IN_VISUALSTUDIO\SRC\RELEASE\LMPARSE.OBJ
C:\NCL_FROM_GITHUB\NCL_IN_VISUALSTUDIO\SRC\RELEASE\LNCL.OBJ
C:\NCL_FROM_GITHUB\NCL_IN_VISUALSTUDIO\SRC\RELEASE\LSESSION1.OBJ
C:\NCL_FROM_GITHUB\NCL_IN_VISUALSTUDIO\SRC\RELEASE\LSESSION2.OBJ
C:\NCL_FROM_GITHUB\NCL_IN_VISUALSTUDIO\SRC\RELEASE\LSETDIR.OBJ
C:\NCL_FROM_GITHUB\NCL_IN_VISUALSTUDIO\SRC\RELEASE\LSIGNON.OBJ
C:\NCL_FROM_GITHUB\NCL_IN_VISUALSTUDIO\SRC\RELEASE\LTERMIO.OBJ
C:\NCL_FROM_GITHUB\NCL_IN_VISUALSTUDIO\SRC\RELEASE\LUBATCH.OBJ
C:\NCL_FROM_GITHUB\NCL_IN_VISUALSTUDIO\SRC\RELEASE\LUFILE.OBJ
C:\NCL_FROM_GITHUB\NCL_IN_VISUALSTUDIO\SRC\RELEASE\LUSYSTEM.OBJ
C:\NCL_FROM_GITHUB\NCL_IN_VISUALSTUDIO\SRC\RELEASE\LUTAPE.OBJ
C:\NCL_FROM_GITHUB\NCL_IN_VISUALSTUDIO\SRC\RELEASE\LUUTIL.OBJ
C:\NCL_FROM_GITHUB\NCL_IN_VISUALSTUDIO\SRC\RELEASE\LVERIFY.OBJ
C:\NCL_FROM_GITHUB\NCL_IN_VISUALSTUDIO\SRC\RELEASE\LVERIFY1.OBJ
C:\NCL_FROM_GITHUB\NCL_IN_VISUALSTUDIO\SRC\RELEASE\LVERIFY2.OBJ
C:\NCL_FROM_GITHUB\NCL_IN_VISUALSTUDIO\SRC\RELEASE\LWINDOW.OBJ
C:\NCL_FROM_GITHUB\NCL_IN_VISUALSTUDIO\SRC\RELEASE\M1MCRV.OBJ
C:\NCL_FROM_GITHUB\NCL_IN_VISUALSTUDIO\SRC\RELEASE\M1ROMENU.OBJ
C:\NCL_FROM_GITHUB\NCL_IN_VISUALSTUDIO\SRC\RELEASE\M1ROMINI.OBJ
C:\NCL_FROM_GITHUB\NCL_IN_VISUALSTUDIO\SRC\RELEASE\M2CALCF.OBJ
C:\NCL_FROM_GITHUB\NCL_IN_VISUALSTUDIO\SRC\RELEASE\M2DASUP1.OBJ
C:\NCL_FROM_GITHUB\NCL_IN_VISUALSTUDIO\SRC\RELEASE\M2DASUP2.OBJ
C:\NCL_FROM_GITHUB\NCL_IN_VISUALSTUDIO\SRC\RELEASE\M2DASUP3.OBJ
C:\NCL_FROM_GITHUB\NCL_IN_VISUALSTUDIO\SRC\RELEASE\M2DASUP4.OBJ
C:\NCL_FROM_GITHUB\NCL_IN_VISUALSTUDIO\SRC\RELEASE\M2DBA.OBJ
C:\NCL_FROM_GITHUB\NCL_IN_VISUALSTUDIO\SRC\RELEASE\M2DBA2.OBJ
C:\NCL_FROM_GITHUB\NCL_IN_VISUALSTUDIO\SRC\RELEASE\M2DEBMDL.OBJ
C:\NCL_FROM_GITHUB\NCL_IN_VISUALSTUDIO\SRC\RELEASE\M2DELETE.OBJ
C:\NCL_FROM_GITHUB\NCL_IN_VISUALSTUDIO\SRC\RELEASE\M2DYNMEM.OBJ
C:\NCL_FROM_GITHUB\NCL_IN_VISUALSTUDIO\SRC\RELEASE\M2EGEN.OBJ
C:\NCL_FROM_GITHUB\NCL_IN_VISUALSTUDIO\SRC\RELEASE\M2EINIT.OBJ
C:\NCL_FROM_GITHUB\NCL_IN_VISUALSTUDIO\SRC\RELEASE\M2EIREL.OBJ
C:\NCL_FROM_GITHUB\NCL_IN_VISUALSTUDIO\SRC\RELEASE\M2ELABEL.OBJ
C:\NCL_FROM_GITHUB\NCL_IN_VISUALSTUDIO\SRC\RELEASE\M2ELIGHT.OBJ
C:\NCL_FROM_GITHUB\NCL_IN_VISUALSTUDIO\SRC\RELEASE\M2EPOP.OBJ
C:\NCL_FROM_GITHUB\NCL_IN_VISUALSTUDIO\SRC\RELEASE\M2ETRAN.OBJ
C:\NCL_FROM_GITHUB\NCL_IN_VISUALSTUDIO\SRC\RELEASE\M2EVAL.OBJ
C:\NCL_FROM_GITHUB\NCL_IN_VISUALSTUDIO\SRC\RELEASE\M2GEOM.OBJ
C:\NCL_FROM_GITHUB\NCL_IN_VISUALSTUDIO\SRC\RELEASE\M2GLOBAL.OBJ
C:\NCL_FROM_GITHUB\NCL_IN_VISUALSTUDIO\SRC\RELEASE\M2IATTR.OBJ
C:\NCL_FROM_GITHUB\NCL_IN_VISUALSTUDIO\SRC\RELEASE\M2ICOLOR.OBJ
C:\NCL_FROM_GITHUB\NCL_IN_VISUALSTUDIO\SRC\RELEASE\M2ILAYER.OBJ
C:\NCL_FROM_GITHUB\NCL_IN_VISUALSTUDIO\SRC\RELEASE\M2INIT.OBJ
C:\NCL_FROM_GITHUB\NCL_IN_VISUALSTUDIO\SRC\RELEASE\M2LNWID.OBJ
C:\NCL_FROM_GITHUB\NCL_IN_VISUALSTUDIO\SRC\RELEASE\M2QUERY.OBJ
C:\NCL_FROM_GITHUB\NCL_IN_VISUALSTUDIO\SRC\RELEASE\M2SAVLD.OBJ
C:\NCL_FROM_GITHUB\NCL_IN_VISUALSTUDIO\SRC\RELEASE\M2SCROLL.OBJ
C:\NCL_FROM_GITHUB\NCL_IN_VISUALSTUDIO\SRC\RELEASE\M2STUBS.OBJ
C:\NCL_FROM_GITHUB\NCL_IN_VISUALSTUDIO\SRC\RELEASE\M2TEST.OBJ
C:\NCL_FROM_GITHUB\NCL_IN_VISUALSTUDIO\SRC\RELEASE\M2UANALY.OBJ
C:\NCL_FROM_GITHUB\NCL_IN_VISUALSTUDIO\SRC\RELEASE\M2UATTR.OBJ
C:\NCL_FROM_GITHUB\NCL_IN_VISUALSTUDIO\SRC\RELEASE\M2UATTRF.OBJ
C:\NCL_FROM_GITHUB\NCL_IN_VISUALSTUDIO\SRC\RELEASE\M2UCOLOR.OBJ
C:\NCL_FROM_GITHUB\NCL_IN_VISUALSTUDIO\SRC\RELEASE\M2UDISLV.OBJ
C:\NCL_FROM_GITHUB\NCL_IN_VISUALSTUDIO\SRC\RELEASE\M2ULABEL.OBJ
C:\NCL_FROM_GITHUB\NCL_IN_VISUALSTUDIO\SRC\RELEASE\M2ULAYER.OBJ
C:\NCL_FROM_GITHUB\NCL_IN_VISUALSTUDIO\SRC\RELEASE\M2ULIGHT.OBJ
C:\NCL_FROM_GITHUB\NCL_IN_VISUALSTUDIO\SRC\RELEASE\M2UMODAL.OBJ
C:\NCL_FROM_GITHUB\NCL_IN_VISUALSTUDIO\SRC\RELEASE\M2UPJPLN.OBJ
C:\NCL_FROM_GITHUB\NCL_IN_VISUALSTUDIO\SRC\RELEASE\M2URSURF.OBJ
C:\NCL_FROM_GITHUB\NCL_IN_VISUALSTUDIO\SRC\RELEASE\M2VXCNTL.OBJ
C:\NCL_FROM_GITHUB\NCL_IN_VISUALSTUDIO\SRC\RELEASE\M3ECCS.OBJ
C:\NCL_FROM_GITHUB\NCL_IN_VISUALSTUDIO\SRC\RELEASE\M3ECIRC1.OBJ
C:\NCL_FROM_GITHUB\NCL_IN_VISUALSTUDIO\SRC\RELEASE\M3ECIRC2.OBJ
C:\NCL_FROM_GITHUB\NCL_IN_VISUALSTUDIO\SRC\RELEASE\M3ECIRC3.OBJ
C:\NCL_FROM_GITHUB\NCL_IN_VISUALSTUDIO\SRC\RELEASE\M3ECIRC4.OBJ
C:\NCL_FROM_GITHUB\NCL_IN_VISUALSTUDIO\SRC\RELEASE\M3ECIRC5.OBJ
C:\NCL_FROM_GITHUB\NCL_IN_VISUALSTUDIO\SRC\RELEASE\M3ECIRC6.OBJ
C:\NCL_FROM_GITHUB\NCL_IN_VISUALSTUDIO\SRC\RELEASE\M3ECN1.OBJ
C:\NCL_FROM_GITHUB\NCL_IN_VISUALSTUDIO\SRC\RELEASE\M3ECN2.OBJ
C:\NCL_FROM_GITHUB\NCL_IN_VISUALSTUDIO\SRC\RELEASE\M3ECN3.OBJ
C:\NCL_FROM_GITHUB\NCL_IN_VISUALSTUDIO\SRC\RELEASE\M3ECOMP.OBJ
C:\NCL_FROM_GITHUB\NCL_IN_VISUALSTUDIO\SRC\RELEASE\M3ECOMP1.OBJ
C:\NCL_FROM_GITHUB\NCL_IN_VISUALSTUDIO\SRC\RELEASE\M3ECOMP2.OBJ
C:\NCL_FROM_GITHUB\NCL_IN_VISUALSTUDIO\SRC\RELEASE\M3ECOMP3.OBJ
C:\NCL_FROM_GITHUB\NCL_IN_VISUALSTUDIO\SRC\RELEASE\M3ECPLN1.OBJ
C:\NCL_FROM_GITHUB\NCL_IN_VISUALSTUDIO\SRC\RELEASE\M3ECPLN2.OBJ
C:\NCL_FROM_GITHUB\NCL_IN_VISUALSTUDIO\SRC\RELEASE\M3EDASH.OBJ
C:\NCL_FROM_GITHUB\NCL_IN_VISUALSTUDIO\SRC\RELEASE\M3EEXTR.OBJ
C:\NCL_FROM_GITHUB\NCL_IN_VISUALSTUDIO\SRC\RELEASE\M3EFILET.OBJ
C:\NCL_FROM_GITHUB\NCL_IN_VISUALSTUDIO\SRC\RELEASE\M3EGRID.OBJ
C:\NCL_FROM_GITHUB\NCL_IN_VISUALSTUDIO\SRC\RELEASE\M3EGROUP.OBJ
C:\NCL_FROM_GITHUB\NCL_IN_VISUALSTUDIO\SRC\RELEASE\M3ELINE.OBJ
C:\NCL_FROM_GITHUB\NCL_IN_VISUALSTUDIO\SRC\RELEASE\M3ELINE1.OBJ
C:\NCL_FROM_GITHUB\NCL_IN_VISUALSTUDIO\SRC\RELEASE\M3ELINE2.OBJ
C:\NCL_FROM_GITHUB\NCL_IN_VISUALSTUDIO\SRC\RELEASE\M3EPLIN.OBJ
C:\NCL_FROM_GITHUB\NCL_IN_VISUALSTUDIO\SRC\RELEASE\M3EPOLY.OBJ
C:\NCL_FROM_GITHUB\NCL_IN_VISUALSTUDIO\SRC\RELEASE\M3EPT.OBJ
C:\NCL_FROM_GITHUB\NCL_IN_VISUALSTUDIO\SRC\RELEASE\M3ESPAN.OBJ
C:\NCL_FROM_GITHUB\NCL_IN_VISUALSTUDIO\SRC\RELEASE\M3ESPLINE.OBJ
C:\NCL_FROM_GITHUB\NCL_IN_VISUALSTUDIO\SRC\RELEASE\M3ETRIM.OBJ
C:\NCL_FROM_GITHUB\NCL_IN_VISUALSTUDIO\SRC\RELEASE\M3ETRIM1.OBJ
C:\NCL_FROM_GITHUB\NCL_IN_VISUALSTUDIO\SRC\RELEASE\M3EVECT.OBJ
C:\NCL_FROM_GITHUB\NCL_IN_VISUALSTUDIO\SRC\RELEASE\M3ICIRC1.OBJ
C:\NCL_FROM_GITHUB\NCL_IN_VISUALSTUDIO\SRC\RELEASE\M3ICN1.OBJ
C:\NCL_FROM_GITHUB\NCL_IN_VISUALSTUDIO\SRC\RELEASE\M3ICN2.OBJ
C:\NCL_FROM_GITHUB\NCL_IN_VISUALSTUDIO\SRC\RELEASE\M3ICOMP.OBJ
C:\NCL_FROM_GITHUB\NCL_IN_VISUALSTUDIO\SRC\RELEASE\M3IDAXIS.OBJ
C:\NCL_FROM_GITHUB\NCL_IN_VISUALSTUDIO\SRC\RELEASE\M3IPTBTW.OBJ
C:\NCL_FROM_GITHUB\NCL_IN_VISUALSTUDIO\SRC\RELEASE\M3MULTI.OBJ
C:\NCL_FROM_GITHUB\NCL_IN_VISUALSTUDIO\SRC\RELEASE\M3UCIRC1.OBJ
C:\NCL_FROM_GITHUB\NCL_IN_VISUALSTUDIO\SRC\RELEASE\M3UCIRC2.OBJ
C:\NCL_FROM_GITHUB\NCL_IN_VISUALSTUDIO\SRC\RELEASE\M3UCIRC3.OBJ
C:\NCL_FROM_GITHUB\NCL_IN_VISUALSTUDIO\SRC\RELEASE\M3UCIRC4.OBJ
C:\NCL_FROM_GITHUB\NCL_IN_VISUALSTUDIO\SRC\RELEASE\M3UCIRC5.OBJ
C:\NCL_FROM_GITHUB\NCL_IN_VISUALSTUDIO\SRC\RELEASE\M3UCN1.OBJ
C:\NCL_FROM_GITHUB\NCL_IN_VISUALSTUDIO\SRC\RELEASE\M3UCN2.OBJ
C:\NCL_FROM_GITHUB\NCL_IN_VISUALSTUDIO\SRC\RELEASE\M3UCN3.OBJ
C:\NCL_FROM_GITHUB\NCL_IN_VISUALSTUDIO\SRC\RELEASE\M3UCN4.OBJ
C:\NCL_FROM_GITHUB\NCL_IN_VISUALSTUDIO\SRC\RELEASE\M3UCOMP.OBJ
C:\NCL_FROM_GITHUB\NCL_IN_VISUALSTUDIO\SRC\RELEASE\M3UCOMP1.OBJ
C:\NCL_FROM_GITHUB\NCL_IN_VISUALSTUDIO\SRC\RELEASE\M3UCPLN.OBJ
C:\NCL_FROM_GITHUB\NCL_IN_VISUALSTUDIO\SRC\RELEASE\M3UDAXIS.OBJ
C:\NCL_FROM_GITHUB\NCL_IN_VISUALSTUDIO\SRC\RELEASE\M3UEXTR.OBJ
C:\NCL_FROM_GITHUB\NCL_IN_VISUALSTUDIO\SRC\RELEASE\M3UFILET.OBJ
C:\NCL_FROM_GITHUB\NCL_IN_VISUALSTUDIO\SRC\RELEASE\M3UGROUP.OBJ
C:\NCL_FROM_GITHUB\NCL_IN_VISUALSTUDIO\SRC\RELEASE\M3ULINE.OBJ
C:\NCL_FROM_GITHUB\NCL_IN_VISUALSTUDIO\SRC\RELEASE\M3UMGEOM.OBJ
C:\NCL_FROM_GITHUB\NCL_IN_VISUALSTUDIO\SRC\RELEASE\M3UPLIN.OBJ
C:\NCL_FROM_GITHUB\NCL_IN_VISUALSTUDIO\SRC\RELEASE\M3UPOLY.OBJ
C:\NCL_FROM_GITHUB\NCL_IN_VISUALSTUDIO\SRC\RELEASE\M3UPT.OBJ
C:\NCL_FROM_GITHUB\NCL_IN_VISUALSTUDIO\SRC\RELEASE\M3UPT1.OBJ
C:\NCL_FROM_GITHUB\NCL_IN_VISUALSTUDIO\SRC\RELEASE\M3UTRIM.OBJ
C:\NCL_FROM_GITHUB\NCL_IN_VISUALSTUDIO\SRC\RELEASE\M3UTRIM1.OBJ
C:\NCL_FROM_GITHUB\NCL_IN_VISUALSTUDIO\SRC\RELEASE\M4BNDRY.OBJ
C:\NCL_FROM_GITHUB\NCL_IN_VISUALSTUDIO\SRC\RELEASE\M4BNDRY1.OBJ
C:\NCL_FROM_GITHUB\NCL_IN_VISUALSTUDIO\SRC\RELEASE\M4BNDRY2.OBJ
C:\NCL_FROM_GITHUB\NCL_IN_VISUALSTUDIO\SRC\RELEASE\M4CVIO.OBJ
C:\NCL_FROM_GITHUB\NCL_IN_VISUALSTUDIO\SRC\RELEASE\M4E2DA.OBJ
C:\NCL_FROM_GITHUB\NCL_IN_VISUALSTUDIO\SRC\RELEASE\M4EBSC.OBJ
C:\NCL_FROM_GITHUB\NCL_IN_VISUALSTUDIO\SRC\RELEASE\M4ECRV0.OBJ
C:\NCL_FROM_GITHUB\NCL_IN_VISUALSTUDIO\SRC\RELEASE\M4ECRV1.OBJ
C:\NCL_FROM_GITHUB\NCL_IN_VISUALSTUDIO\SRC\RELEASE\M4ECRV2.OBJ
C:\NCL_FROM_GITHUB\NCL_IN_VISUALSTUDIO\SRC\RELEASE\M4ECRV3.OBJ
C:\NCL_FROM_GITHUB\NCL_IN_VISUALSTUDIO\SRC\RELEASE\M4ECRV5.OBJ
C:\NCL_FROM_GITHUB\NCL_IN_VISUALSTUDIO\SRC\RELEASE\M4ECVSF.OBJ
C:\NCL_FROM_GITHUB\NCL_IN_VISUALSTUDIO\SRC\RELEASE\M4EDAS.OBJ
C:\NCL_FROM_GITHUB\NCL_IN_VISUALSTUDIO\SRC\RELEASE\M4EDBA.OBJ
C:\NCL_FROM_GITHUB\NCL_IN_VISUALSTUDIO\SRC\RELEASE\M4ENPTENT.OBJ
C:\NCL_FROM_GITHUB\NCL_IN_VISUALSTUDIO\SRC\RELEASE\M4EPOP.OBJ
C:\NCL_FROM_GITHUB\NCL_IN_VISUALSTUDIO\SRC\RELEASE\M4ERBSC.OBJ
C:\NCL_FROM_GITHUB\NCL_IN_VISUALSTUDIO\SRC\RELEASE\M4ESAVLD.OBJ
C:\NCL_FROM_GITHUB\NCL_IN_VISUALSTUDIO\SRC\RELEASE\M4EVCRV.OBJ
C:\NCL_FROM_GITHUB\NCL_IN_VISUALSTUDIO\SRC\RELEASE\M4I2DCVH.OBJ
C:\NCL_FROM_GITHUB\NCL_IN_VISUALSTUDIO\SRC\RELEASE\M4IBASIS.OBJ
C:\NCL_FROM_GITHUB\NCL_IN_VISUALSTUDIO\SRC\RELEASE\M4IBSC.OBJ
C:\NCL_FROM_GITHUB\NCL_IN_VISUALSTUDIO\SRC\RELEASE\M4ICONV.OBJ
C:\NCL_FROM_GITHUB\NCL_IN_VISUALSTUDIO\SRC\RELEASE\M4ICRV1.OBJ
C:\NCL_FROM_GITHUB\NCL_IN_VISUALSTUDIO\SRC\RELEASE\M4IOSLO.OBJ
C:\NCL_FROM_GITHUB\NCL_IN_VISUALSTUDIO\SRC\RELEASE\M4IOSLO1.OBJ
C:\NCL_FROM_GITHUB\NCL_IN_VISUALSTUDIO\SRC\RELEASE\M4IOSLO2.OBJ
C:\NCL_FROM_GITHUB\NCL_IN_VISUALSTUDIO\SRC\RELEASE\M4IPCVH.OBJ
C:\NCL_FROM_GITHUB\NCL_IN_VISUALSTUDIO\SRC\RELEASE\M4ISECT.OBJ
C:\NCL_FROM_GITHUB\NCL_IN_VISUALSTUDIO\SRC\RELEASE\M4ISECT1.OBJ
C:\NCL_FROM_GITHUB\NCL_IN_VISUALSTUDIO\SRC\RELEASE\M4UCRV.OBJ
C:\NCL_FROM_GITHUB\NCL_IN_VISUALSTUDIO\SRC\RELEASE\M4UTOL.OBJ
C:\NCL_FROM_GITHUB\NCL_IN_VISUALSTUDIO\SRC\RELEASE\M5ECONV.OBJ
C:\NCL_FROM_GITHUB\NCL_IN_VISUALSTUDIO\SRC\RELEASE\M5ECRV.OBJ
C:\NCL_FROM_GITHUB\NCL_IN_VISUALSTUDIO\SRC\RELEASE\M5EDBA.OBJ
C:\NCL_FROM_GITHUB\NCL_IN_VISUALSTUDIO\SRC\RELEASE\M5EDRAFT.OBJ
C:\NCL_FROM_GITHUB\NCL_IN_VISUALSTUDIO\SRC\RELEASE\M5ESRF.OBJ
C:\NCL_FROM_GITHUB\NCL_IN_VISUALSTUDIO\SRC\RELEASE\M5ESRF1.OBJ
C:\NCL_FROM_GITHUB\NCL_IN_VISUALSTUDIO\SRC\RELEASE\M5IOSLO.OBJ
C:\NCL_FROM_GITHUB\NCL_IN_VISUALSTUDIO\SRC\RELEASE\M5IOSLO1.OBJ
C:\NCL_FROM_GITHUB\NCL_IN_VISUALSTUDIO\SRC\RELEASE\M5UATTR.OBJ
C:\NCL_FROM_GITHUB\NCL_IN_VISUALSTUDIO\SRC\RELEASE\M5USRF2.OBJ
C:\NCL_FROM_GITHUB\NCL_IN_VISUALSTUDIO\SRC\RELEASE\M6EDAS.OBJ
C:\NCL_FROM_GITHUB\NCL_IN_VISUALSTUDIO\SRC\RELEASE\M6EDBA.OBJ
C:\NCL_FROM_GITHUB\NCL_IN_VISUALSTUDIO\SRC\RELEASE\M6EDRAFT.OBJ
C:\NCL_FROM_GITHUB\NCL_IN_VISUALSTUDIO\SRC\RELEASE\M6ESH1.OBJ
C:\NCL_FROM_GITHUB\NCL_IN_VISUALSTUDIO\SRC\RELEASE\M6ISH1.OBJ
C:\NCL_FROM_GITHUB\NCL_IN_VISUALSTUDIO\SRC\RELEASE\M6ISHELL.OBJ
C:\NCL_FROM_GITHUB\NCL_IN_VISUALSTUDIO\SRC\RELEASE\M7GEOM.OBJ
C:\NCL_FROM_GITHUB\NCL_IN_VISUALSTUDIO\SRC\RELEASE\M7GEOM1.OBJ
C:\NCL_FROM_GITHUB\NCL_IN_VISUALSTUDIO\SRC\RELEASE\M7MATH1.OBJ
C:\NCL_FROM_GITHUB\NCL_IN_VISUALSTUDIO\SRC\RELEASE\M7MATH2.OBJ
C:\NCL_FROM_GITHUB\NCL_IN_VISUALSTUDIO\SRC\RELEASE\M7MATH2D.OBJ
C:\NCL_FROM_GITHUB\NCL_IN_VISUALSTUDIO\SRC\RELEASE\M7MATH3.OBJ
C:\NCL_FROM_GITHUB\NCL_IN_VISUALSTUDIO\SRC\RELEASE\M7MATHC.OBJ
C:\NCL_FROM_GITHUB\NCL_IN_VISUALSTUDIO\SRC\RELEASE\M7MATHCO.OBJ
C:\NCL_FROM_GITHUB\NCL_IN_VISUALSTUDIO\SRC\RELEASE\M7MATHCO1.OBJ
C:\NCL_FROM_GITHUB\NCL_IN_VISUALSTUDIO\SRC\RELEASE\M7MATHEV.OBJ
C:\NCL_FROM_GITHUB\NCL_IN_VISUALSTUDIO\SRC\RELEASE\M7MATHMX.OBJ
C:\NCL_FROM_GITHUB\NCL_IN_VISUALSTUDIO\SRC\RELEASE\M7MATHTF.OBJ
C:\NCL_FROM_GITHUB\NCL_IN_VISUALSTUDIO\SRC\RELEASE\M7MATHVC.OBJ
C:\NCL_FROM_GITHUB\NCL_IN_VISUALSTUDIO\SRC\RELEASE\M8ERSOL1.OBJ
C:\NCL_FROM_GITHUB\NCL_IN_VISUALSTUDIO\SRC\RELEASE\M8ERSOL2.OBJ
C:\NCL_FROM_GITHUB\NCL_IN_VISUALSTUDIO\SRC\RELEASE\M8IFIT1.OBJ
C:\NCL_FROM_GITHUB\NCL_IN_VISUALSTUDIO\SRC\RELEASE\M8IRSOL1.OBJ
C:\NCL_FROM_GITHUB\NCL_IN_VISUALSTUDIO\SRC\RELEASE\M8IRSOL4.OBJ
C:\NCL_FROM_GITHUB\NCL_IN_VISUALSTUDIO\SRC\RELEASE\M8IRSOL6.OBJ
C:\NCL_FROM_GITHUB\NCL_IN_VISUALSTUDIO\SRC\RELEASE\M8IRSOL7.OBJ
C:\NCL_FROM_GITHUB\NCL_IN_VISUALSTUDIO\SRC\RELEASE\M8STUBS.OBJ
C:\NCL_FROM_GITHUB\NCL_IN_VISUALSTUDIO\SRC\RELEASE\M8URSOL4.OBJ
C:\NCL_FROM_GITHUB\NCL_IN_VISUALSTUDIO\SRC\RELEASE\M9EDRF.OBJ
C:\NCL_FROM_GITHUB\NCL_IN_VISUALSTUDIO\SRC\RELEASE\M9EDRW.OBJ
C:\NCL_FROM_GITHUB\NCL_IN_VISUALSTUDIO\SRC\RELEASE\M9EDRW2.OBJ
C:\NCL_FROM_GITHUB\NCL_IN_VISUALSTUDIO\SRC\RELEASE\M9EDRW3.OBJ
C:\NCL_FROM_GITHUB\NCL_IN_VISUALSTUDIO\SRC\RELEASE\M9EPLOT.OBJ
C:\NCL_FROM_GITHUB\NCL_IN_VISUALSTUDIO\SRC\RELEASE\M9EPOCKET.OBJ
C:\NCL_FROM_GITHUB\NCL_IN_VISUALSTUDIO\SRC\RELEASE\M9EPROJ.OBJ
C:\NCL_FROM_GITHUB\NCL_IN_VISUALSTUDIO\SRC\RELEASE\M9EVIEW.OBJ
C:\NCL_FROM_GITHUB\NCL_IN_VISUALSTUDIO\SRC\RELEASE\M9EVIEW1.OBJ
C:\NCL_FROM_GITHUB\NCL_IN_VISUALSTUDIO\SRC\RELEASE\M9UDRW1.OBJ
C:\NCL_FROM_GITHUB\NCL_IN_VISUALSTUDIO\SRC\RELEASE\M9UDRW2.OBJ
C:\NCL_FROM_GITHUB\NCL_IN_VISUALSTUDIO\SRC\RELEASE\M9UDRW3.OBJ
C:\NCL_FROM_GITHUB\NCL_IN_VISUALSTUDIO\SRC\RELEASE\M9UDRW4.OBJ
C:\NCL_FROM_GITHUB\NCL_IN_VISUALSTUDIO\SRC\RELEASE\M9UDRWF.OBJ
C:\NCL_FROM_GITHUB\NCL_IN_VISUALSTUDIO\SRC\RELEASE\M9UVIEW.OBJ
C:\NCL_FROM_GITHUB\NCL_IN_VISUALSTUDIO\SRC\RELEASE\MIPV.OBJ
C:\NCL_FROM_GITHUB\NCL_IN_VISUALSTUDIO\SRC\RELEASE\MMSMATHF.OBJ
C:\NCL_from_GitHub\NCL_in_VisualStudio\src\Release\mt.command.1.tlog
C:\NCL_from_GitHub\NCL_in_VisualStudio\src\Release\mt.read.1.tlog
C:\NCL_from_GitHub\NCL_in_VisualStudio\src\Release\mt.write.1.tlog
C:\NCL_FROM_GITHUB\NCL_IN_VISUALSTUDIO\SRC\RELEASE\MTESSEL.OBJ
C:\NCL_FROM_GITHUB\NCL_IN_VISUALSTUDIO\SRC\RELEASE\N2DBA.OBJ
C:\NCL_FROM_GITHUB\NCL_IN_VISUALSTUDIO\SRC\RELEASE\N2QUERY.OBJ
C:\NCL_FROM_GITHUB\NCL_IN_VISUALSTUDIO\SRC\RELEASE\N2UATTR.OBJ
C:\NCL_FROM_GITHUB\NCL_IN_VISUALSTUDIO\SRC\RELEASE\NAUTH.OBJ
C:\NCL_FROM_GITHUB\NCL_IN_VISUALSTUDIO\SRC\RELEASE\NBATCH.OBJ
C:\NCL_FROM_GITHUB\NCL_IN_VISUALSTUDIO\SRC\RELEASE\NCALCULATOR.OBJ
C:\NCL_FROM_GITHUB\NCL_IN_VISUALSTUDIO\SRC\RELEASE\NCL.EXE
C:\NCL_FROM_GITHUB\NCL_IN_VISUALSTUDIO\SRC\RELEASE\NCL.EXE.EMBED.MANIFEST
C:\NCL_FROM_GITHUB\NCL_IN_VISUALSTUDIO\SRC\RELEASE\NCL.EXE.EMBED.MANIFEST.RES
C:\NCL_FROM_GITHUB\NCL_IN_VISUALSTUDIO\SRC\RELEASE\NCL.EXE.INTERMEDIATE.MANIFEST
C:\NCL_from_GitHub\NCL_in_VisualStudio\src\Release\Ncl.exp
C:\NCL_FROM_GITHUB\NCL_IN_VISUALSTUDIO\SRC\RELEASE\NCL.ILK
C:\NCL_from_GitHub\NCL_in_VisualStudio\src\Release\Ncl.lib
C:\NCL_from_GitHub\NCL_in_VisualStudio\src\Release\Ncl.write.1.tlog
C:\NCL_from_GitHub\NCL_in_VisualStudio\src\Release\Ncl_manifest.rc
C:\NCL_FROM_GITHUB\NCL_IN_VISUALSTUDIO\SRC\RELEASE\NCLCLASS.OBJ
C:\NCL_FROM_GITHUB\NCL_IN_VISUALSTUDIO\SRC\RELEASE\NCLCLIP.OBJ
C:\NCL_FROM_GITHUB\NCL_IN_VISUALSTUDIO\SRC\RELEASE\NCLRESIZE.OBJ
C:\NCL_FROM_GITHUB\NCL_IN_VISUALSTUDIO\SRC\RELEASE\NCLSIG.OBJ
C:\NCL_FROM_GITHUB\NCL_IN_VISUALSTUDIO\SRC\RELEASE\NCLSPC001.OBJ
C:\NCL_FROM_GITHUB\NCL_IN_VISUALSTUDIO\SRC\RELEASE\NCLXCATIA.OBJ
C:\NCL_FROM_GITHUB\NCL_IN_VISUALSTUDIO\SRC\RELEASE\NCLXUSER.OBJ
C:\NCL_FROM_GITHUB\NCL_IN_VISUALSTUDIO\SRC\RELEASE\NEAGCNV.OBJ
C:\NCL_FROM_GITHUB\NCL_IN_VISUALSTUDIO\SRC\RELEASE\NEANALYZE.OBJ
C:\NCL_FROM_GITHUB\NCL_IN_VISUALSTUDIO\SRC\RELEASE\NEANALYZE1.OBJ
C:\NCL_FROM_GITHUB\NCL_IN_VISUALSTUDIO\SRC\RELEASE\NEATTR.OBJ
C:\NCL_FROM_GITHUB\NCL_IN_VISUALSTUDIO\SRC\RELEASE\NEAUTH.OBJ
C:\NCL_FROM_GITHUB\NCL_IN_VISUALSTUDIO\SRC\RELEASE\NEBOUND.OBJ
C:\NCL_FROM_GITHUB\NCL_IN_VISUALSTUDIO\SRC\RELEASE\NEBOUND1.OBJ
C:\NCL_FROM_GITHUB\NCL_IN_VISUALSTUDIO\SRC\RELEASE\NEBOUNDARY.OBJ
C:\NCL_FROM_GITHUB\NCL_IN_VISUALSTUDIO\SRC\RELEASE\NEBOUNDARY1.OBJ
C:\NCL_FROM_GITHUB\NCL_IN_VISUALSTUDIO\SRC\RELEASE\NEBOX.OBJ
C:\NCL_FROM_GITHUB\NCL_IN_VISUALSTUDIO\SRC\RELEASE\NEBUCKET.OBJ
C:\NCL_FROM_GITHUB\NCL_IN_VISUALSTUDIO\SRC\RELEASE\NECATIA.OBJ
C:\NCL_FROM_GITHUB\NCL_IN_VISUALSTUDIO\SRC\RELEASE\NECATTR.OBJ
C:\NCL_FROM_GITHUB\NCL_IN_VISUALSTUDIO\SRC\RELEASE\NECDRAW.OBJ
C:\NCL_FROM_GITHUB\NCL_IN_VISUALSTUDIO\SRC\RELEASE\NECDRAW1.OBJ
C:\NCL_FROM_GITHUB\NCL_IN_VISUALSTUDIO\SRC\RELEASE\NECDRAW2.OBJ
C:\NCL_FROM_GITHUB\NCL_IN_VISUALSTUDIO\SRC\RELEASE\NECIRC.OBJ
C:\NCL_FROM_GITHUB\NCL_IN_VISUALSTUDIO\SRC\RELEASE\NECLASS.OBJ
C:\NCL_FROM_GITHUB\NCL_IN_VISUALSTUDIO\SRC\RELEASE\NECLFILE.OBJ
C:\NCL_FROM_GITHUB\NCL_IN_VISUALSTUDIO\SRC\RELEASE\NECLOSED.OBJ
C:\NCL_FROM_GITHUB\NCL_IN_VISUALSTUDIO\SRC\RELEASE\NECMD.OBJ
C:\NCL_FROM_GITHUB\NCL_IN_VISUALSTUDIO\SRC\RELEASE\NECOLORS.OBJ
C:\NCL_FROM_GITHUB\NCL_IN_VISUALSTUDIO\SRC\RELEASE\NECRCV.OBJ
C:\NCL_FROM_GITHUB\NCL_IN_VISUALSTUDIO\SRC\RELEASE\NECRSF.OBJ
C:\NCL_FROM_GITHUB\NCL_IN_VISUALSTUDIO\SRC\RELEASE\NECURPB.OBJ
C:\NCL_FROM_GITHUB\NCL_IN_VISUALSTUDIO\SRC\RELEASE\NECUTDIS.OBJ
C:\NCL_FROM_GITHUB\NCL_IN_VISUALSTUDIO\SRC\RELEASE\NECUTPROF.OBJ
C:\NCL_FROM_GITHUB\NCL_IN_VISUALSTUDIO\SRC\RELEASE\NECUTSYM.OBJ
C:\NCL_FROM_GITHUB\NCL_IN_VISUALSTUDIO\SRC\RELEASE\NECUTSYM2.OBJ
C:\NCL_FROM_GITHUB\NCL_IN_VISUALSTUDIO\SRC\RELEASE\NECV.OBJ
C:\NCL_FROM_GITHUB\NCL_IN_VISUALSTUDIO\SRC\RELEASE\NECV2.OBJ
C:\NCL_FROM_GITHUB\NCL_IN_VISUALSTUDIO\SRC\RELEASE\NECVFIX.OBJ
C:\NCL_FROM_GITHUB\NCL_IN_VISUALSTUDIO\SRC\RELEASE\NECVIO.OBJ
C:\NCL_FROM_GITHUB\NCL_IN_VISUALSTUDIO\SRC\RELEASE\NECVLEV.OBJ
C:\NCL_FROM_GITHUB\NCL_IN_VISUALSTUDIO\SRC\RELEASE\NECVOFFS.OBJ
C:\NCL_FROM_GITHUB\NCL_IN_VISUALSTUDIO\SRC\RELEASE\NECVSUP.OBJ
C:\NCL_FROM_GITHUB\NCL_IN_VISUALSTUDIO\SRC\RELEASE\NECVSUP1.OBJ
C:\NCL_FROM_GITHUB\NCL_IN_VISUALSTUDIO\SRC\RELEASE\NEDAS.OBJ
C:\NCL_FROM_GITHUB\NCL_IN_VISUALSTUDIO\SRC\RELEASE\NEDASIF.OBJ
C:\NCL_FROM_GITHUB\NCL_IN_VISUALSTUDIO\SRC\RELEASE\NEDASIF1.OBJ
C:\NCL_FROM_GITHUB\NCL_IN_VISUALSTUDIO\SRC\RELEASE\NEDATA.OBJ
C:\NCL_FROM_GITHUB\NCL_IN_VISUALSTUDIO\SRC\RELEASE\NEDATASTMT.OBJ
C:\NCL_FROM_GITHUB\NCL_IN_VISUALSTUDIO\SRC\RELEASE\NEDISPLST.OBJ
C:\NCL_FROM_GITHUB\NCL_IN_VISUALSTUDIO\SRC\RELEASE\NEDRAWCUT.OBJ
C:\NCL_FROM_GITHUB\NCL_IN_VISUALSTUDIO\SRC\RELEASE\NEDRAWCUT1.OBJ
C:\NCL_FROM_GITHUB\NCL_IN_VISUALSTUDIO\SRC\RELEASE\NEDRAWCUT2.OBJ
C:\NCL_FROM_GITHUB\NCL_IN_VISUALSTUDIO\SRC\RELEASE\NEDRVCRV.OBJ
C:\NCL_FROM_GITHUB\NCL_IN_VISUALSTUDIO\SRC\RELEASE\NEEVAL.OBJ
C:\NCL_FROM_GITHUB\NCL_IN_VISUALSTUDIO\SRC\RELEASE\NEEVLENT.OBJ
C:\NCL_FROM_GITHUB\NCL_IN_VISUALSTUDIO\SRC\RELEASE\NEFMILL.OBJ
C:\NCL_FROM_GITHUB\NCL_IN_VISUALSTUDIO\SRC\RELEASE\NEFMILL1.OBJ
C:\NCL_FROM_GITHUB\NCL_IN_VISUALSTUDIO\SRC\RELEASE\NEFMILL2.OBJ
C:\NCL_FROM_GITHUB\NCL_IN_VISUALSTUDIO\SRC\RELEASE\NEFMILL3.OBJ
C:\NCL_FROM_GITHUB\NCL_IN_VISUALSTUDIO\SRC\RELEASE\NEGEODBG.OBJ
C:\NCL_FROM_GITHUB\NCL_IN_VISUALSTUDIO\SRC\RELEASE\NEGEOGN.OBJ
C:\NCL_FROM_GITHUB\NCL_IN_VISUALSTUDIO\SRC\RELEASE\NEGEOGN1.OBJ
C:\NCL_FROM_GITHUB\NCL_IN_VISUALSTUDIO\SRC\RELEASE\NEGEOGN2.OBJ
C:\NCL_FROM_GITHUB\NCL_IN_VISUALSTUDIO\SRC\RELEASE\NEGEOGN3.OBJ
C:\NCL_FROM_GITHUB\NCL_IN_VISUALSTUDIO\SRC\RELEASE\NEGEOGN4.OBJ
C:\NCL_FROM_GITHUB\NCL_IN_VISUALSTUDIO\SRC\RELEASE\NEGETBOX.OBJ
C:\NCL_FROM_GITHUB\NCL_IN_VISUALSTUDIO\SRC\RELEASE\NEGFAUTO.OBJ
C:\NCL_FROM_GITHUB\NCL_IN_VISUALSTUDIO\SRC\RELEASE\NEGLOBAL.OBJ
C:\NCL_FROM_GITHUB\NCL_IN_VISUALSTUDIO\SRC\RELEASE\NEGTREC.OBJ
C:\NCL_FROM_GITHUB\NCL_IN_VISUALSTUDIO\SRC\RELEASE\NEIFELSE.OBJ
C:\NCL_FROM_GITHUB\NCL_IN_VISUALSTUDIO\SRC\RELEASE\NEINIT.OBJ
C:\NCL_FROM_GITHUB\NCL_IN_VISUALSTUDIO\SRC\RELEASE\NEIREL.OBJ
C:\NCL_FROM_GITHUB\NCL_IN_VISUALSTUDIO\SRC\RELEASE\NELABEL.OBJ
C:\NCL_FROM_GITHUB\NCL_IN_VISUALSTUDIO\SRC\RELEASE\NELABTBL.OBJ
C:\NCL_FROM_GITHUB\NCL_IN_VISUALSTUDIO\SRC\RELEASE\NELN.OBJ
C:\NCL_FROM_GITHUB\NCL_IN_VISUALSTUDIO\SRC\RELEASE\NEMCDCNV.OBJ
C:\NCL_FROM_GITHUB\NCL_IN_VISUALSTUDIO\SRC\RELEASE\NEMESH.OBJ
C:\NCL_FROM_GITHUB\NCL_IN_VISUALSTUDIO\SRC\RELEASE\NEMODSYS.OBJ
C:\NCL_FROM_GITHUB\NCL_IN_VISUALSTUDIO\SRC\RELEASE\NEMOT.OBJ
C:\NCL_FROM_GITHUB\NCL_IN_VISUALSTUDIO\SRC\RELEASE\NEMOTATTR.OBJ
C:\NCL_FROM_GITHUB\NCL_IN_VISUALSTUDIO\SRC\RELEASE\NEMOTCUT.OBJ
C:\NCL_FROM_GITHUB\NCL_IN_VISUALSTUDIO\SRC\RELEASE\NEMOTDRAW.OBJ
C:\NCL_FROM_GITHUB\NCL_IN_VISUALSTUDIO\SRC\RELEASE\NEMOTPB.OBJ
C:\NCL_FROM_GITHUB\NCL_IN_VISUALSTUDIO\SRC\RELEASE\NEMOTPB1.OBJ
C:\NCL_FROM_GITHUB\NCL_IN_VISUALSTUDIO\SRC\RELEASE\NEMOTSTK.OBJ
C:\NCL_FROM_GITHUB\NCL_IN_VISUALSTUDIO\SRC\RELEASE\NEMOTSUP.OBJ
C:\NCL_FROM_GITHUB\NCL_IN_VISUALSTUDIO\SRC\RELEASE\NEMOTWS.OBJ
C:\NCL_FROM_GITHUB\NCL_IN_VISUALSTUDIO\SRC\RELEASE\NEMSFUN.OBJ
C:\NCL_FROM_GITHUB\NCL_IN_VISUALSTUDIO\SRC\RELEASE\NEMX.OBJ
C:\NCL_FROM_GITHUB\NCL_IN_VISUALSTUDIO\SRC\RELEASE\NENETSF.OBJ
C:\NCL_FROM_GITHUB\NCL_IN_VISUALSTUDIO\SRC\RELEASE\NEPICK.OBJ
C:\NCL_FROM_GITHUB\NCL_IN_VISUALSTUDIO\SRC\RELEASE\NEPICK1.OBJ
C:\NCL_FROM_GITHUB\NCL_IN_VISUALSTUDIO\SRC\RELEASE\NEPL.OBJ
C:\NCL_FROM_GITHUB\NCL_IN_VISUALSTUDIO\SRC\RELEASE\NEPMILL.OBJ
C:\NCL_FROM_GITHUB\NCL_IN_VISUALSTUDIO\SRC\RELEASE\NEPN.OBJ
C:\NCL_FROM_GITHUB\NCL_IN_VISUALSTUDIO\SRC\RELEASE\NEPOCKET.OBJ
C:\NCL_FROM_GITHUB\NCL_IN_VISUALSTUDIO\SRC\RELEASE\NEPOCKET2.OBJ
C:\NCL_FROM_GITHUB\NCL_IN_VISUALSTUDIO\SRC\RELEASE\NEPOCKET3.OBJ
C:\NCL_FROM_GITHUB\NCL_IN_VISUALSTUDIO\SRC\RELEASE\NEPOCKET4.OBJ
C:\NCL_FROM_GITHUB\NCL_IN_VISUALSTUDIO\SRC\RELEASE\NEPROFIL.OBJ
C:\NCL_FROM_GITHUB\NCL_IN_VISUALSTUDIO\SRC\RELEASE\NEPROJ.OBJ
C:\NCL_FROM_GITHUB\NCL_IN_VISUALSTUDIO\SRC\RELEASE\NEPROJ0.OBJ
C:\NCL_FROM_GITHUB\NCL_IN_VISUALSTUDIO\SRC\RELEASE\NEPROJ1.OBJ
C:\NCL_FROM_GITHUB\NCL_IN_VISUALSTUDIO\SRC\RELEASE\NEPROJ2.OBJ
C:\NCL_FROM_GITHUB\NCL_IN_VISUALSTUDIO\SRC\RELEASE\NEPROJ3.OBJ
C:\NCL_FROM_GITHUB\NCL_IN_VISUALSTUDIO\SRC\RELEASE\NEPROJ4.OBJ
C:\NCL_FROM_GITHUB\NCL_IN_VISUALSTUDIO\SRC\RELEASE\NEPSEGS0.OBJ
C:\NCL_FROM_GITHUB\NCL_IN_VISUALSTUDIO\SRC\RELEASE\NEPSMULT.OBJ
C:\NCL_FROM_GITHUB\NCL_IN_VISUALSTUDIO\SRC\RELEASE\NEPSMULT1.OBJ
C:\NCL_FROM_GITHUB\NCL_IN_VISUALSTUDIO\SRC\RELEASE\NEPT.OBJ
C:\NCL_FROM_GITHUB\NCL_IN_VISUALSTUDIO\SRC\RELEASE\NEPV.OBJ
C:\NCL_FROM_GITHUB\NCL_IN_VISUALSTUDIO\SRC\RELEASE\NEQUILT.OBJ
C:\NCL_FROM_GITHUB\NCL_IN_VISUALSTUDIO\SRC\RELEASE\NERANFL.OBJ
C:\NCL_FROM_GITHUB\NCL_IN_VISUALSTUDIO\SRC\RELEASE\NERBSF.OBJ
C:\NCL_FROM_GITHUB\NCL_IN_VISUALSTUDIO\SRC\RELEASE\NERBSP.OBJ
C:\NCL_FROM_GITHUB\NCL_IN_VISUALSTUDIO\SRC\RELEASE\NERBSP2.OBJ
C:\NCL_FROM_GITHUB\NCL_IN_VISUALSTUDIO\SRC\RELEASE\NERD.OBJ
C:\NCL_FROM_GITHUB\NCL_IN_VISUALSTUDIO\SRC\RELEASE\NERD1.OBJ
C:\NCL_FROM_GITHUB\NCL_IN_VISUALSTUDIO\SRC\RELEASE\NEREFSYS.OBJ
C:\NCL_FROM_GITHUB\NCL_IN_VISUALSTUDIO\SRC\RELEASE\NERETRIM.OBJ
C:\NCL_FROM_GITHUB\NCL_IN_VISUALSTUDIO\SRC\RELEASE\NERETRIM1.OBJ
C:\NCL_FROM_GITHUB\NCL_IN_VISUALSTUDIO\SRC\RELEASE\NEREVSF.OBJ
C:\NCL_FROM_GITHUB\NCL_IN_VISUALSTUDIO\SRC\RELEASE\NEREVSF1.OBJ
C:\NCL_FROM_GITHUB\NCL_IN_VISUALSTUDIO\SRC\RELEASE\NESCALAR.OBJ
C:\NCL_FROM_GITHUB\NCL_IN_VISUALSTUDIO\SRC\RELEASE\NESCALAR2.OBJ
C:\NCL_FROM_GITHUB\NCL_IN_VISUALSTUDIO\SRC\RELEASE\NESCRATCH.OBJ
C:\NCL_FROM_GITHUB\NCL_IN_VISUALSTUDIO\SRC\RELEASE\NESEQUNC.OBJ
C:\NCL_FROM_GITHUB\NCL_IN_VISUALSTUDIO\SRC\RELEASE\NESF.OBJ
C:\NCL_FROM_GITHUB\NCL_IN_VISUALSTUDIO\SRC\RELEASE\NESF2.OBJ
C:\NCL_FROM_GITHUB\NCL_IN_VISUALSTUDIO\SRC\RELEASE\NESFBUILD.OBJ
C:\NCL_FROM_GITHUB\NCL_IN_VISUALSTUDIO\SRC\RELEASE\NESFPRIM.OBJ
C:\NCL_FROM_GITHUB\NCL_IN_VISUALSTUDIO\SRC\RELEASE\NESFPRIM1.OBJ
C:\NCL_FROM_GITHUB\NCL_IN_VISUALSTUDIO\SRC\RELEASE\NESFSUP.OBJ
C:\NCL_FROM_GITHUB\NCL_IN_VISUALSTUDIO\SRC\RELEASE\NESFSUP1.OBJ
C:\NCL_FROM_GITHUB\NCL_IN_VISUALSTUDIO\SRC\RELEASE\NESHADE.OBJ
C:\NCL_FROM_GITHUB\NCL_IN_VISUALSTUDIO\SRC\RELEASE\NESIMULATE.OBJ
C:\NCL_FROM_GITHUB\NCL_IN_VISUALSTUDIO\SRC\RELEASE\NESKYLST.OBJ
C:\NCL_FROM_GITHUB\NCL_IN_VISUALSTUDIO\SRC\RELEASE\NESMCLPATH.OBJ
C:\NCL_FROM_GITHUB\NCL_IN_VISUALSTUDIO\SRC\RELEASE\NESMEDGE.OBJ
C:\NCL_FROM_GITHUB\NCL_IN_VISUALSTUDIO\SRC\RELEASE\NESMILL.OBJ
C:\NCL_FROM_GITHUB\NCL_IN_VISUALSTUDIO\SRC\RELEASE\NESMOUSE.OBJ
C:\NCL_FROM_GITHUB\NCL_IN_VISUALSTUDIO\SRC\RELEASE\NESMUTIL.OBJ
C:\NCL_FROM_GITHUB\NCL_IN_VISUALSTUDIO\SRC\RELEASE\NESOLID.OBJ
C:\NCL_FROM_GITHUB\NCL_IN_VISUALSTUDIO\SRC\RELEASE\NESOLID1.OBJ
C:\NCL_FROM_GITHUB\NCL_IN_VISUALSTUDIO\SRC\RELEASE\NESOLID2.OBJ
C:\NCL_FROM_GITHUB\NCL_IN_VISUALSTUDIO\SRC\RELEASE\NESOLID3.OBJ
C:\NCL_FROM_GITHUB\NCL_IN_VISUALSTUDIO\SRC\RELEASE\NESRC.OBJ
C:\NCL_FROM_GITHUB\NCL_IN_VISUALSTUDIO\SRC\RELEASE\NESRCCTL.OBJ
C:\NCL_FROM_GITHUB\NCL_IN_VISUALSTUDIO\SRC\RELEASE\NESTUBS.OBJ
C:\NCL_FROM_GITHUB\NCL_IN_VISUALSTUDIO\SRC\RELEASE\NESUPT.OBJ
C:\NCL_FROM_GITHUB\NCL_IN_VISUALSTUDIO\SRC\RELEASE\NESUPT1.OBJ
C:\NCL_FROM_GITHUB\NCL_IN_VISUALSTUDIO\SRC\RELEASE\NESUPT2.OBJ
C:\NCL_FROM_GITHUB\NCL_IN_VISUALSTUDIO\SRC\RELEASE\NESUPTOML.OBJ
C:\NCL_FROM_GITHUB\NCL_IN_VISUALSTUDIO\SRC\RELEASE\NETESSEL.OBJ
C:\NCL_FROM_GITHUB\NCL_IN_VISUALSTUDIO\SRC\RELEASE\NETESSMGR.OBJ
C:\NCL_FROM_GITHUB\NCL_IN_VISUALSTUDIO\SRC\RELEASE\NETEXTVAR.OBJ
C:\NCL_FROM_GITHUB\NCL_IN_VISUALSTUDIO\SRC\RELEASE\NETMP.OBJ
C:\NCL_FROM_GITHUB\NCL_IN_VISUALSTUDIO\SRC\RELEASE\NETOLER.OBJ
C:\NCL_FROM_GITHUB\NCL_IN_VISUALSTUDIO\SRC\RELEASE\NETOOLIB.OBJ
C:\NCL_FROM_GITHUB\NCL_IN_VISUALSTUDIO\SRC\RELEASE\NETRIMSF.OBJ
C:\NCL_FROM_GITHUB\NCL_IN_VISUALSTUDIO\SRC\RELEASE\NETRIMSF1.OBJ
C:\NCL_FROM_GITHUB\NCL_IN_VISUALSTUDIO\SRC\RELEASE\NETRIMSF2.OBJ
C:\NCL_FROM_GITHUB\NCL_IN_VISUALSTUDIO\SRC\RELEASE\NEUB2SUP.OBJ
C:\NCL_FROM_GITHUB\NCL_IN_VISUALSTUDIO\SRC\RELEASE\NEUB2SUP1.OBJ
C:\NCL_FROM_GITHUB\NCL_IN_VISUALSTUDIO\SRC\RELEASE\NEUBTOUB.OBJ
C:\NCL_FROM_GITHUB\NCL_IN_VISUALSTUDIO\SRC\RELEASE\NEUNIBAS.OBJ
C:\NCL_FROM_GITHUB\NCL_IN_VISUALSTUDIO\SRC\RELEASE\NEUVCVASS.OBJ
C:\NCL_FROM_GITHUB\NCL_IN_VISUALSTUDIO\SRC\RELEASE\NEVE.OBJ
C:\NCL_FROM_GITHUB\NCL_IN_VISUALSTUDIO\SRC\RELEASE\NEVIEW.OBJ
C:\NCL_FROM_GITHUB\NCL_IN_VISUALSTUDIO\SRC\RELEASE\NEVMILL.OBJ
C:\NCL_FROM_GITHUB\NCL_IN_VISUALSTUDIO\SRC\RELEASE\NEVOLVE.OBJ
C:\NCL_FROM_GITHUB\NCL_IN_VISUALSTUDIO\SRC\RELEASE\NEVOLVE1.OBJ
C:\NCL_FROM_GITHUB\NCL_IN_VISUALSTUDIO\SRC\RELEASE\NEVOLVEGN.OBJ
C:\NCL_FROM_GITHUB\NCL_IN_VISUALSTUDIO\SRC\RELEASE\NEVOLVEGN1.OBJ
C:\NCL_FROM_GITHUB\NCL_IN_VISUALSTUDIO\SRC\RELEASE\NEVX.OBJ
C:\NCL_FROM_GITHUB\NCL_IN_VISUALSTUDIO\SRC\RELEASE\NEVXMAC.OBJ
C:\NCL_FROM_GITHUB\NCL_IN_VISUALSTUDIO\SRC\RELEASE\NEVXSUP.OBJ
C:\NCL_FROM_GITHUB\NCL_IN_VISUALSTUDIO\SRC\RELEASE\NEWATBASE.OBJ
C:\NCL_FROM_GITHUB\NCL_IN_VISUALSTUDIO\SRC\RELEASE\NEWATCIR.OBJ
C:\NCL_FROM_GITHUB\NCL_IN_VISUALSTUDIO\SRC\RELEASE\NEWATCON.OBJ
C:\NCL_FROM_GITHUB\NCL_IN_VISUALSTUDIO\SRC\RELEASE\NEWATERLN.OBJ
C:\NCL_FROM_GITHUB\NCL_IN_VISUALSTUDIO\SRC\RELEASE\NEWATERLN1.OBJ
C:\NCL_FROM_GITHUB\NCL_IN_VISUALSTUDIO\SRC\RELEASE\NEWATERLN2.OBJ
C:\NCL_FROM_GITHUB\NCL_IN_VISUALSTUDIO\SRC\RELEASE\NEWATMAIN.OBJ
C:\NCL_FROM_GITHUB\NCL_IN_VISUALSTUDIO\SRC\RELEASE\NEWATOVER.OBJ
C:\NCL_FROM_GITHUB\NCL_IN_VISUALSTUDIO\SRC\RELEASE\NEWATSTK.OBJ
C:\NCL_FROM_GITHUB\NCL_IN_VISUALSTUDIO\SRC\RELEASE\NEWIND.OBJ
C:\NCL_FROM_GITHUB\NCL_IN_VISUALSTUDIO\SRC\RELEASE\NGET.OBJ
C:\NCL_FROM_GITHUB\NCL_IN_VISUALSTUDIO\SRC\RELEASE\NGET1.OBJ
C:\NCL_FROM_GITHUB\NCL_IN_VISUALSTUDIO\SRC\RELEASE\NGTIMX.OBJ
C:\NCL_FROM_GITHUB\NCL_IN_VISUALSTUDIO\SRC\RELEASE\NMODFY.OBJ
C:\NCL_FROM_GITHUB\NCL_IN_VISUALSTUDIO\SRC\RELEASE\NPLTMOT.OBJ
C:\NCL_FROM_GITHUB\NCL_IN_VISUALSTUDIO\SRC\RELEASE\NPUT.OBJ
C:\NCL_FROM_GITHUB\NCL_IN_VISUALSTUDIO\SRC\RELEASE\NSECONDU.OBJ
C:\NCL_FROM_GITHUB\NCL_IN_VISUALSTUDIO\SRC\RELEASE\NSHAPE.OBJ
C:\NCL_FROM_GITHUB\NCL_IN_VISUALSTUDIO\SRC\RELEASE\NTLATTR.OBJ
C:\NCL_FROM_GITHUB\NCL_IN_VISUALSTUDIO\SRC\RELEASE\NU5SEL.OBJ
C:\NCL_FROM_GITHUB\NCL_IN_VISUALSTUDIO\SRC\RELEASE\NUANALYZE.OBJ
C:\NCL_FROM_GITHUB\NCL_IN_VISUALSTUDIO\SRC\RELEASE\NUARCSLP.OBJ
C:\NCL_FROM_GITHUB\NCL_IN_VISUALSTUDIO\SRC\RELEASE\NUCATTR.OBJ
C:\NCL_FROM_GITHUB\NCL_IN_VISUALSTUDIO\SRC\RELEASE\NUCI.OBJ
C:\NCL_FROM_GITHUB\NCL_IN_VISUALSTUDIO\SRC\RELEASE\NUCLONE.OBJ
C:\NCL_FROM_GITHUB\NCL_IN_VISUALSTUDIO\SRC\RELEASE\NUCNTL.OBJ
C:\NCL_FROM_GITHUB\NCL_IN_VISUALSTUDIO\SRC\RELEASE\NUCONTOUR.OBJ
C:\NCL_FROM_GITHUB\NCL_IN_VISUALSTUDIO\SRC\RELEASE\NUCUTR.OBJ
C:\NCL_FROM_GITHUB\NCL_IN_VISUALSTUDIO\SRC\RELEASE\NUCUTR1.OBJ
C:\NCL_FROM_GITHUB\NCL_IN_VISUALSTUDIO\SRC\RELEASE\NUCV.OBJ
C:\NCL_FROM_GITHUB\NCL_IN_VISUALSTUDIO\SRC\RELEASE\NUCV1.OBJ
C:\NCL_FROM_GITHUB\NCL_IN_VISUALSTUDIO\SRC\RELEASE\NUDATA.OBJ
C:\NCL_FROM_GITHUB\NCL_IN_VISUALSTUDIO\SRC\RELEASE\NUDISPLAY.OBJ
C:\NCL_FROM_GITHUB\NCL_IN_VISUALSTUDIO\SRC\RELEASE\NUDRW.OBJ
C:\NCL_FROM_GITHUB\NCL_IN_VISUALSTUDIO\SRC\RELEASE\NUEDITS.OBJ
C:\NCL_FROM_GITHUB\NCL_IN_VISUALSTUDIO\SRC\RELEASE\NUENGRAVE.OBJ
C:\NCL_FROM_GITHUB\NCL_IN_VISUALSTUDIO\SRC\RELEASE\NUERASE.OBJ
C:\NCL_FROM_GITHUB\NCL_IN_VISUALSTUDIO\SRC\RELEASE\NUFEDRAT.OBJ
C:\NCL_FROM_GITHUB\NCL_IN_VISUALSTUDIO\SRC\RELEASE\NUFILE.OBJ
C:\NCL_FROM_GITHUB\NCL_IN_VISUALSTUDIO\SRC\RELEASE\NUFILET.OBJ
C:\NCL_FROM_GITHUB\NCL_IN_VISUALSTUDIO\SRC\RELEASE\NUFMILL.OBJ
C:\NCL_FROM_GITHUB\NCL_IN_VISUALSTUDIO\SRC\RELEASE\NUGO.OBJ
C:\NCL_FROM_GITHUB\NCL_IN_VISUALSTUDIO\SRC\RELEASE\NUGODLTA.OBJ
C:\NCL_FROM_GITHUB\NCL_IN_VISUALSTUDIO\SRC\RELEASE\NUGOTO.OBJ
C:\NCL_FROM_GITHUB\NCL_IN_VISUALSTUDIO\SRC\RELEASE\NULABEL.OBJ
C:\NCL_FROM_GITHUB\NCL_IN_VISUALSTUDIO\SRC\RELEASE\NULATHE.OBJ
C:\NCL_FROM_GITHUB\NCL_IN_VISUALSTUDIO\SRC\RELEASE\NULAYDEF.OBJ
C:\NCL_FROM_GITHUB\NCL_IN_VISUALSTUDIO\SRC\RELEASE\NULN.OBJ
C:\NCL_FROM_GITHUB\NCL_IN_VISUALSTUDIO\SRC\RELEASE\NUMACDYN.OBJ
C:\NCL_FROM_GITHUB\NCL_IN_VISUALSTUDIO\SRC\RELEASE\NUMENU.OBJ
C:\NCL_FROM_GITHUB\NCL_IN_VISUALSTUDIO\SRC\RELEASE\NUMISC.OBJ
C:\NCL_FROM_GITHUB\NCL_IN_VISUALSTUDIO\SRC\RELEASE\NUMODALS.OBJ
C:\NCL_FROM_GITHUB\NCL_IN_VISUALSTUDIO\SRC\RELEASE\NUMODSYS.OBJ
C:\NCL_FROM_GITHUB\NCL_IN_VISUALSTUDIO\SRC\RELEASE\NUMOT.OBJ
C:\NCL_FROM_GITHUB\NCL_IN_VISUALSTUDIO\SRC\RELEASE\NUMOTION.OBJ
C:\NCL_FROM_GITHUB\NCL_IN_VISUALSTUDIO\SRC\RELEASE\NUMOTSUP.OBJ
C:\NCL_FROM_GITHUB\NCL_IN_VISUALSTUDIO\SRC\RELEASE\NUMOVE.OBJ
C:\NCL_FROM_GITHUB\NCL_IN_VISUALSTUDIO\SRC\RELEASE\NUMX.OBJ
C:\NCL_FROM_GITHUB\NCL_IN_VISUALSTUDIO\SRC\RELEASE\NUNOTES.OBJ
C:\NCL_FROM_GITHUB\NCL_IN_VISUALSTUDIO\SRC\RELEASE\NUPL.OBJ
C:\NCL_FROM_GITHUB\NCL_IN_VISUALSTUDIO\SRC\RELEASE\NUPMILL.OBJ
C:\NCL_FROM_GITHUB\NCL_IN_VISUALSTUDIO\SRC\RELEASE\NUPN.OBJ
C:\NCL_FROM_GITHUB\NCL_IN_VISUALSTUDIO\SRC\RELEASE\NUPOCKET.OBJ
C:\NCL_FROM_GITHUB\NCL_IN_VISUALSTUDIO\SRC\RELEASE\NUPOCKET1.OBJ
C:\NCL_FROM_GITHUB\NCL_IN_VISUALSTUDIO\SRC\RELEASE\NUPOCKET2.OBJ
C:\NCL_FROM_GITHUB\NCL_IN_VISUALSTUDIO\SRC\RELEASE\NUPOKMOD.OBJ
C:\NCL_FROM_GITHUB\NCL_IN_VISUALSTUDIO\SRC\RELEASE\NUPROFIL.OBJ
C:\NCL_FROM_GITHUB\NCL_IN_VISUALSTUDIO\SRC\RELEASE\NUPROG.OBJ
C:\NCL_FROM_GITHUB\NCL_IN_VISUALSTUDIO\SRC\RELEASE\NUPROJ.OBJ
C:\NCL_FROM_GITHUB\NCL_IN_VISUALSTUDIO\SRC\RELEASE\NUPT.OBJ
C:\NCL_FROM_GITHUB\NCL_IN_VISUALSTUDIO\SRC\RELEASE\NUPV.OBJ
C:\NCL_FROM_GITHUB\NCL_IN_VISUALSTUDIO\SRC\RELEASE\NURBSP.OBJ
C:\NCL_FROM_GITHUB\NCL_IN_VISUALSTUDIO\SRC\RELEASE\NUREDEF.OBJ
C:\NCL_FROM_GITHUB\NCL_IN_VISUALSTUDIO\SRC\RELEASE\NUREFSYS.OBJ
C:\NCL_FROM_GITHUB\NCL_IN_VISUALSTUDIO\SRC\RELEASE\NUREMOVE.OBJ
C:\NCL_FROM_GITHUB\NCL_IN_VISUALSTUDIO\SRC\RELEASE\NUREVERS.OBJ
C:\NCL_FROM_GITHUB\NCL_IN_VISUALSTUDIO\SRC\RELEASE\NURMILL.OBJ
C:\NCL_FROM_GITHUB\NCL_IN_VISUALSTUDIO\SRC\RELEASE\NUSF.OBJ
C:\NCL_FROM_GITHUB\NCL_IN_VISUALSTUDIO\SRC\RELEASE\NUSF1.OBJ
C:\NCL_FROM_GITHUB\NCL_IN_VISUALSTUDIO\SRC\RELEASE\NUSF2.OBJ
C:\NCL_FROM_GITHUB\NCL_IN_VISUALSTUDIO\SRC\RELEASE\NUSH.OBJ
C:\NCL_FROM_GITHUB\NCL_IN_VISUALSTUDIO\SRC\RELEASE\NUSMILL.OBJ
C:\NCL_FROM_GITHUB\NCL_IN_VISUALSTUDIO\SRC\RELEASE\NUSOLID.OBJ
C:\NCL_FROM_GITHUB\NCL_IN_VISUALSTUDIO\SRC\RELEASE\NUSOLID1.OBJ
C:\NCL_FROM_GITHUB\NCL_IN_VISUALSTUDIO\SRC\RELEASE\NUSYSTEM.OBJ
C:\NCL_FROM_GITHUB\NCL_IN_VISUALSTUDIO\SRC\RELEASE\NUTESTCASE.OBJ
C:\NCL_FROM_GITHUB\NCL_IN_VISUALSTUDIO\SRC\RELEASE\NUTIL.OBJ
C:\NCL_FROM_GITHUB\NCL_IN_VISUALSTUDIO\SRC\RELEASE\NUTIL1.OBJ
C:\NCL_FROM_GITHUB\NCL_IN_VISUALSTUDIO\SRC\RELEASE\NUTLAXIS.OBJ
C:\NCL_FROM_GITHUB\NCL_IN_VISUALSTUDIO\SRC\RELEASE\NUTLCALC.OBJ
C:\NCL_FROM_GITHUB\NCL_IN_VISUALSTUDIO\SRC\RELEASE\NUUNITS.OBJ
C:\NCL_FROM_GITHUB\NCL_IN_VISUALSTUDIO\SRC\RELEASE\NUVE.OBJ
C:\NCL_FROM_GITHUB\NCL_IN_VISUALSTUDIO\SRC\RELEASE\NUVIEW.OBJ
C:\NCL_FROM_GITHUB\NCL_IN_VISUALSTUDIO\SRC\RELEASE\NUVMILL.OBJ
C:\NCL_FROM_GITHUB\NCL_IN_VISUALSTUDIO\SRC\RELEASE\NUVMILL1.OBJ
C:\NCL_FROM_GITHUB\NCL_IN_VISUALSTUDIO\SRC\RELEASE\NUVMPMOD.OBJ
C:\NCL_FROM_GITHUB\NCL_IN_VISUALSTUDIO\SRC\RELEASE\NUWRAP.OBJ
C:\NCL_FROM_GITHUB\NCL_IN_VISUALSTUDIO\SRC\RELEASE\NUZSURF.OBJ
C:\NCL_FROM_GITHUB\NCL_IN_VISUALSTUDIO\SRC\RELEASE\PWCFUNC.OBJ
C:\NCL_FROM_GITHUB\NCL_IN_VISUALSTUDIO\SRC\RELEASE\PWDTIM.OBJ
C:\NCL_FROM_GITHUB\NCL_IN_VISUALSTUDIO\SRC\RELEASE\PWMESSAGEBOX.OBJ
C:\NCL_FROM_GITHUB\NCL_IN_VISUALSTUDIO\SRC\RELEASE\QEVAL.OBJ
C:\NCL_FROM_GITHUB\NCL_IN_VISUALSTUDIO\SRC\RELEASE\QFUNC.OBJ
C:\NCL_FROM_GITHUB\NCL_IN_VISUALSTUDIO\SRC\RELEASE\QINITB.OBJ
C:\NCL_FROM_GITHUB\NCL_IN_VISUALSTUDIO\SRC\RELEASE\QINITREL.OBJ
C:\NCL_FROM_GITHUB\NCL_IN_VISUALSTUDIO\SRC\RELEASE\QLANG.OBJ
C:\NCL_FROM_GITHUB\NCL_IN_VISUALSTUDIO\SRC\RELEASE\QLANG1.OBJ
C:\NCL_FROM_GITHUB\NCL_IN_VISUALSTUDIO\SRC\RELEASE\QLANG2.OBJ
C:\NCL_FROM_GITHUB\NCL_IN_VISUALSTUDIO\SRC\RELEASE\QLANGIO1.OBJ
C:\NCL_FROM_GITHUB\NCL_IN_VISUALSTUDIO\SRC\RELEASE\QLANGIO2.OBJ
C:\NCL_FROM_GITHUB\NCL_IN_VISUALSTUDIO\SRC\RELEASE\QSTACK.OBJ
C:\NCL_FROM_GITHUB\NCL_IN_VISUALSTUDIO\SRC\RELEASE\QSYMTB.OBJ
C:\NCL_FROM_GITHUB\NCL_IN_VISUALSTUDIO\SRC\RELEASE\QSYMTB1.OBJ
C:\NCL_FROM_GITHUB\NCL_IN_VISUALSTUDIO\SRC\RELEASE\QSYMTB2.OBJ
C:\NCL_FROM_GITHUB\NCL_IN_VISUALSTUDIO\SRC\RELEASE\QVMATCH.OBJ
C:\NCL_FROM_GITHUB\NCL_IN_VISUALSTUDIO\SRC\RELEASE\R1EASSOC.OBJ
C:\NCL_FROM_GITHUB\NCL_IN_VISUALSTUDIO\SRC\RELEASE\R1EMSGPK.OBJ
C:\NCL_FROM_GITHUB\NCL_IN_VISUALSTUDIO\SRC\RELEASE\R1ESCHED.OBJ
C:\NCL_FROM_GITHUB\NCL_IN_VISUALSTUDIO\SRC\RELEASE\R1ISCHED.OBJ
C:\NCL_from_GitHub\NCL_in_VisualStudio\src\Release\rc.command.1.tlog
C:\NCL_from_GitHub\NCL_in_VisualStudio\src\Release\rc.read.1.tlog
C:\NCL_from_GitHub\NCL_in_VisualStudio\src\Release\rc.write.1.tlog
C:\NCL_FROM_GITHUB\NCL_IN_VISUALSTUDIO\SRC\RELEASE\REASCSUP.OBJ
C:\NCL_FROM_GITHUB\NCL_IN_VISUALSTUDIO\SRC\RELEASE\REASENV.OBJ
C:\NCL_FROM_GITHUB\NCL_IN_VISUALSTUDIO\SRC\RELEASE\REASP.OBJ
C:\NCL_FROM_GITHUB\NCL_IN_VISUALSTUDIO\SRC\RELEASE\RECD.OBJ
C:\NCL_FROM_GITHUB\NCL_IN_VISUALSTUDIO\SRC\RELEASE\RECDD.OBJ
C:\NCL_FROM_GITHUB\NCL_IN_VISUALSTUDIO\SRC\RELEASE\REDA.OBJ
C:\NCL_FROM_GITHUB\NCL_IN_VISUALSTUDIO\SRC\RELEASE\REDAT.OBJ
C:\NCL_FROM_GITHUB\NCL_IN_VISUALSTUDIO\SRC\RELEASE\REDATDCT.OBJ
C:\NCL_FROM_GITHUB\NCL_IN_VISUALSTUDIO\SRC\RELEASE\REDDV.OBJ
C:\NCL_FROM_GITHUB\NCL_IN_VISUALSTUDIO\SRC\RELEASE\REDMPENT.OBJ
C:\NCL_FROM_GITHUB\NCL_IN_VISUALSTUDIO\SRC\RELEASE\REDMPEVT.OBJ
C:\NCL_FROM_GITHUB\NCL_IN_VISUALSTUDIO\SRC\RELEASE\REDMPMDL.OBJ
C:\NCL_FROM_GITHUB\NCL_IN_VISUALSTUDIO\SRC\RELEASE\REDTR.OBJ
C:\NCL_FROM_GITHUB\NCL_IN_VISUALSTUDIO\SRC\RELEASE\REDU.OBJ
C:\NCL_FROM_GITHUB\NCL_IN_VISUALSTUDIO\SRC\RELEASE\REDVA.OBJ
C:\NCL_FROM_GITHUB\NCL_IN_VISUALSTUDIO\SRC\RELEASE\REEAS.OBJ
C:\NCL_FROM_GITHUB\NCL_IN_VISUALSTUDIO\SRC\RELEASE\REENVIN.OBJ
C:\NCL_FROM_GITHUB\NCL_IN_VISUALSTUDIO\SRC\RELEASE\REENVLOD.OBJ
C:\NCL_FROM_GITHUB\NCL_IN_VISUALSTUDIO\SRC\RELEASE\REENVOUT.OBJ
C:\NCL_FROM_GITHUB\NCL_IN_VISUALSTUDIO\SRC\RELEASE\REENVSAV.OBJ
C:\NCL_FROM_GITHUB\NCL_IN_VISUALSTUDIO\SRC\RELEASE\REFAD.OBJ
C:\NCL_FROM_GITHUB\NCL_IN_VISUALSTUDIO\SRC\RELEASE\REGAS.OBJ
C:\NCL_FROM_GITHUB\NCL_IN_VISUALSTUDIO\SRC\RELEASE\REGAVM.OBJ
C:\NCL_FROM_GITHUB\NCL_IN_VISUALSTUDIO\SRC\RELEASE\REGLMK.OBJ
C:\NCL_FROM_GITHUB\NCL_IN_VISUALSTUDIO\SRC\RELEASE\REGNAK.OBJ
C:\NCL_FROM_GITHUB\NCL_IN_VISUALSTUDIO\SRC\RELEASE\REGNDK.OBJ
C:\NCL_FROM_GITHUB\NCL_IN_VISUALSTUDIO\SRC\RELEASE\REGNK.OBJ
C:\NCL_FROM_GITHUB\NCL_IN_VISUALSTUDIO\SRC\RELEASE\REGNNDK.OBJ
C:\NCL_FROM_GITHUB\NCL_IN_VISUALSTUDIO\SRC\RELEASE\REGNODK.OBJ
C:\NCL_FROM_GITHUB\NCL_IN_VISUALSTUDIO\SRC\RELEASE\REGNSAK.OBJ
C:\NCL_FROM_GITHUB\NCL_IN_VISUALSTUDIO\SRC\RELEASE\REGTC.OBJ
C:\NCL_FROM_GITHUB\NCL_IN_VISUALSTUDIO\SRC\RELEASE\REGVM.OBJ
C:\NCL_FROM_GITHUB\NCL_IN_VISUALSTUDIO\SRC\RELEASE\REIA.OBJ
C:\NCL_FROM_GITHUB\NCL_IN_VISUALSTUDIO\SRC\RELEASE\REIDR.OBJ
C:\NCL_FROM_GITHUB\NCL_IN_VISUALSTUDIO\SRC\RELEASE\REIR.OBJ
C:\NCL_FROM_GITHUB\NCL_IN_VISUALSTUDIO\SRC\RELEASE\REITR.OBJ
C:\NCL_FROM_GITHUB\NCL_IN_VISUALSTUDIO\SRC\RELEASE\REIU.OBJ
C:\NCL_FROM_GITHUB\NCL_IN_VISUALSTUDIO\SRC\RELEASE\RELP01.OBJ
C:\NCL_FROM_GITHUB\NCL_IN_VISUALSTUDIO\SRC\RELEASE\RELP02.OBJ
C:\NCL_FROM_GITHUB\NCL_IN_VISUALSTUDIO\SRC\RELEASE\RELP03.OBJ
C:\NCL_FROM_GITHUB\NCL_IN_VISUALSTUDIO\SRC\RELEASE\RELP04.OBJ
C:\NCL_FROM_GITHUB\NCL_IN_VISUALSTUDIO\SRC\RELEASE\REMEMBRP.OBJ
C:\NCL_FROM_GITHUB\NCL_IN_VISUALSTUDIO\SRC\RELEASE\REMO.OBJ
C:\NCL_FROM_GITHUB\NCL_IN_VISUALSTUDIO\SRC\RELEASE\REORALOD.OBJ
C:\NCL_FROM_GITHUB\NCL_IN_VISUALSTUDIO\SRC\RELEASE\REORASAV.OBJ
C:\NCL_FROM_GITHUB\NCL_IN_VISUALSTUDIO\SRC\RELEASE\REORATRI.OBJ
C:\NCL_FROM_GITHUB\NCL_IN_VISUALSTUDIO\SRC\RELEASE\REORATRO.OBJ
C:\NCL_FROM_GITHUB\NCL_IN_VISUALSTUDIO\SRC\RELEASE\REPARSE.OBJ
C:\NCL_FROM_GITHUB\NCL_IN_VISUALSTUDIO\SRC\RELEASE\REPRTERR.OBJ
C:\NCL_FROM_GITHUB\NCL_IN_VISUALSTUDIO\SRC\RELEASE\RERA.OBJ
C:\NCL_FROM_GITHUB\NCL_IN_VISUALSTUDIO\SRC\RELEASE\RERAD.OBJ
C:\NCL_FROM_GITHUB\NCL_IN_VISUALSTUDIO\SRC\RELEASE\RERADV.OBJ
C:\NCL_FROM_GITHUB\NCL_IN_VISUALSTUDIO\SRC\RELEASE\RERD.OBJ
C:\NCL_FROM_GITHUB\NCL_IN_VISUALSTUDIO\SRC\RELEASE\RERDF.OBJ
C:\NCL_FROM_GITHUB\NCL_IN_VISUALSTUDIO\SRC\RELEASE\RERDR.OBJ
C:\NCL_FROM_GITHUB\NCL_IN_VISUALSTUDIO\SRC\RELEASE\RERDS.OBJ
C:\NCL_FROM_GITHUB\NCL_IN_VISUALSTUDIO\SRC\RELEASE\RERDV.OBJ
C:\NCL_FROM_GITHUB\NCL_IN_VISUALSTUDIO\SRC\RELEASE\RERE.OBJ
C:\NCL_FROM_GITHUB\NCL_IN_VISUALSTUDIO\SRC\RELEASE\RERECENV.OBJ
C:\NCL_FROM_GITHUB\NCL_IN_VISUALSTUDIO\SRC\RELEASE\RERP.OBJ
C:\NCL_FROM_GITHUB\NCL_IN_VISUALSTUDIO\SRC\RELEASE\RERRA.OBJ
C:\NCL_FROM_GITHUB\NCL_IN_VISUALSTUDIO\SRC\RELEASE\RERRN.OBJ
C:\NCL_FROM_GITHUB\NCL_IN_VISUALSTUDIO\SRC\RELEASE\RERTR.OBJ
C:\NCL_FROM_GITHUB\NCL_IN_VISUALSTUDIO\SRC\RELEASE\RERU.OBJ
C:\NCL_FROM_GITHUB\NCL_IN_VISUALSTUDIO\SRC\RELEASE\RERVK.OBJ
C:\NCL_FROM_GITHUB\NCL_IN_VISUALSTUDIO\SRC\RELEASE\RESAD.OBJ
C:\NCL_FROM_GITHUB\NCL_IN_VISUALSTUDIO\SRC\RELEASE\RESD.OBJ
C:\NCL_FROM_GITHUB\NCL_IN_VISUALSTUDIO\SRC\RELEASE\RESDM.OBJ
C:\NCL_FROM_GITHUB\NCL_IN_VISUALSTUDIO\SRC\RELEASE\RESDTR.OBJ
C:\NCL_FROM_GITHUB\NCL_IN_VISUALSTUDIO\SRC\RELEASE\RESP01.OBJ
C:\NCL_FROM_GITHUB\NCL_IN_VISUALSTUDIO\SRC\RELEASE\RESP02.OBJ
C:\NCL_FROM_GITHUB\NCL_IN_VISUALSTUDIO\SRC\RELEASE\RESP03.OBJ
C:\NCL_FROM_GITHUB\NCL_IN_VISUALSTUDIO\SRC\RELEASE\RESP04.OBJ
C:\NCL_FROM_GITHUB\NCL_IN_VISUALSTUDIO\SRC\RELEASE\RESP04C.OBJ
C:\NCL_FROM_GITHUB\NCL_IN_VISUALSTUDIO\SRC\RELEASE\RESS.OBJ
C:\NCL_FROM_GITHUB\NCL_IN_VISUALSTUDIO\SRC\RELEASE\RESWAP.OBJ
C:\NCL_FROM_GITHUB\NCL_IN_VISUALSTUDIO\SRC\RELEASE\RETOUCH.OBJ
C:\NCL_FROM_GITHUB\NCL_IN_VISUALSTUDIO\SRC\RELEASE\REUA.OBJ
C:\NCL_FROM_GITHUB\NCL_IN_VISUALSTUDIO\SRC\RELEASE\REUADV.OBJ
C:\NCL_FROM_GITHUB\NCL_IN_VISUALSTUDIO\SRC\RELEASE\REUD.OBJ
C:\NCL_FROM_GITHUB\NCL_IN_VISUALSTUDIO\SRC\RELEASE\REUDF.OBJ
C:\NCL_FROM_GITHUB\NCL_IN_VISUALSTUDIO\SRC\RELEASE\REUDS.OBJ
C:\NCL_FROM_GITHUB\NCL_IN_VISUALSTUDIO\SRC\RELEASE\REUDV.OBJ
C:\NCL_FROM_GITHUB\NCL_IN_VISUALSTUDIO\SRC\RELEASE\REUE.OBJ
C:\NCL_FROM_GITHUB\NCL_IN_VISUALSTUDIO\SRC\RELEASE\REUNDO.OBJ
C:\NCL_FROM_GITHUB\NCL_IN_VISUALSTUDIO\SRC\RELEASE\REUNREAD.OBJ
C:\NCL_FROM_GITHUB\NCL_IN_VISUALSTUDIO\SRC\RELEASE\REUP10000.OBJ
C:\NCL_FROM_GITHUB\NCL_IN_VISUALSTUDIO\SRC\RELEASE\REUP10100.OBJ
C:\NCL_FROM_GITHUB\NCL_IN_VISUALSTUDIO\SRC\RELEASE\REUP8103.OBJ
C:\NCL_FROM_GITHUB\NCL_IN_VISUALSTUDIO\SRC\RELEASE\REUP8105.OBJ
C:\NCL_FROM_GITHUB\NCL_IN_VISUALSTUDIO\SRC\RELEASE\REUP8200.OBJ
C:\NCL_FROM_GITHUB\NCL_IN_VISUALSTUDIO\SRC\RELEASE\REUP8250.OBJ
C:\NCL_FROM_GITHUB\NCL_IN_VISUALSTUDIO\SRC\RELEASE\REUP8400.OBJ
C:\NCL_FROM_GITHUB\NCL_IN_VISUALSTUDIO\SRC\RELEASE\REUP8500.OBJ
C:\NCL_FROM_GITHUB\NCL_IN_VISUALSTUDIO\SRC\RELEASE\REUP9100.OBJ
C:\NCL_FROM_GITHUB\NCL_IN_VISUALSTUDIO\SRC\RELEASE\REUP9200.OBJ
C:\NCL_FROM_GITHUB\NCL_IN_VISUALSTUDIO\SRC\RELEASE\REUP9300.OBJ
C:\NCL_FROM_GITHUB\NCL_IN_VISUALSTUDIO\SRC\RELEASE\REUP9400.OBJ
C:\NCL_FROM_GITHUB\NCL_IN_VISUALSTUDIO\SRC\RELEASE\REUP9600.OBJ
C:\NCL_FROM_GITHUB\NCL_IN_VISUALSTUDIO\SRC\RELEASE\REUP9700.OBJ
C:\NCL_FROM_GITHUB\NCL_IN_VISUALSTUDIO\SRC\RELEASE\REUP9900.OBJ
C:\NCL_FROM_GITHUB\NCL_IN_VISUALSTUDIO\SRC\RELEASE\REUPDATE.OBJ
C:\NCL_FROM_GITHUB\NCL_IN_VISUALSTUDIO\SRC\RELEASE\REURA.OBJ
C:\NCL_FROM_GITHUB\NCL_IN_VISUALSTUDIO\SRC\RELEASE\REUTR.OBJ
C:\NCL_FROM_GITHUB\NCL_IN_VISUALSTUDIO\SRC\RELEASE\REUU.OBJ
C:\NCL_FROM_GITHUB\NCL_IN_VISUALSTUDIO\SRC\RELEASE\REUVK.OBJ
C:\NCL_FROM_GITHUB\NCL_IN_VISUALSTUDIO\SRC\RELEASE\RIAAL.OBJ
C:\NCL_FROM_GITHUB\NCL_IN_VISUALSTUDIO\SRC\RELEASE\RIART.OBJ
C:\NCL_FROM_GITHUB\NCL_IN_VISUALSTUDIO\SRC\RELEASE\RICFK.OBJ
C:\NCL_FROM_GITHUB\NCL_IN_VISUALSTUDIO\SRC\RELEASE\RICS.OBJ
C:\NCL_FROM_GITHUB\NCL_IN_VISUALSTUDIO\SRC\RELEASE\RICT.OBJ
C:\NCL_FROM_GITHUB\NCL_IN_VISUALSTUDIO\SRC\RELEASE\RIDAL.OBJ
C:\NCL_FROM_GITHUB\NCL_IN_VISUALSTUDIO\SRC\RELEASE\RIDELSUP.OBJ
C:\NCL_FROM_GITHUB\NCL_IN_VISUALSTUDIO\SRC\RELEASE\RIDMA.OBJ
C:\NCL_FROM_GITHUB\NCL_IN_VISUALSTUDIO\SRC\RELEASE\RIDMPPCS.OBJ
C:\NCL_FROM_GITHUB\NCL_IN_VISUALSTUDIO\SRC\RELEASE\RIDRT.OBJ
C:\NCL_FROM_GITHUB\NCL_IN_VISUALSTUDIO\SRC\RELEASE\RIDT.OBJ
C:\NCL_FROM_GITHUB\NCL_IN_VISUALSTUDIO\SRC\RELEASE\RIDTV.OBJ
C:\NCL_FROM_GITHUB\NCL_IN_VISUALSTUDIO\SRC\RELEASE\RIEATCOM.OBJ
C:\NCL_FROM_GITHUB\NCL_IN_VISUALSTUDIO\SRC\RELEASE\RIENVTAB.OBJ
C:\NCL_FROM_GITHUB\NCL_IN_VISUALSTUDIO\SRC\RELEASE\RIFDSTK.OBJ
C:\NCL_FROM_GITHUB\NCL_IN_VISUALSTUDIO\SRC\RELEASE\RIFDT.OBJ
C:\NCL_FROM_GITHUB\NCL_IN_VISUALSTUDIO\SRC\RELEASE\RIFNDOFF.OBJ
C:\NCL_FROM_GITHUB\NCL_IN_VISUALSTUDIO\SRC\RELEASE\RIFNDSIZ.OBJ
C:\NCL_FROM_GITHUB\NCL_IN_VISUALSTUDIO\SRC\RELEASE\RIGETALN.OBJ
C:\NCL_FROM_GITHUB\NCL_IN_VISUALSTUDIO\SRC\RELEASE\RIGETDIG.OBJ
C:\NCL_FROM_GITHUB\NCL_IN_VISUALSTUDIO\SRC\RELEASE\RIGETTOK.OBJ
C:\NCL_FROM_GITHUB\NCL_IN_VISUALSTUDIO\SRC\RELEASE\RIGLPP.OBJ
C:\NCL_FROM_GITHUB\NCL_IN_VISUALSTUDIO\SRC\RELEASE\RIGLTI.OBJ
C:\NCL_FROM_GITHUB\NCL_IN_VISUALSTUDIO\SRC\RELEASE\RIGNNTI.OBJ
C:\NCL_FROM_GITHUB\NCL_IN_VISUALSTUDIO\SRC\RELEASE\RIGNOT.OBJ
C:\NCL_FROM_GITHUB\NCL_IN_VISUALSTUDIO\SRC\RELEASE\RIGNTI.OBJ
C:\NCL_FROM_GITHUB\NCL_IN_VISUALSTUDIO\SRC\RELEASE\RIGTP.OBJ
C:\NCL_FROM_GITHUB\NCL_IN_VISUALSTUDIO\SRC\RELEASE\RIGVP.OBJ
C:\NCL_FROM_GITHUB\NCL_IN_VISUALSTUDIO\SRC\RELEASE\RIK2RT.OBJ
C:\NCL_FROM_GITHUB\NCL_IN_VISUALSTUDIO\SRC\RELEASE\RILP02A.OBJ
C:\NCL_FROM_GITHUB\NCL_IN_VISUALSTUDIO\SRC\RELEASE\RILRGPW2.OBJ
C:\NCL_FROM_GITHUB\NCL_IN_VISUALSTUDIO\SRC\RELEASE\RIMKPSTR.OBJ
C:\NCL_FROM_GITHUB\NCL_IN_VISUALSTUDIO\SRC\RELEASE\RINEWMOD.OBJ
C:\NCL_FROM_GITHUB\NCL_IN_VISUALSTUDIO\SRC\RELEASE\RINEWPAG.OBJ
C:\NCL_FROM_GITHUB\NCL_IN_VISUALSTUDIO\SRC\RELEASE\RINOTIFY.OBJ
C:\NCL_FROM_GITHUB\NCL_IN_VISUALSTUDIO\SRC\RELEASE\RIORADEL.OBJ
C:\NCL_FROM_GITHUB\NCL_IN_VISUALSTUDIO\SRC\RELEASE\RIORAERR.OBJ
C:\NCL_FROM_GITHUB\NCL_IN_VISUALSTUDIO\SRC\RELEASE\RIORAINI.OBJ
C:\NCL_FROM_GITHUB\NCL_IN_VISUALSTUDIO\SRC\RELEASE\RIORAISS.OBJ
C:\NCL_FROM_GITHUB\NCL_IN_VISUALSTUDIO\SRC\RELEASE\RIORASSS.OBJ
C:\NCL_FROM_GITHUB\NCL_IN_VISUALSTUDIO\SRC\RELEASE\RIPARERR.OBJ
C:\NCL_FROM_GITHUB\NCL_IN_VISUALSTUDIO\SRC\RELEASE\RIPARSE1.OBJ
C:\NCL_FROM_GITHUB\NCL_IN_VISUALSTUDIO\SRC\RELEASE\RIRD1ENT.OBJ
C:\NCL_FROM_GITHUB\NCL_IN_VISUALSTUDIO\SRC\RELEASE\RIRDATMS.OBJ
C:\NCL_FROM_GITHUB\NCL_IN_VISUALSTUDIO\SRC\RELEASE\RIRDENTS.OBJ
C:\NCL_FROM_GITHUB\NCL_IN_VISUALSTUDIO\SRC\RELEASE\RIRDENV.OBJ
C:\NCL_FROM_GITHUB\NCL_IN_VISUALSTUDIO\SRC\RELEASE\RIRDRCB.OBJ
C:\NCL_FROM_GITHUB\NCL_IN_VISUALSTUDIO\SRC\RELEASE\RIRDTK.OBJ
C:\NCL_FROM_GITHUB\NCL_IN_VISUALSTUDIO\SRC\RELEASE\RIREAD1D.OBJ
C:\NCL_FROM_GITHUB\NCL_IN_VISUALSTUDIO\SRC\RELEASE\RIRETMEM.OBJ
C:\NCL_FROM_GITHUB\NCL_IN_VISUALSTUDIO\SRC\RELEASE\RIRMA.OBJ
C:\NCL_FROM_GITHUB\NCL_IN_VISUALSTUDIO\SRC\RELEASE\RIRT.OBJ
C:\NCL_FROM_GITHUB\NCL_IN_VISUALSTUDIO\SRC\RELEASE\RIRT2K.OBJ
C:\NCL_FROM_GITHUB\NCL_IN_VISUALSTUDIO\SRC\RELEASE\RIRTAVI.OBJ
C:\NCL_FROM_GITHUB\NCL_IN_VISUALSTUDIO\SRC\RELEASE\RIRTV.OBJ
C:\NCL_FROM_GITHUB\NCL_IN_VISUALSTUDIO\SRC\RELEASE\RISP02A.OBJ
C:\NCL_FROM_GITHUB\NCL_IN_VISUALSTUDIO\SRC\RELEASE\RITOTYPE.OBJ
C:\NCL_FROM_GITHUB\NCL_IN_VISUALSTUDIO\SRC\RELEASE\RIUALF.OBJ
C:\NCL_FROM_GITHUB\NCL_IN_VISUALSTUDIO\SRC\RELEASE\RIUALV.OBJ
C:\NCL_FROM_GITHUB\NCL_IN_VISUALSTUDIO\SRC\RELEASE\RIUDTK.OBJ
C:\NCL_FROM_GITHUB\NCL_IN_VISUALSTUDIO\SRC\RELEASE\RIUMA.OBJ
C:\NCL_FROM_GITHUB\NCL_IN_VISUALSTUDIO\SRC\RELEASE\RIUT.OBJ
C:\NCL_FROM_GITHUB\NCL_IN_VISUALSTUDIO\SRC\RELEASE\RIUTV.OBJ
C:\NCL_FROM_GITHUB\NCL_IN_VISUALSTUDIO\SRC\RELEASE\RIUVI.OBJ
C:\NCL_FROM_GITHUB\NCL_IN_VISUALSTUDIO\SRC\RELEASE\RIWT1ENT.OBJ
C:\NCL_FROM_GITHUB\NCL_IN_VISUALSTUDIO\SRC\RELEASE\RIWTATMS.OBJ
C:\NCL_FROM_GITHUB\NCL_IN_VISUALSTUDIO\SRC\RELEASE\RIWTATMS1.OBJ
C:\NCL_FROM_GITHUB\NCL_IN_VISUALSTUDIO\SRC\RELEASE\RIWTENTS.OBJ
C:\NCL_FROM_GITHUB\NCL_IN_VISUALSTUDIO\SRC\RELEASE\RIWTENV.OBJ
C:\NCL_FROM_GITHUB\NCL_IN_VISUALSTUDIO\SRC\RELEASE\RIWTRCB.OBJ
C:\NCL_FROM_GITHUB\NCL_IN_VISUALSTUDIO\SRC\RELEASE\RIXK.OBJ
C:\NCL_FROM_GITHUB\NCL_IN_VISUALSTUDIO\SRC\RELEASE\RIXMF.OBJ
C:\NCL_FROM_GITHUB\NCL_IN_VISUALSTUDIO\SRC\RELEASE\RIXPAND.OBJ
C:\NCL_FROM_GITHUB\NCL_IN_VISUALSTUDIO\SRC\RELEASE\RIZK.OBJ
C:\NCL_FROM_GITHUB\NCL_IN_VISUALSTUDIO\SRC\RELEASE\RMATTRDD.OBJ
C:\NCL_FROM_GITHUB\NCL_IN_VISUALSTUDIO\SRC\RELEASE\RMDRAW.OBJ
C:\NCL_FROM_GITHUB\NCL_IN_VISUALSTUDIO\SRC\RELEASE\RMLABDDL.OBJ
C:\NCL_FROM_GITHUB\NCL_IN_VISUALSTUDIO\SRC\RELEASE\RRIDDL.OBJ
C:\NCL_FROM_GITHUB\NCL_IN_VISUALSTUDIO\SRC\RELEASE\RTPLTST.OBJ
C:\NCL_FROM_GITHUB\NCL_IN_VISUALSTUDIO\SRC\RELEASE\RULP.OBJ
C:\NCL_FROM_GITHUB\NCL_IN_VISUALSTUDIO\SRC\RELEASE\RURP.OBJ
C:\NCL_FROM_GITHUB\NCL_IN_VISUALSTUDIO\SRC\RELEASE\RUSP.OBJ
C:\NCL_FROM_GITHUB\NCL_IN_VISUALSTUDIO\SRC\RELEASE\SDELAY.OBJ
C:\NCL_FROM_GITHUB\NCL_IN_VISUALSTUDIO\SRC\RELEASE\SDOPRNT.OBJ
C:\NCL_FROM_GITHUB\NCL_IN_VISUALSTUDIO\SRC\RELEASE\SDOSCAN.OBJ
C:\NCL_FROM_GITHUB\NCL_IN_VISUALSTUDIO\SRC\RELEASE\SIGNAL.OBJ
C:\NCL_FROM_GITHUB\NCL_IN_VISUALSTUDIO\SRC\RELEASE\SINDEX.OBJ
C:\NCL_FROM_GITHUB\NCL_IN_VISUALSTUDIO\SRC\RELEASE\SMALLOC.OBJ
C:\NCL_FROM_GITHUB\NCL_IN_VISUALSTUDIO\SRC\RELEASE\TRIMSUP.OBJ
C:\NCL_FROM_GITHUB\NCL_IN_VISUALSTUDIO\SRC\RELEASE\UADOK.OBJ
C:\NCL_FROM_GITHUB\NCL_IN_VISUALSTUDIO\SRC\RELEASE\UAGETENV.OBJ
C:\NCL_FROM_GITHUB\NCL_IN_VISUALSTUDIO\SRC\RELEASE\UAPGEO.OBJ
C:\NCL_FROM_GITHUB\NCL_IN_VISUALSTUDIO\SRC\RELEASE\UB2IT.OBJ
C:\NCL_FROM_GITHUB\NCL_IN_VISUALSTUDIO\SRC\RELEASE\UBITS.OBJ
C:\NCL_FROM_GITHUB\NCL_IN_VISUALSTUDIO\SRC\RELEASE\UBREAD.OBJ
C:\NCL_FROM_GITHUB\NCL_IN_VISUALSTUDIO\SRC\RELEASE\UBRENT.OBJ
C:\NCL_FROM_GITHUB\NCL_IN_VISUALSTUDIO\SRC\RELEASE\UBWRITE.OBJ
C:\NCL_FROM_GITHUB\NCL_IN_VISUALSTUDIO\SRC\RELEASE\UCOMPB.OBJ
C:\NCL_FROM_GITHUB\NCL_IN_VISUALSTUDIO\SRC\RELEASE\UCTOFOR.OBJ
C:\NCL_FROM_GITHUB\NCL_IN_VISUALSTUDIO\SRC\RELEASE\UDEBUG.OBJ
C:\NCL_FROM_GITHUB\NCL_IN_VISUALSTUDIO\SRC\RELEASE\UDEBUG1.OBJ
C:\NCL_FROM_GITHUB\NCL_IN_VISUALSTUDIO\SRC\RELEASE\UDISPLAY.OBJ
C:\NCL_FROM_GITHUB\NCL_IN_VISUALSTUDIO\SRC\RELEASE\UERROR.OBJ
C:\NCL_FROM_GITHUB\NCL_IN_VISUALSTUDIO\SRC\RELEASE\UFILLB.OBJ
C:\NCL_FROM_GITHUB\NCL_IN_VISUALSTUDIO\SRC\RELEASE\UGETOPT.OBJ
C:\NCL_FROM_GITHUB\NCL_IN_VISUALSTUDIO\SRC\RELEASE\UHASH.OBJ
C:\NCL_FROM_GITHUB\NCL_IN_VISUALSTUDIO\SRC\RELEASE\UIARRAY.OBJ
C:\NCL_FROM_GITHUB\NCL_IN_VISUALSTUDIO\SRC\RELEASE\UIO.OBJ
C:\NCL_FROM_GITHUB\NCL_IN_VISUALSTUDIO\SRC\RELEASE\UIT2B.OBJ
C:\NCL_FROM_GITHUB\NCL_IN_VISUALSTUDIO\SRC\RELEASE\ULIST.OBJ
C:\NCL_FROM_GITHUB\NCL_IN_VISUALSTUDIO\SRC\RELEASE\ULISTS.OBJ
C:\NCL_FROM_GITHUB\NCL_IN_VISUALSTUDIO\SRC\RELEASE\UMAINC.OBJ
C:\NCL_FROM_GITHUB\NCL_IN_VISUALSTUDIO\SRC\RELEASE\UMOVEB.OBJ
C:\NCL_FROM_GITHUB\NCL_IN_VISUALSTUDIO\SRC\RELEASE\UMSG2STG.OBJ
C:\NCL_FROM_GITHUB\NCL_IN_VISUALSTUDIO\SRC\RELEASE\UNICAD.OBJ
C:\NCL_FROM_GITHUB\NCL_IN_VISUALSTUDIO\SRC\RELEASE\UNIDONE.OBJ
C:\NCL_FROM_GITHUB\NCL_IN_VISUALSTUDIO\SRC\RELEASE\UNIINIT.OBJ
C:\NCL_FROM_GITHUB\NCL_IN_VISUALSTUDIO\SRC\RELEASE\UNSERVE.OBJ
C:\NCL_FROM_GITHUB\NCL_IN_VISUALSTUDIO\SRC\RELEASE\UPOSTMSG.OBJ
C:\NCL_FROM_GITHUB\NCL_IN_VISUALSTUDIO\SRC\RELEASE\UQSORT.OBJ
C:\NCL_FROM_GITHUB\NCL_IN_VISUALSTUDIO\SRC\RELEASE\USTRTOK.OBJ
C:\NCL_FROM_GITHUB\NCL_IN_VISUALSTUDIO\SRC\RELEASE\UTILINIT.OBJ
C:\NCL_FROM_GITHUB\NCL_IN_VISUALSTUDIO\SRC\RELEASE\UTIME.OBJ
C:\NCL_FROM_GITHUB\NCL_IN_VISUALSTUDIO\SRC\RELEASE\UTLALOC.OBJ
C:\NCL_FROM_GITHUB\NCL_IN_VISUALSTUDIO\SRC\RELEASE\UVERSION.OBJ
C:\NCL_FROM_GITHUB\NCL_IN_VISUALSTUDIO\SRC\RELEASE\UWINPROC.OBJ
C:\NCL_FROM_GITHUB\NCL_IN_VISUALSTUDIO\SRC\RELEASE\VC100.PDB
C:\NCL_FROM_GITHUB\NCL_IN_VISUALSTUDIO\SRC\RELEASE\VCONV.OBJ
C:\NCL_FROM_GITHUB\NCL_IN_VISUALSTUDIO\SRC\RELEASE\VDD1INIT.OBJ
C:\NCL_FROM_GITHUB\NCL_IN_VISUALSTUDIO\SRC\RELEASE\VDEFVW.OBJ
C:\NCL_FROM_GITHUB\NCL_IN_VISUALSTUDIO\SRC\RELEASE\VEDBA.OBJ
C:\NCL_FROM_GITHUB\NCL_IN_VISUALSTUDIO\SRC\RELEASE\VEDEBUG.OBJ
C:\NCL_FROM_GITHUB\NCL_IN_VISUALSTUDIO\SRC\RELEASE\VEDRAW.OBJ
C:\NCL_FROM_GITHUB\NCL_IN_VISUALSTUDIO\SRC\RELEASE\VEDYNSTEP.OBJ
C:\NCL_FROM_GITHUB\NCL_IN_VISUALSTUDIO\SRC\RELEASE\VEDYNVW.OBJ
C:\NCL_FROM_GITHUB\NCL_IN_VISUALSTUDIO\SRC\RELEASE\VESCREEN.OBJ
C:\NCL_FROM_GITHUB\NCL_IN_VISUALSTUDIO\SRC\RELEASE\VEVIEW.OBJ
C:\NCL_FROM_GITHUB\NCL_IN_VISUALSTUDIO\SRC\RELEASE\VEVPORT.OBJ
C:\NCL_FROM_GITHUB\NCL_IN_VISUALSTUDIO\SRC\RELEASE\VIINIT.OBJ
C:\NCL_FROM_GITHUB\NCL_IN_VISUALSTUDIO\SRC\RELEASE\VIREL.OBJ
C:\NCL_FROM_GITHUB\NCL_IN_VISUALSTUDIO\SRC\RELEASE\VUDEBUG.OBJ
C:\NCL_FROM_GITHUB\NCL_IN_VISUALSTUDIO\SRC\RELEASE\VUDYNVW.OBJ
C:\NCL_FROM_GITHUB\NCL_IN_VISUALSTUDIO\SRC\RELEASE\VUSCREEN.OBJ
C:\NCL_FROM_GITHUB\NCL_IN_VISUALSTUDIO\SRC\RELEASE\VUVIEW1.OBJ
C:\NCL_FROM_GITHUB\NCL_IN_VISUALSTUDIO\SRC\RELEASE\VUVIEW2.OBJ
C:\NCL_FROM_GITHUB\NCL_IN_VISUALSTUDIO\SRC\RELEASE\VUVIEW3.OBJ
C:\NCL_FROM_GITHUB\NCL_IN_VISUALSTUDIO\SRC\RELEASE\VWINDOW.OBJ
C:\NCL_FROM_GITHUB\NCL_IN_VISUALSTUDIO\SRC\RELEASE\WSGIFSAVE.OBJ
C:\NCL_FROM_GITHUB\NCL_IN_VISUALSTUDIO\SRC\RELEASE\WSGLATT.OBJ
C:\NCL_FROM_GITHUB\NCL_IN_VISUALSTUDIO\SRC\RELEASE\WSGLDYN.OBJ
C:\NCL_FROM_GITHUB\NCL_IN_VISUALSTUDIO\SRC\RELEASE\WSGLFUN.OBJ
C:\NCL_FROM_GITHUB\NCL_IN_VISUALSTUDIO\SRC\RELEASE\WSGLINIT.OBJ
C:\NCL_FROM_GITHUB\NCL_IN_VISUALSTUDIO\SRC\RELEASE\WSGLMSFUN.OBJ
C:\NCL_FROM_GITHUB\NCL_IN_VISUALSTUDIO\SRC\RELEASE\WSGLMX.OBJ
C:\NCL_FROM_GITHUB\NCL_IN_VISUALSTUDIO\SRC\RELEASE\WSGLMX2.OBJ
C:\NCL_FROM_GITHUB\NCL_IN_VISUALSTUDIO\SRC\RELEASE\WSGLOUT.OBJ
C:\NCL_FROM_GITHUB\NCL_IN_VISUALSTUDIO\SRC\RELEASE\WSGLOUT1.OBJ
C:\NCL_FROM_GITHUB\NCL_IN_VISUALSTUDIO\SRC\RELEASE\WSGLOUT2.OBJ
C:\NCL_FROM_GITHUB\NCL_IN_VISUALSTUDIO\SRC\RELEASE\WSGLPIK.OBJ
C:\NCL_FROM_GITHUB\NCL_IN_VISUALSTUDIO\SRC\RELEASE\WSGLPRINT.OBJ
C:\NCL_FROM_GITHUB\NCL_IN_VISUALSTUDIO\SRC\RELEASE\WSGLSEG.OBJ
C:\NCL_FROM_GITHUB\NCL_IN_VISUALSTUDIO\SRC\RELEASE\WSGLSHADE.OBJ
C:\NCL_FROM_GITHUB\NCL_IN_VISUALSTUDIO\SRC\RELEASE\WSGLTRAN.OBJ
C:\NCL_FROM_GITHUB\NCL_IN_VISUALSTUDIO\SRC\RELEASE\WSGLTRK.OBJ
C:\NCL_FROM_GITHUB\NCL_IN_VISUALSTUDIO\SRC\RELEASE\WSGLTRK2.OBJ
C:\NCL_FROM_GITHUB\NCL_IN_VISUALSTUDIO\SRC\RELEASE\WSGLWIN.OBJ
C:\NCL_FROM_GITHUB\NCL_IN_VISUALSTUDIO\SRC\RELEASE\WSHDIBAPI.OBJ
C:\NCL_FROM_GITHUB\NCL_IN_VISUALSTUDIO\SRC\RELEASE\WSIMGCNV.OBJ
C:\NCL_FROM_GITHUB\NCL_IN_VISUALSTUDIO\SRC\RELEASE\WSNCLDOCKBAR.OBJ
C:\NCL_FROM_GITHUB\NCL_IN_VISUALSTUDIO\SRC\RELEASE\WSNCLDOCKFRAME.OBJ
C:\NCL_FROM_GITHUB\NCL_IN_VISUALSTUDIO\SRC\RELEASE\WSNCLFRAME.OBJ
C:\NCL_FROM_GITHUB\NCL_IN_VISUALSTUDIO\SRC\RELEASE\WSNCLTOOLBAR.OBJ
C:\NCL_FROM_GITHUB\NCL_IN_VISUALSTUDIO\SRC\RELEASE\WSNTAPP.OBJ
C:\NCL_FROM_GITHUB\NCL_IN_VISUALSTUDIO\SRC\RELEASE\WSNTAREA.OBJ
C:\NCL_FROM_GITHUB\NCL_IN_VISUALSTUDIO\SRC\RELEASE\WSNTBITMAP.OBJ
C:\NCL_FROM_GITHUB\NCL_IN_VISUALSTUDIO\SRC\RELEASE\WSNTBMPBTN.OBJ
C:\NCL_FROM_GITHUB\NCL_IN_VISUALSTUDIO\SRC\RELEASE\WSNTCFUN.OBJ
C:\NCL_FROM_GITHUB\NCL_IN_VISUALSTUDIO\SRC\RELEASE\WSNTCLRBTN.OBJ
C:\NCL_FROM_GITHUB\NCL_IN_VISUALSTUDIO\SRC\RELEASE\WSNTCLRCELL.OBJ
C:\NCL_FROM_GITHUB\NCL_IN_VISUALSTUDIO\SRC\RELEASE\WSNTCLRDLG.OBJ
C:\NCL_FROM_GITHUB\NCL_IN_VISUALSTUDIO\SRC\RELEASE\WSNTCMDBAR.OBJ
C:\NCL_FROM_GITHUB\NCL_IN_VISUALSTUDIO\SRC\RELEASE\WSNTCTL.OBJ
C:\NCL_FROM_GITHUB\NCL_IN_VISUALSTUDIO\SRC\RELEASE\WSNTCURSOR.OBJ
C:\NCL_FROM_GITHUB\NCL_IN_VISUALSTUDIO\SRC\RELEASE\WSNTDDBUTTON.OBJ
C:\NCL_FROM_GITHUB\NCL_IN_VISUALSTUDIO\SRC\RELEASE\WSNTDDCLRBTN.OBJ
C:\NCL_FROM_GITHUB\NCL_IN_VISUALSTUDIO\SRC\RELEASE\WSNTDDCOMBO.OBJ
C:\NCL_FROM_GITHUB\NCL_IN_VISUALSTUDIO\SRC\RELEASE\WSNTDDEDIT.OBJ
C:\NCL_FROM_GITHUB\NCL_IN_VISUALSTUDIO\SRC\RELEASE\WSNTDDFORM.OBJ
C:\NCL_FROM_GITHUB\NCL_IN_VISUALSTUDIO\SRC\RELEASE\WSNTDDGROUP.OBJ
C:\NCL_FROM_GITHUB\NCL_IN_VISUALSTUDIO\SRC\RELEASE\WSNTDDLISTBOX.OBJ
C:\NCL_FROM_GITHUB\NCL_IN_VISUALSTUDIO\SRC\RELEASE\WSNTDDLSTCTL.OBJ
C:\NCL_FROM_GITHUB\NCL_IN_VISUALSTUDIO\SRC\RELEASE\WSNTDDLSTCTL2.OBJ
C:\NCL_FROM_GITHUB\NCL_IN_VISUALSTUDIO\SRC\RELEASE\WSNTDDPIC.OBJ
C:\NCL_FROM_GITHUB\NCL_IN_VISUALSTUDIO\SRC\RELEASE\WSNTDDPROCESS.OBJ
C:\NCL_FROM_GITHUB\NCL_IN_VISUALSTUDIO\SRC\RELEASE\WSNTDDSLIDER.OBJ
C:\NCL_FROM_GITHUB\NCL_IN_VISUALSTUDIO\SRC\RELEASE\WSNTDDSTATIC.OBJ
C:\NCL_FROM_GITHUB\NCL_IN_VISUALSTUDIO\SRC\RELEASE\WSNTDIR.OBJ
C:\NCL_FROM_GITHUB\NCL_IN_VISUALSTUDIO\SRC\RELEASE\WSNTDLGBAR.OBJ
C:\NCL_FROM_GITHUB\NCL_IN_VISUALSTUDIO\SRC\RELEASE\WSNTDLGITEM.OBJ
C:\NCL_FROM_GITHUB\NCL_IN_VISUALSTUDIO\SRC\RELEASE\WSNTDOC.OBJ
C:\NCL_FROM_GITHUB\NCL_IN_VISUALSTUDIO\SRC\RELEASE\WSNTDOCKCONT.OBJ
C:\NCL_FROM_GITHUB\NCL_IN_VISUALSTUDIO\SRC\RELEASE\WSNTDRAWBUTTON.OBJ
C:\NCL_FROM_GITHUB\NCL_IN_VISUALSTUDIO\SRC\RELEASE\WSNTDROPSOURCE.OBJ
C:\NCL_FROM_GITHUB\NCL_IN_VISUALSTUDIO\SRC\RELEASE\WSNTDROPTARGET.OBJ
C:\NCL_FROM_GITHUB\NCL_IN_VISUALSTUDIO\SRC\RELEASE\WSNTDUM.OBJ
C:\NCL_FROM_GITHUB\NCL_IN_VISUALSTUDIO\SRC\RELEASE\WSNTDYNINT.OBJ
C:\NCL_FROM_GITHUB\NCL_IN_VISUALSTUDIO\SRC\RELEASE\WSNTEDITCTL.OBJ
C:\NCL_FROM_GITHUB\NCL_IN_VISUALSTUDIO\SRC\RELEASE\WSNTEVENT.OBJ
C:\NCL_FROM_GITHUB\NCL_IN_VISUALSTUDIO\SRC\RELEASE\WSNTFDSNFRM.OBJ
C:\NCL_FROM_GITHUB\NCL_IN_VISUALSTUDIO\SRC\RELEASE\WSNTFDSNVIEW.OBJ
C:\NCL_FROM_GITHUB\NCL_IN_VISUALSTUDIO\SRC\RELEASE\WSNTFILE.OBJ
C:\NCL_FROM_GITHUB\NCL_IN_VISUALSTUDIO\SRC\RELEASE\WSNTFORM.OBJ
C:\NCL_FROM_GITHUB\NCL_IN_VISUALSTUDIO\SRC\RELEASE\WSNTFORM2.OBJ
C:\NCL_FROM_GITHUB\NCL_IN_VISUALSTUDIO\SRC\RELEASE\WSNTFORMBAR.OBJ
C:\NCL_FROM_GITHUB\NCL_IN_VISUALSTUDIO\SRC\RELEASE\WSNTFORMFRM.OBJ
C:\NCL_FROM_GITHUB\NCL_IN_VISUALSTUDIO\SRC\RELEASE\WSNTFORMFVIEW.OBJ
C:\NCL_FROM_GITHUB\NCL_IN_VISUALSTUDIO\SRC\RELEASE\WSNTFORMMVIEW.OBJ
C:\NCL_FROM_GITHUB\NCL_IN_VISUALSTUDIO\SRC\RELEASE\WSNTFORMPROP.OBJ
C:\NCL_FROM_GITHUB\NCL_IN_VISUALSTUDIO\SRC\RELEASE\WSNTFORMPVIEW.OBJ
C:\NCL_FROM_GITHUB\NCL_IN_VISUALSTUDIO\SRC\RELEASE\WSNTFORMVIEW.OBJ
C:\NCL_FROM_GITHUB\NCL_IN_VISUALSTUDIO\SRC\RELEASE\WSNTFRAME.OBJ
C:\NCL_FROM_GITHUB\NCL_IN_VISUALSTUDIO\SRC\RELEASE\WSNTFRMDOC.OBJ
C:\NCL_FROM_GITHUB\NCL_IN_VISUALSTUDIO\SRC\RELEASE\WSNTFSVIEW.OBJ
C:\NCL_FROM_GITHUB\NCL_IN_VISUALSTUDIO\SRC\RELEASE\WSNTGETTXT.OBJ
C:\NCL_FROM_GITHUB\NCL_IN_VISUALSTUDIO\SRC\RELEASE\WSNTGETTXT2.OBJ
C:\NCL_FROM_GITHUB\NCL_IN_VISUALSTUDIO\SRC\RELEASE\WSNTGPHWIN.OBJ
C:\NCL_FROM_GITHUB\NCL_IN_VISUALSTUDIO\SRC\RELEASE\WSNTGRAPHIC.OBJ
C:\NCL_FROM_GITHUB\NCL_IN_VISUALSTUDIO\SRC\RELEASE\WSNTHEADERCTRL.OBJ
C:\NCL_FROM_GITHUB\NCL_IN_VISUALSTUDIO\SRC\RELEASE\WSNTHLS.OBJ
C:\NCL_FROM_GITHUB\NCL_IN_VISUALSTUDIO\SRC\RELEASE\WSNTHUESATCHOOSER.OBJ
C:\NCL_FROM_GITHUB\NCL_IN_VISUALSTUDIO\SRC\RELEASE\WSNTICONLISTBOX.OBJ
C:\NCL_FROM_GITHUB\NCL_IN_VISUALSTUDIO\SRC\RELEASE\WSNTLAY.OBJ
C:\NCL_FROM_GITHUB\NCL_IN_VISUALSTUDIO\SRC\RELEASE\WSNTLSTCTL.OBJ
C:\NCL_FROM_GITHUB\NCL_IN_VISUALSTUDIO\SRC\RELEASE\WSNTLSTCTL2.OBJ
C:\NCL_FROM_GITHUB\NCL_IN_VISUALSTUDIO\SRC\RELEASE\WSNTLUMCHOOSER.OBJ
C:\NCL_FROM_GITHUB\NCL_IN_VISUALSTUDIO\SRC\RELEASE\WSNTMDESGN.OBJ
C:\NCL_FROM_GITHUB\NCL_IN_VISUALSTUDIO\SRC\RELEASE\WSNTMDROPTARGET.OBJ
C:\NCL_FROM_GITHUB\NCL_IN_VISUALSTUDIO\SRC\RELEASE\WSNTMDROPTARGET2.OBJ
C:\NCL_FROM_GITHUB\NCL_IN_VISUALSTUDIO\SRC\RELEASE\WSNTMENU.OBJ
C:\NCL_FROM_GITHUB\NCL_IN_VISUALSTUDIO\SRC\RELEASE\WSNTMENUDSNDLG.OBJ
C:\NCL_FROM_GITHUB\NCL_IN_VISUALSTUDIO\SRC\RELEASE\WSNTMMAP.OBJ
C:\NCL_FROM_GITHUB\NCL_IN_VISUALSTUDIO\SRC\RELEASE\WSNTMODALFRAME.OBJ
C:\NCL_FROM_GITHUB\NCL_IN_VISUALSTUDIO\SRC\RELEASE\WSNTNCL.RES
C:\NCL_FROM_GITHUB\NCL_IN_VISUALSTUDIO\SRC\RELEASE\WSNTNCLBUTTON.OBJ
C:\NCL_FROM_GITHUB\NCL_IN_VISUALSTUDIO\SRC\RELEASE\WSNTOPT.OBJ
C:\NCL_FROM_GITHUB\NCL_IN_VISUALSTUDIO\SRC\RELEASE\WSNTPALETTECTL.OBJ
C:\NCL_FROM_GITHUB\NCL_IN_VISUALSTUDIO\SRC\RELEASE\WSNTPALETTEWND.OBJ
C:\NCL_FROM_GITHUB\NCL_IN_VISUALSTUDIO\SRC\RELEASE\WSNTPICSEL.OBJ
C:\NCL_FROM_GITHUB\NCL_IN_VISUALSTUDIO\SRC\RELEASE\WSNTPKTWIN.OBJ
C:\NCL_FROM_GITHUB\NCL_IN_VISUALSTUDIO\SRC\RELEASE\WSNTPMENU.OBJ
C:\NCL_FROM_GITHUB\NCL_IN_VISUALSTUDIO\SRC\RELEASE\WSNTPOCKET.OBJ
C:\NCL_FROM_GITHUB\NCL_IN_VISUALSTUDIO\SRC\RELEASE\WSNTSECBTN.OBJ
C:\NCL_FROM_GITHUB\NCL_IN_VISUALSTUDIO\SRC\RELEASE\WSNTSECPROP.OBJ
C:\NCL_FROM_GITHUB\NCL_IN_VISUALSTUDIO\SRC\RELEASE\WSNTSIGNON.OBJ
C:\NCL_FROM_GITHUB\NCL_IN_VISUALSTUDIO\SRC\RELEASE\WSNTSLIDERCTRL.OBJ
C:\NCL_FROM_GITHUB\NCL_IN_VISUALSTUDIO\SRC\RELEASE\WSNTSMOUSE.OBJ
C:\NCL_FROM_GITHUB\NCL_IN_VISUALSTUDIO\SRC\RELEASE\WSNTSTATBTN.OBJ
C:\NCL_FROM_GITHUB\NCL_IN_VISUALSTUDIO\SRC\RELEASE\WSNTSTATUSBAR.OBJ
C:\NCL_FROM_GITHUB\NCL_IN_VISUALSTUDIO\SRC\RELEASE\WSNTTBLST.OBJ
C:\NCL_FROM_GITHUB\NCL_IN_VISUALSTUDIO\SRC\RELEASE\WSNTTMENU.OBJ
C:\NCL_FROM_GITHUB\NCL_IN_VISUALSTUDIO\SRC\RELEASE\WSNTTOOLTIP.OBJ
C:\NCL_FROM_GITHUB\NCL_IN_VISUALSTUDIO\SRC\RELEASE\WSNTTRM.OBJ
C:\NCL_FROM_GITHUB\NCL_IN_VISUALSTUDIO\SRC\RELEASE\WSNTTXTWIN.OBJ
C:\NCL_FROM_GITHUB\NCL_IN_VISUALSTUDIO\SRC\RELEASE\WSNTVIEW.OBJ
C:\NCL_FROM_GITHUB\NCL_IN_VISUALSTUDIO\SRC\RELEASE\XE1GTENV.OBJ
C:\NCL_FROM_GITHUB\NCL_IN_VISUALSTUDIO\SRC\RELEASE\XE1PATHS.OBJ
C:\NCL_FROM_GITHUB\NCL_IN_VISUALSTUDIO\SRC\RELEASE\XF0UDOS0.OBJ
C:\NCL_FROM_GITHUB\NCL_IN_VISUALSTUDIO\SRC\RELEASE\XF1FAREA.OBJ
C:\NCL_FROM_GITHUB\NCL_IN_VISUALSTUDIO\SRC\RELEASE\XF1FILES.OBJ
C:\NCL_FROM_GITHUB\NCL_IN_VISUALSTUDIO\SRC\RELEASE\XUF1LOGF.OBJ
C:\NCL_FROM_GITHUB\NCL_IN_VISUALSTUDIO\SRC\RELEASE\XUF2LIBS.OBJ
C:\NCL_FROM_GITHUB\NCL_IN_VISUALSTUDIO\SRC\RELEASE\XUF2LIST.OBJ
C:\NCL_FROM_GITHUB\NCL_IN_VISUALSTUDIO\SRC\RELEASE\YCLFILE.OBJ
C:\NCL_FROM_GITHUB\NCL_IN_VISUALSTUDIO\SRC\RELEASE\YDEBUGA.OBJ
C:\NCL_FROM_GITHUB\NCL_IN_VISUALSTUDIO\SRC\RELEASE\YDEBUGB.OBJ
C:\NCL_FROM_GITHUB\NCL_IN_VISUALSTUDIO\SRC\RELEASE\YDEBUGC.OBJ
C:\NCL_FROM_GITHUB\NCL_IN_VISUALSTUDIO\SRC\RELEASE\YFORTRAN.OBJ
C:\NCL_FROM_GITHUB\NCL_IN_VISUALSTUDIO\SRC\RELEASE\YMDLATTRIB.OBJ
C:\NCL_FROM_GITHUB\NCL_IN_VISUALSTUDIO\SRC\RELEASE\YMDLGET.OBJ
C:\NCL_FROM_GITHUB\NCL_IN_VISUALSTUDIO\SRC\RELEASE\YMDLPUT.OBJ
C:\NCL_FROM_GITHUB\NCL_IN_VISUALSTUDIO\SRC\RELEASE\YMODEL.OBJ
C:\NCL_FROM_GITHUB\NCL_IN_VISUALSTUDIO\SRC\RELEASE\YMOTION.OBJ
C:\NCL_FROM_GITHUB\NCL_IN_VISUALSTUDIO\SRC\RELEASE\YMOTMDL.OBJ
C:\NCL_FROM_GITHUB\NCL_IN_VISUALSTUDIO\SRC\RELEASE\YMOTRTN.OBJ
C:\NCL_FROM_GITHUB\NCL_IN_VISUALSTUDIO\SRC\RELEASE\YMOTSUP.OBJ
C:\NCL_FROM_GITHUB\NCL_IN_VISUALSTUDIO\SRC\RELEASE\YUNIBASE.OBJ
C:\NCL_FROM_GITHUB\NCL_IN_VISUALSTUDIO\SRC\RELEASE\YUSER.OBJ
C:\NCL_FROM_GITHUB\NCL_IN_VISUALSTUDIO\SRC\RELEASE\ZAPPHEP.OBJ
C:\NCL_FROM_GITHUB\NCL_IN_VISUALSTUDIO\SRC\RELEASE\ZAPPINIT.OBJ
C:\NCL_FROM_GITHUB\NCL_IN_VISUALSTUDIO\SRC\RELEASE\ZMISC.OBJ
C:\NCL_FROM_GITHUB\NCL_IN_VISUALSTUDIO\SRC\RELEASE\ZNUINIT.OBJ
C:\NCL_FROM_GITHUB\NCL_IN_VISUALSTUDIO\SRC\RELEASE\ZRP.OBJ
C:\NCL_FROM_GITHUB\NCL_IN_VISUALSTUDIO\SRC\RELEASE\ZSAXGRID.OBJ
C:\NCL_FROM_GITHUB\NCL_IN_VISUALSTUDIO\SRC\RELEASE\ZSDRAFT.OBJ
C:\NCL_FROM_GITHUB\NCL_IN_VISUALSTUDIO\SRC\RELEASE\ZSEDIT.OBJ
C:\NCL_FROM_GITHUB\NCL_IN_VISUALSTUDIO\SRC\RELEASE\ZSFLMGMT.OBJ
C:\NCL_FROM_GITHUB\NCL_IN_VISUALSTUDIO\SRC\RELEASE\ZSNCLMOTN.OBJ
C:\NCL_FROM_GITHUB\NCL_IN_VISUALSTUDIO\SRC\RELEASE\ZSSELECT.OBJ
C:\NCL_FROM_GITHUB\NCL_IN_VISUALSTUDIO\SRC\RELEASE\ZSSURFAC.OBJ
C:\NCL_FROM_GITHUB\NCL_IN_VISUALSTUDIO\SRC\RELEASE\ZSSYMMGT.OBJ
C:\NCL_FROM_GITHUB\NCL_IN_VISUALSTUDIO\SRC\RELEASE\ZSTAT.OBJ
C:\NCL_FROM_GITHUB\NCL_IN_VISUALSTUDIO\SRC\RELEASE\ZSTAT2.OBJ
C:\NCL_FROM_GITHUB\NCL_IN_VISUALSTUDIO\SRC\RELEASE\ZSVIEW.OBJ
C:\NCL_FROM_GITHUB\NCL_IN_VISUALSTUDIO\SRC\RELEASE\ZUNI.OBJ
C:\NCL_FROM_GITHUB\NCL_IN_VISUALSTUDIO\SRC\RELEASE\ZUSERCALLS.OBJ
C:\NCL_FROM_GITHUB\NCL_IN_VISUALSTUDIO\SRC\RELEASE\ZUSERKEYS.OBJ
C:\NCL_FROM_GITHUB\NCL_IN_VISUALSTUDIO\SRC\RELEASE\ZWNTCALLS.OBJ
